2026-06-15 21:33:48 - INFO - Namespace(dataset='f30k', embed_size=1536, img_res=224, change_lr=0.1, sim='i2t', lora_type='all', imageEncoder_type='vit', freeze_backbone=False, lora=False, cut_size=384, distill=False, text_mask_rate=0.15, max_word=100, batch_size=128, workers=4, learning_rate=0.0002, multi_gpu=0, gpu_id=0, seed=0, num_epochs=30, margin=0.3, gpo_size1=32, gpo_size2=32, loss_type='vse', grad_clip=2.0, max_violation=False, vse_mean_warmup_epochs=1, embedding_warmup_epochs=0, data_path='data', log_step=200, val_step=500, f30k_img_path='data/flickr30k_images', coco_img_path='data/coco_images', self_img_path='data/self_images', world_size=1, rank=0, local_rank=0, token_compress=False, dist_backend='nccl', dist_url='env://', size_augment=1, eval=1, save_results=1, evaluate_cxc=0, bert_path='../weights_models/bert-base-uncased', hugging_face=True, shard_size=256, model_name='log/20260615-213348', logger_name='log/20260615-213348')
2026-06-15 21:33:49 - INFO - HTTP Request: HEAD https://hf-mirror.com/bert-base-uncased/resolve/main/tokenizer_config.json "HTTP/1.1 200 OK"
2026-06-15 21:33:49 - INFO - HTTP Request: GET https://hf-mirror.com/api/models/bert-base-uncased/tree/main/additional_chat_templates?recursive=false&expand=false "HTTP/1.1 307 Temporary Redirect"
2026-06-15 21:33:49 - INFO - HTTP Request: GET https://hf-mirror.com/api/models/google-bert/bert-base-uncased/tree/main/additional_chat_templates?recursive=false&expand=false "HTTP/1.1 404 Not Found"
2026-06-15 21:33:50 - INFO - HTTP Request: GET https://hf-mirror.com/api/models/bert-base-uncased/tree/main?recursive=true&expand=false "HTTP/1.1 307 Temporary Redirect"
2026-06-15 21:33:50 - INFO - HTTP Request: GET https://hf-mirror.com/api/models/google-bert/bert-base-uncased/tree/main?recursive=true&expand=false "HTTP/1.1 200 OK"
2026-06-15 21:33:50 - INFO - HTTP Request: HEAD https://hf-mirror.com/google/vit-base-patch16-224-in21k/resolve/main/config.json "HTTP/1.1 307 Temporary Redirect"
2026-06-15 21:33:50 - INFO - HTTP Request: HEAD https://hf-mirror.com/api/resolve-cache/models/google/vit-base-patch16-224-in21k/b4569560a39a0f1af58e3ddaf17facf20ab919b0/config.json "HTTP/1.1 200 OK"
2026-06-15 21:33:50 - INFO - HTTP Request: HEAD https://hf-mirror.com/google/vit-base-patch16-224-in21k/resolve/main/config.json "HTTP/1.1 307 Temporary Redirect"
2026-06-15 21:33:51 - INFO - HTTP Request: HEAD https://hf-mirror.com/api/resolve-cache/models/google/vit-base-patch16-224-in21k/b4569560a39a0f1af58e3ddaf17facf20ab919b0/config.json "HTTP/1.1 200 OK"
2026-06-15 21:33:51 - INFO - HTTP Request: HEAD https://hf-mirror.com/google/vit-base-patch16-224-in21k/resolve/main/model.safetensors "HTTP/1.1 302 Found"
2026-06-15 21:33:51 - INFO - HTTP Request: HEAD https://hf-mirror.com/bert-base-uncased/resolve/main/config.json "HTTP/1.1 200 OK"
2026-06-15 21:33:52 - INFO - HTTP Request: HEAD https://hf-mirror.com/bert-base-uncased/resolve/main/config.json "HTTP/1.1 200 OK"
2026-06-15 21:33:52 - INFO - HTTP Request: HEAD https://hf-mirror.com/bert-base-uncased/resolve/main/model.safetensors "HTTP/1.1 302 Found"
2026-06-15 21:33:52 - INFO - Log saving path: log/20260615-213348
2026-06-15 21:33:52 - INFO - Models saving path: log/20260615-213348
2026-06-15 21:33:52 - INFO - Epoch 0: LR adjusted to 2.00e-05 (base: 2.00e-04)
2026-06-15 21:33:52 - INFO - image encoder trainable parameters: 84.66M
2026-06-15 21:33:52 - INFO - txt encoder trainable parameters: 113.44M
2026-06-15 21:34:12 - INFO - The first epoch for training backbone, warmup alpha for loss is 0
2026-06-15 21:34:12 - INFO - Epoch: [0][100/1132]	Iter 199  lr 2e-05  Loss 732.2218 (3326.9509)	Batch-Time 0.18 (0.20)	Data 0.009 (0.014)	
2026-06-15 21:34:30 - INFO - The first epoch for training backbone, warmup alpha for loss is 0
2026-06-15 21:34:30 - INFO - Epoch: [0][200/1132]	Iter 399  lr 2e-05  Loss 520.5347 (1977.8096)	Batch-Time 0.18 (0.19)	Data 0.009 (0.011)	
2026-06-15 21:34:48 - INFO - The first epoch for training backbone, warmup alpha for loss is 0
2026-06-15 21:34:48 - INFO - Epoch: [0][300/1132]	Iter 599  lr 2e-05  Loss 529.4690 (1486.1191)	Batch-Time 0.18 (0.19)	Data 0.008 (0.010)	
2026-06-15 21:35:06 - INFO - The first epoch for training backbone, warmup alpha for loss is 0
2026-06-15 21:35:06 - INFO - Epoch: [0][400/1132]	Iter 799  lr 2e-05  Loss 430.2370 (1233.6331)	Batch-Time 0.19 (0.18)	Data 0.009 (0.010)	
2026-06-15 21:35:24 - INFO - The first epoch for training backbone, warmup alpha for loss is 0
2026-06-15 21:35:24 - INFO - Epoch: [0][500/1132]	Iter 999  lr 2e-05  Loss 336.8056 (1068.4554)	Batch-Time 0.18 (0.18)	Data 0.009 (0.010)	
2026-06-15 21:35:42 - INFO - The first epoch for training backbone, warmup alpha for loss is 0
2026-06-15 21:35:42 - INFO - Epoch: [0][600/1132]	Iter 1199  lr 2e-05  Loss 398.5037 (955.7674)	Batch-Time 0.18 (0.18)	Data 0.009 (0.009)	
2026-06-15 21:36:00 - INFO - The first epoch for training backbone, warmup alpha for loss is 0
2026-06-15 21:36:00 - INFO - Epoch: [0][700/1132]	Iter 1399  lr 2e-05  Loss 424.8269 (869.0641)	Batch-Time 0.18 (0.18)	Data 0.009 (0.009)	
2026-06-15 21:36:18 - INFO - The first epoch for training backbone, warmup alpha for loss is 0
2026-06-15 21:36:18 - INFO - Epoch: [0][800/1132]	Iter 1599  lr 2e-05  Loss 289.6238 (798.8970)	Batch-Time 0.18 (0.18)	Data 0.009 (0.009)	
2026-06-15 21:36:36 - INFO - The first epoch for training backbone, warmup alpha for loss is 0
2026-06-15 21:36:36 - INFO - Epoch: [0][900/1132]	Iter 1799  lr 2e-05  Loss 270.7642 (742.8572)	Batch-Time 0.19 (0.18)	Data 0.007 (0.009)	
2026-06-15 21:36:55 - INFO - The first epoch for training backbone, warmup alpha for loss is 0
2026-06-15 21:36:55 - INFO - Epoch: [0][1000/1132]	Iter 1999  lr 2e-05  Loss 426.5575 (698.4086)	Batch-Time 0.18 (0.18)	Data 0.009 (0.009)	
2026-06-15 21:37:13 - INFO - The first epoch for training backbone, warmup alpha for loss is 0
2026-06-15 21:37:13 - INFO - Epoch: [0][1100/1132]	Iter 2199  lr 2e-05  Loss 343.6440 (661.1900)	Batch-Time 0.18 (0.18)	Data 0.009 (0.009)	
2026-06-15 21:37:19 - INFO - Test: [0/40]		Batch-Time 0.887 (0.887)	
2026-06-15 21:37:24 - INFO - calculate similarity time: 0.134
2026-06-15 21:37:24 - INFO - Image to text (R@1, R@5, R@10): 48.3, 79.5, 89.2
2026-06-15 21:37:24 - INFO - Text to image (R@1, R@5, R@10): 40.5, 72.3, 83.7
2026-06-15 21:37:24 - INFO - Current rsum is 413.5
2026-06-15 21:37:24 - INFO - Epoch: [0], Best rsum: 413.5 

2026-06-15 21:37:25 - INFO - Epoch 1: LR adjusted to 1.99e-05 (base: 2.00e-04)
2026-06-15 21:37:38 - INFO - Epoch: [1][68/1132]	Iter 2399  lr 1.9947958005998597e-05  Loss 52.4632 (51.6519)	Batch-Time 0.18 (0.19)	Data 0.009 (0.017)	
2026-06-15 21:37:56 - INFO - Epoch: [1][168/1132]	Iter 2599  lr 1.9947958005998597e-05  Loss 47.7121 (50.7940)	Batch-Time 0.18 (0.18)	Data 0.008 (0.012)	
2026-06-15 21:38:14 - INFO - Epoch: [1][268/1132]	Iter 2799  lr 1.9947958005998597e-05  Loss 50.6083 (49.5069)	Batch-Time 0.18 (0.18)	Data 0.009 (0.011)	
2026-06-15 21:38:32 - INFO - Epoch: [1][368/1132]	Iter 2999  lr 1.9947958005998597e-05  Loss 49.3101 (48.4848)	Batch-Time 0.17 (0.18)	Data 0.009 (0.010)	
2026-06-15 21:38:50 - INFO - Epoch: [1][468/1132]	Iter 3199  lr 1.9947958005998597e-05  Loss 49.5191 (47.5044)	Batch-Time 0.18 (0.18)	Data 0.009 (0.010)	
2026-06-15 21:39:08 - INFO - Epoch: [1][568/1132]	Iter 3399  lr 1.9947958005998597e-05  Loss 54.2174 (46.7358)	Batch-Time 0.18 (0.18)	Data 0.009 (0.010)	
2026-06-15 21:39:39 - INFO - Epoch: [1][668/1132]	Iter 3599  lr 1.9947958005998597e-05  Loss 43.5174 (45.9397)	Batch-Time 0.36 (0.20)	Data 0.022 (0.011)	
2026-06-15 21:40:16 - INFO - Epoch: [1][768/1132]	Iter 3799  lr 1.9947958005998597e-05  Loss 41.7375 (45.2498)	Batch-Time 0.39 (0.22)	Data 0.013 (0.012)	
2026-06-15 21:40:53 - INFO - Epoch: [1][868/1132]	Iter 3999  lr 1.9947958005998597e-05  Loss 42.9441 (44.6961)	Batch-Time 0.38 (0.24)	Data 0.013 (0.013)	
2026-06-15 21:41:12 - INFO - Epoch: [1][968/1132]	Iter 4199  lr 1.9947958005998597e-05  Loss 37.1071 (44.0943)	Batch-Time 0.18 (0.23)	Data 0.009 (0.013)	
2026-06-15 21:41:30 - INFO - Epoch: [1][1068/1132]	Iter 4399  lr 1.9947958005998597e-05  Loss 35.2831 (43.4491)	Batch-Time 0.18 (0.23)	Data 0.009 (0.012)	
2026-06-15 21:41:42 - INFO - Test: [0/40]		Batch-Time 0.817 (0.817)	
2026-06-15 21:41:47 - INFO - calculate similarity time: 0.075
2026-06-15 21:41:47 - INFO - Image to text (R@1, R@5, R@10): 67.9, 90.4, 94.7
2026-06-15 21:41:47 - INFO - Text to image (R@1, R@5, R@10): 55.5, 84.0, 90.4
2026-06-15 21:41:47 - INFO - Current rsum is 483.0
2026-06-15 21:41:47 - INFO - Epoch: [1], Best rsum: 483.0 

2026-06-15 21:41:48 - INFO - Epoch 2: LR adjusted to 1.98e-05 (base: 2.00e-04)
2026-06-15 21:41:56 - INFO - Epoch: [2][36/1132]	Iter 4599  lr 1.9792402206971155e-05  Loss 34.4635 (31.6988)	Batch-Time 0.18 (0.20)	Data 0.009 (0.024)	
2026-06-15 21:42:18 - INFO - Epoch: [2][136/1132]	Iter 4799  lr 1.9792402206971155e-05  Loss 24.1787 (31.5037)	Batch-Time 0.37 (0.22)	Data 0.022 (0.015)	
2026-06-15 21:42:55 - INFO - Epoch: [2][236/1132]	Iter 4999  lr 1.9792402206971155e-05  Loss 27.7943 (31.4346)	Batch-Time 0.36 (0.28)	Data 0.020 (0.018)	
2026-06-15 21:43:32 - INFO - Epoch: [2][336/1132]	Iter 5199  lr 1.9792402206971155e-05  Loss 27.4609 (31.3797)	Batch-Time 0.34 (0.31)	Data 0.012 (0.019)	
2026-06-15 21:43:59 - INFO - Epoch: [2][436/1132]	Iter 5399  lr 1.9792402206971155e-05  Loss 27.1940 (31.2838)	Batch-Time 0.18 (0.30)	Data 0.009 (0.018)	
2026-06-15 21:44:17 - INFO - Epoch: [2][536/1132]	Iter 5599  lr 1.9792402206971155e-05  Loss 24.7097 (31.1410)	Batch-Time 0.18 (0.28)	Data 0.009 (0.016)	
2026-06-15 21:44:35 - INFO - Epoch: [2][636/1132]	Iter 5799  lr 1.9792402206971155e-05  Loss 24.8831 (31.2153)	Batch-Time 0.18 (0.26)	Data 0.009 (0.015)	
2026-06-15 21:44:53 - INFO - Epoch: [2][736/1132]	Iter 5999  lr 1.9792402206971155e-05  Loss 29.9023 (31.1794)	Batch-Time 0.19 (0.25)	Data 0.009 (0.014)	
2026-06-15 21:45:11 - INFO - Epoch: [2][836/1132]	Iter 6199  lr 1.9792402206971155e-05  Loss 31.2961 (31.2157)	Batch-Time 0.18 (0.24)	Data 0.009 (0.013)	
2026-06-15 21:45:29 - INFO - Epoch: [2][936/1132]	Iter 6399  lr 1.9792402206971155e-05  Loss 33.4264 (31.1089)	Batch-Time 0.18 (0.24)	Data 0.009 (0.013)	
2026-06-15 21:45:47 - INFO - Epoch: [2][1036/1132]	Iter 6599  lr 1.9792402206971155e-05  Loss 34.2798 (30.9215)	Batch-Time 0.18 (0.23)	Data 0.008 (0.012)	
2026-06-15 21:46:05 - INFO - Test: [0/40]		Batch-Time 0.931 (0.931)	
2026-06-15 21:46:10 - INFO - calculate similarity time: 0.061
2026-06-15 21:46:10 - INFO - Image to text (R@1, R@5, R@10): 71.5, 91.6, 96.2
2026-06-15 21:46:10 - INFO - Text to image (R@1, R@5, R@10): 59.1, 86.0, 91.9
2026-06-15 21:46:10 - INFO - Current rsum is 496.3
2026-06-15 21:46:10 - INFO - Epoch: [2], Best rsum: 496.3 

2026-06-15 21:46:12 - INFO - Epoch 3: LR adjusted to 1.95e-05 (base: 2.00e-04)
2026-06-15 21:46:13 - INFO - Epoch: [3][4/1132]	Iter 6799  lr 1.9535036904803962e-05  Loss 22.5544 (25.2774)	Batch-Time 0.19 (0.34)	Data 0.009 (0.172)	
2026-06-15 21:46:31 - INFO - Epoch: [3][104/1132]	Iter 6999  lr 1.9535036904803962e-05  Loss 18.4424 (26.7712)	Batch-Time 0.18 (0.19)	Data 0.009 (0.015)	
2026-06-15 21:46:49 - INFO - Epoch: [3][204/1132]	Iter 7199  lr 1.9535036904803962e-05  Loss 19.7330 (26.5270)	Batch-Time 0.18 (0.18)	Data 0.009 (0.012)	
2026-06-15 21:47:25 - INFO - Epoch: [3][304/1132]	Iter 7399  lr 1.9535036904803962e-05  Loss 32.4182 (26.4428)	Batch-Time 0.35 (0.24)	Data 0.021 (0.014)	
2026-06-15 21:48:02 - INFO - Epoch: [3][404/1132]	Iter 7599  lr 1.9535036904803962e-05  Loss 22.6322 (26.3995)	Batch-Time 0.37 (0.27)	Data 0.021 (0.016)	
2026-06-15 21:48:35 - INFO - Epoch: [3][504/1132]	Iter 7799  lr 1.9535036904803962e-05  Loss 28.3687 (26.3752)	Batch-Time 0.18 (0.28)	Data 0.009 (0.017)	
2026-06-15 21:48:53 - INFO - Epoch: [3][604/1132]	Iter 7999  lr 1.9535036904803962e-05  Loss 29.5071 (26.3879)	Batch-Time 0.18 (0.27)	Data 0.009 (0.015)	
2026-06-15 21:49:11 - INFO - Epoch: [3][704/1132]	Iter 8199  lr 1.9535036904803962e-05  Loss 28.7423 (26.3724)	Batch-Time 0.18 (0.25)	Data 0.009 (0.014)	
2026-06-15 21:49:31 - INFO - Epoch: [3][804/1132]	Iter 8399  lr 1.9535036904803962e-05  Loss 22.7548 (26.2674)	Batch-Time 0.35 (0.25)	Data 0.021 (0.014)	
2026-06-15 21:50:08 - INFO - Epoch: [3][904/1132]	Iter 8599  lr 1.9535036904803962e-05  Loss 25.3303 (26.1192)	Batch-Time 0.35 (0.26)	Data 0.022 (0.014)	
2026-06-15 21:50:45 - INFO - Epoch: [3][1004/1132]	Iter 8799  lr 1.9535036904803962e-05  Loss 23.7670 (25.9745)	Batch-Time 0.36 (0.27)	Data 0.021 (0.015)	
2026-06-15 21:51:14 - INFO - Epoch: [3][1104/1132]	Iter 8999  lr 1.9535036904803962e-05  Loss 25.1295 (25.8007)	Batch-Time 0.18 (0.27)	Data 0.007 (0.015)	
2026-06-15 21:51:20 - INFO - Test: [0/40]		Batch-Time 0.816 (0.816)	
2026-06-15 21:51:25 - INFO - calculate similarity time: 0.067
2026-06-15 21:51:25 - INFO - Image to text (R@1, R@5, R@10): 73.4, 93.3, 96.7
2026-06-15 21:51:25 - INFO - Text to image (R@1, R@5, R@10): 62.2, 87.3, 92.5
2026-06-15 21:51:25 - INFO - Current rsum is 505.4
2026-06-15 21:51:25 - INFO - Epoch: [3], Best rsum: 505.4 

2026-06-15 21:51:26 - INFO - Epoch 4: LR adjusted to 1.92e-05 (base: 2.00e-04)
2026-06-15 21:51:40 - INFO - Epoch: [4][72/1132]	Iter 9199  lr 1.917868184760471e-05  Loss 27.4289 (22.4307)	Batch-Time 0.18 (0.19)	Data 0.009 (0.017)	
2026-06-15 21:51:58 - INFO - Epoch: [4][172/1132]	Iter 9399  lr 1.917868184760471e-05  Loss 18.0651 (22.0004)	Batch-Time 0.20 (0.18)	Data 0.009 (0.012)	
2026-06-15 21:52:16 - INFO - Epoch: [4][272/1132]	Iter 9599  lr 1.917868184760471e-05  Loss 20.9766 (21.8683)	Batch-Time 0.17 (0.18)	Data 0.009 (0.011)	
2026-06-15 21:52:34 - INFO - Epoch: [4][372/1132]	Iter 9799  lr 1.917868184760471e-05  Loss 21.9518 (21.8966)	Batch-Time 0.18 (0.18)	Data 0.009 (0.010)	
2026-06-15 21:52:52 - INFO - Epoch: [4][472/1132]	Iter 9999  lr 1.917868184760471e-05  Loss 21.4715 (21.9074)	Batch-Time 0.18 (0.18)	Data 0.008 (0.010)	
2026-06-15 21:53:10 - INFO - Epoch: [4][572/1132]	Iter 10199  lr 1.917868184760471e-05  Loss 23.2392 (21.9145)	Batch-Time 0.18 (0.18)	Data 0.008 (0.009)	
2026-06-15 21:53:28 - INFO - Epoch: [4][672/1132]	Iter 10399  lr 1.917868184760471e-05  Loss 15.6804 (21.8612)	Batch-Time 0.18 (0.18)	Data 0.009 (0.009)	
2026-06-15 21:53:46 - INFO - Epoch: [4][772/1132]	Iter 10599  lr 1.917868184760471e-05  Loss 21.9035 (21.8971)	Batch-Time 0.18 (0.18)	Data 0.009 (0.009)	
2026-06-15 21:54:04 - INFO - Epoch: [4][872/1132]	Iter 10799  lr 1.917868184760471e-05  Loss 24.4556 (21.9247)	Batch-Time 0.18 (0.18)	Data 0.009 (0.009)	
2026-06-15 21:54:22 - INFO - Epoch: [4][972/1132]	Iter 10999  lr 1.917868184760471e-05  Loss 20.2590 (21.9705)	Batch-Time 0.18 (0.18)	Data 0.009 (0.009)	
2026-06-15 21:54:40 - INFO - Epoch: [4][1072/1132]	Iter 11199  lr 1.917868184760471e-05  Loss 17.0480 (22.0154)	Batch-Time 0.18 (0.18)	Data 0.009 (0.009)	
2026-06-15 21:54:52 - INFO - Test: [0/40]		Batch-Time 0.829 (0.828)	
2026-06-15 21:54:56 - INFO - calculate similarity time: 0.060
2026-06-15 21:54:56 - INFO - Image to text (R@1, R@5, R@10): 76.1, 94.3, 97.3
2026-06-15 21:54:56 - INFO - Text to image (R@1, R@5, R@10): 62.4, 87.4, 92.7
2026-06-15 21:54:56 - INFO - Current rsum is 510.1
2026-06-15 21:54:56 - INFO - Epoch: [4], Best rsum: 510.1 

2026-06-15 21:54:57 - INFO - Epoch 5: LR adjusted to 1.87e-05 (base: 2.00e-04)
2026-06-15 21:55:05 - INFO - Epoch: [5][40/1132]	Iter 11399  lr 1.872724133595217e-05  Loss 24.9355 (20.1288)	Batch-Time 0.18 (0.20)	Data 0.007 (0.026)	
2026-06-15 21:55:23 - INFO - Epoch: [5][140/1132]	Iter 11599  lr 1.872724133595217e-05  Loss 15.3604 (20.1555)	Batch-Time 0.18 (0.19)	Data 0.009 (0.013)	
2026-06-15 21:55:41 - INFO - Epoch: [5][240/1132]	Iter 11799  lr 1.872724133595217e-05  Loss 24.5621 (20.0508)	Batch-Time 0.18 (0.18)	Data 0.009 (0.011)	
2026-06-15 21:55:59 - INFO - Epoch: [5][340/1132]	Iter 11999  lr 1.872724133595217e-05  Loss 21.1574 (19.9853)	Batch-Time 0.18 (0.18)	Data 0.009 (0.010)	
2026-06-15 21:56:17 - INFO - Epoch: [5][440/1132]	Iter 12199  lr 1.872724133595217e-05  Loss 22.8460 (20.1342)	Batch-Time 0.18 (0.18)	Data 0.008 (0.010)	
2026-06-15 21:56:35 - INFO - Epoch: [5][540/1132]	Iter 12399  lr 1.872724133595217e-05  Loss 17.7511 (20.0397)	Batch-Time 0.18 (0.18)	Data 0.009 (0.010)	
2026-06-15 21:56:53 - INFO - Epoch: [5][640/1132]	Iter 12599  lr 1.872724133595217e-05  Loss 19.3900 (19.9144)	Batch-Time 0.19 (0.18)	Data 0.009 (0.010)	
2026-06-15 21:57:11 - INFO - Epoch: [5][740/1132]	Iter 12799  lr 1.872724133595217e-05  Loss 19.3477 (19.8432)	Batch-Time 0.17 (0.18)	Data 0.009 (0.009)	
2026-06-15 21:57:29 - INFO - Epoch: [5][840/1132]	Iter 12999  lr 1.872724133595217e-05  Loss 20.4702 (19.8039)	Batch-Time 0.18 (0.18)	Data 0.009 (0.009)	
2026-06-15 21:57:47 - INFO - Epoch: [5][940/1132]	Iter 13199  lr 1.872724133595217e-05  Loss 18.9429 (19.6904)	Batch-Time 0.19 (0.18)	Data 0.008 (0.009)	
2026-06-15 21:58:06 - INFO - Epoch: [5][1040/1132]	Iter 13399  lr 1.872724133595217e-05  Loss 17.6943 (19.6566)	Batch-Time 0.18 (0.18)	Data 0.009 (0.009)	
2026-06-15 21:58:23 - INFO - Test: [0/40]		Batch-Time 0.916 (0.916)	
2026-06-15 21:58:30 - INFO - calculate similarity time: 0.564
2026-06-15 21:58:30 - INFO - Image to text (R@1, R@5, R@10): 75.5, 93.5, 97.4
2026-06-15 21:58:30 - INFO - Text to image (R@1, R@5, R@10): 62.4, 87.9, 93.2
2026-06-15 21:58:30 - INFO - Current rsum is 509.8
2026-06-15 21:58:30 - INFO - Epoch: [5], Best rsum: 510.1 

2026-06-15 21:58:30 - INFO - Epoch 6: LR adjusted to 1.82e-05 (base: 2.00e-04)
2026-06-15 21:58:34 - INFO - Epoch: [6][8/1132]	Iter 13599  lr 1.8185661446562e-05  Loss 18.5968 (17.9607)	Batch-Time 0.39 (0.50)	Data 0.022 (0.139)	
2026-06-15 21:59:11 - INFO - Epoch: [6][108/1132]	Iter 13799  lr 1.8185661446562e-05  Loss 20.2747 (17.0826)	Batch-Time 0.35 (0.38)	Data 0.022 (0.029)	
2026-06-15 21:59:48 - INFO - Epoch: [6][208/1132]	Iter 13999  lr 1.8185661446562e-05  Loss 20.0016 (17.4199)	Batch-Time 0.34 (0.37)	Data 0.022 (0.025)	
2026-06-15 22:00:13 - INFO - Epoch: [6][308/1132]	Iter 14199  lr 1.8185661446562e-05  Loss 17.0931 (17.5541)	Batch-Time 0.18 (0.33)	Data 0.009 (0.021)	
2026-06-15 22:00:31 - INFO - Epoch: [6][408/1132]	Iter 14399  lr 1.8185661446562e-05  Loss 15.9712 (17.7031)	Batch-Time 0.18 (0.30)	Data 0.009 (0.018)	
2026-06-15 22:00:49 - INFO - Epoch: [6][508/1132]	Iter 14599  lr 1.8185661446562e-05  Loss 17.7379 (17.6572)	Batch-Time 0.19 (0.27)	Data 0.008 (0.016)	
2026-06-15 22:01:07 - INFO - Epoch: [6][608/1132]	Iter 14799  lr 1.8185661446562e-05  Loss 25.6043 (17.5952)	Batch-Time 0.19 (0.26)	Data 0.008 (0.015)	
2026-06-15 22:01:25 - INFO - Epoch: [6][708/1132]	Iter 14999  lr 1.8185661446562e-05  Loss 13.7227 (17.5438)	Batch-Time 0.18 (0.25)	Data 0.009 (0.014)	
2026-06-15 22:01:43 - INFO - Epoch: [6][808/1132]	Iter 15199  lr 1.8185661446562e-05  Loss 22.3506 (17.6496)	Batch-Time 0.17 (0.24)	Data 0.009 (0.013)	
2026-06-15 22:02:01 - INFO - Epoch: [6][908/1132]	Iter 15399  lr 1.8185661446562e-05  Loss 11.8451 (17.6455)	Batch-Time 0.18 (0.23)	Data 0.010 (0.013)	
2026-06-15 22:02:19 - INFO - Epoch: [6][1008/1132]	Iter 15599  lr 1.8185661446562e-05  Loss 20.2823 (17.6931)	Batch-Time 0.19 (0.23)	Data 0.009 (0.012)	
2026-06-15 22:02:37 - INFO - Epoch: [6][1108/1132]	Iter 15799  lr 1.8185661446562e-05  Loss 16.5627 (17.6854)	Batch-Time 0.19 (0.22)	Data 0.009 (0.012)	
2026-06-15 22:02:42 - INFO - Test: [0/40]		Batch-Time 0.907 (0.907)	
2026-06-15 22:02:47 - INFO - calculate similarity time: 0.060
2026-06-15 22:02:47 - INFO - Image to text (R@1, R@5, R@10): 76.4, 94.0, 97.7
2026-06-15 22:02:47 - INFO - Text to image (R@1, R@5, R@10): 62.9, 87.6, 92.8
2026-06-15 22:02:47 - INFO - Current rsum is 511.4
2026-06-15 22:02:47 - INFO - Epoch: [6], Best rsum: 511.4 

2026-06-15 22:02:48 - INFO - Epoch 7: LR adjusted to 1.76e-05 (base: 2.00e-04)
2026-06-15 22:03:02 - INFO - Epoch: [7][76/1132]	Iter 15999  lr 1.7559875842035246e-05  Loss 20.7699 (16.3171)	Batch-Time 0.18 (0.19)	Data 0.009 (0.016)	
2026-06-15 22:03:20 - INFO - Epoch: [7][176/1132]	Iter 16199  lr 1.7559875842035246e-05  Loss 18.2732 (16.3464)	Batch-Time 0.18 (0.18)	Data 0.007 (0.012)	
2026-06-15 22:03:38 - INFO - Epoch: [7][276/1132]	Iter 16399  lr 1.7559875842035246e-05  Loss 12.4051 (16.4074)	Batch-Time 0.18 (0.18)	Data 0.009 (0.011)	
2026-06-15 22:04:00 - INFO - Epoch: [7][376/1132]	Iter 16599  lr 1.7559875842035246e-05  Loss 14.2778 (16.2739)	Batch-Time 0.38 (0.19)	Data 0.010 (0.011)	
2026-06-15 22:04:37 - INFO - Epoch: [7][476/1132]	Iter 16799  lr 1.7559875842035246e-05  Loss 17.0384 (16.0020)	Batch-Time 0.40 (0.23)	Data 0.022 (0.013)	
2026-06-15 22:05:14 - INFO - Epoch: [7][576/1132]	Iter 16999  lr 1.7559875842035246e-05  Loss 13.3209 (15.9307)	Batch-Time 0.37 (0.25)	Data 0.022 (0.014)	
2026-06-15 22:05:42 - INFO - Epoch: [7][676/1132]	Iter 17199  lr 1.7559875842035246e-05  Loss 17.6144 (15.9336)	Batch-Time 0.18 (0.26)	Data 0.007 (0.014)	
2026-06-15 22:06:00 - INFO - Epoch: [7][776/1132]	Iter 17399  lr 1.7559875842035246e-05  Loss 12.0612 (15.9233)	Batch-Time 0.18 (0.25)	Data 0.009 (0.013)	
2026-06-15 22:06:18 - INFO - Epoch: [7][876/1132]	Iter 17599  lr 1.7559875842035246e-05  Loss 18.9218 (15.8499)	Batch-Time 0.18 (0.24)	Data 0.009 (0.013)	
2026-06-15 22:06:36 - INFO - Epoch: [7][976/1132]	Iter 17799  lr 1.7559875842035246e-05  Loss 12.3690 (15.8306)	Batch-Time 0.18 (0.23)	Data 0.009 (0.012)	
2026-06-15 22:06:54 - INFO - Epoch: [7][1076/1132]	Iter 17999  lr 1.7559875842035246e-05  Loss 11.6853 (15.8508)	Batch-Time 0.18 (0.23)	Data 0.009 (0.012)	
2026-06-15 22:07:05 - INFO - Test: [0/40]		Batch-Time 0.884 (0.883)	
2026-06-15 22:07:10 - INFO - calculate similarity time: 0.056
2026-06-15 22:07:10 - INFO - Image to text (R@1, R@5, R@10): 78.5, 94.4, 96.8
2026-06-15 22:07:10 - INFO - Text to image (R@1, R@5, R@10): 63.5, 88.4, 93.3
2026-06-15 22:07:10 - INFO - Current rsum is 514.9
2026-06-15 22:07:10 - INFO - Epoch: [7], Best rsum: 514.9 

2026-06-15 22:07:11 - INFO - Epoch 8: LR adjusted to 1.69e-05 (base: 2.00e-04)
2026-06-15 22:07:19 - INFO - Epoch: [8][44/1132]	Iter 18199  lr 1.6856740760409155e-05  Loss 13.9069 (14.5571)	Batch-Time 0.18 (0.19)	Data 0.008 (0.023)	
2026-06-15 22:07:37 - INFO - Epoch: [8][144/1132]	Iter 18399  lr 1.6856740760409155e-05  Loss 12.2304 (14.5304)	Batch-Time 0.18 (0.18)	Data 0.009 (0.013)	
2026-06-15 22:07:55 - INFO - Epoch: [8][244/1132]	Iter 18599  lr 1.6856740760409155e-05  Loss 14.0289 (14.4610)	Batch-Time 0.18 (0.18)	Data 0.009 (0.011)	
2026-06-15 22:08:13 - INFO - Epoch: [8][344/1132]	Iter 18799  lr 1.6856740760409155e-05  Loss 14.1357 (14.4169)	Batch-Time 0.18 (0.18)	Data 0.009 (0.010)	
2026-06-15 22:08:31 - INFO - Epoch: [8][444/1132]	Iter 18999  lr 1.6856740760409155e-05  Loss 22.4073 (14.5266)	Batch-Time 0.18 (0.18)	Data 0.009 (0.010)	
2026-06-15 22:08:49 - INFO - Epoch: [8][544/1132]	Iter 19199  lr 1.6856740760409155e-05  Loss 14.9041 (14.6183)	Batch-Time 0.19 (0.18)	Data 0.009 (0.010)	
2026-06-15 22:09:07 - INFO - Epoch: [8][644/1132]	Iter 19399  lr 1.6856740760409155e-05  Loss 19.3912 (14.6090)	Batch-Time 0.18 (0.18)	Data 0.009 (0.009)	
2026-06-15 22:09:25 - INFO - Epoch: [8][744/1132]	Iter 19599  lr 1.6856740760409155e-05  Loss 15.2787 (14.7287)	Batch-Time 0.18 (0.18)	Data 0.009 (0.009)	
2026-06-15 22:09:43 - INFO - Epoch: [8][844/1132]	Iter 19799  lr 1.6856740760409155e-05  Loss 12.3253 (14.7675)	Batch-Time 0.18 (0.18)	Data 0.009 (0.009)	
2026-06-15 22:10:01 - INFO - Epoch: [8][944/1132]	Iter 19999  lr 1.6856740760409155e-05  Loss 14.3164 (14.8376)	Batch-Time 0.18 (0.18)	Data 0.009 (0.009)	
2026-06-15 22:10:19 - INFO - Epoch: [8][1044/1132]	Iter 20199  lr 1.6856740760409155e-05  Loss 15.9257 (14.8820)	Batch-Time 0.18 (0.18)	Data 0.009 (0.009)	
2026-06-15 22:10:36 - INFO - Test: [0/40]		Batch-Time 0.880 (0.880)	
2026-06-15 22:10:41 - INFO - calculate similarity time: 0.061
2026-06-15 22:10:41 - INFO - Image to text (R@1, R@5, R@10): 76.9, 94.5, 97.9
2026-06-15 22:10:41 - INFO - Text to image (R@1, R@5, R@10): 64.3, 88.3, 93.3
2026-06-15 22:10:41 - INFO - Current rsum is 515.2
2026-06-15 22:10:41 - INFO - Epoch: [8], Best rsum: 515.2 

2026-06-15 22:10:42 - INFO - Epoch 9: LR adjusted to 1.61e-05 (base: 2.00e-04)
2026-06-15 22:10:45 - INFO - Epoch: [9][12/1132]	Iter 20399  lr 1.6083959896778496e-05  Loss 13.0270 (13.0843)	Batch-Time 0.18 (0.23)	Data 0.009 (0.057)	
2026-06-15 22:11:03 - INFO - Epoch: [9][112/1132]	Iter 20599  lr 1.6083959896778496e-05  Loss 9.7101 (13.3058)	Batch-Time 0.18 (0.19)	Data 0.009 (0.014)	
2026-06-15 22:11:21 - INFO - Epoch: [9][212/1132]	Iter 20799  lr 1.6083959896778496e-05  Loss 11.5292 (13.2729)	Batch-Time 0.18 (0.18)	Data 0.009 (0.011)	
2026-06-15 22:11:39 - INFO - Epoch: [9][312/1132]	Iter 20999  lr 1.6083959896778496e-05  Loss 9.7846 (13.1711)	Batch-Time 0.17 (0.18)	Data 0.009 (0.010)	
2026-06-15 22:11:57 - INFO - Epoch: [9][412/1132]	Iter 21199  lr 1.6083959896778496e-05  Loss 11.5882 (13.1862)	Batch-Time 0.18 (0.18)	Data 0.008 (0.010)	
2026-06-15 22:12:15 - INFO - Epoch: [9][512/1132]	Iter 21399  lr 1.6083959896778496e-05  Loss 13.3647 (13.2461)	Batch-Time 0.18 (0.18)	Data 0.009 (0.010)	
2026-06-15 22:12:33 - INFO - Epoch: [9][612/1132]	Iter 21599  lr 1.6083959896778496e-05  Loss 12.9514 (13.2933)	Batch-Time 0.18 (0.18)	Data 0.009 (0.009)	
2026-06-15 22:12:51 - INFO - Epoch: [9][712/1132]	Iter 21799  lr 1.6083959896778496e-05  Loss 12.9064 (13.3526)	Batch-Time 0.18 (0.18)	Data 0.009 (0.009)	
2026-06-15 22:13:09 - INFO - Epoch: [9][812/1132]	Iter 21999  lr 1.6083959896778496e-05  Loss 15.7316 (13.3732)	Batch-Time 0.18 (0.18)	Data 0.008 (0.009)	
2026-06-15 22:13:27 - INFO - Epoch: [9][912/1132]	Iter 22199  lr 1.6083959896778496e-05  Loss 13.2355 (13.4647)	Batch-Time 0.18 (0.18)	Data 0.009 (0.009)	
2026-06-15 22:13:45 - INFO - Epoch: [9][1012/1132]	Iter 22399  lr 1.6083959896778496e-05  Loss 14.7970 (13.4730)	Batch-Time 0.18 (0.18)	Data 0.009 (0.009)	
2026-06-15 22:14:03 - INFO - Epoch: [9][1112/1132]	Iter 22599  lr 1.6083959896778496e-05  Loss 12.7787 (13.4614)	Batch-Time 0.18 (0.18)	Data 0.008 (0.009)	
2026-06-15 22:14:07 - INFO - Test: [0/40]		Batch-Time 0.902 (0.902)	
2026-06-15 22:14:12 - INFO - calculate similarity time: 0.058
2026-06-15 22:14:12 - INFO - Image to text (R@1, R@5, R@10): 78.5, 94.9, 97.4
2026-06-15 22:14:12 - INFO - Text to image (R@1, R@5, R@10): 64.0, 88.5, 93.5
2026-06-15 22:14:12 - INFO - Current rsum is 516.8
2026-06-15 22:14:12 - INFO - Epoch: [9], Best rsum: 516.8 

2026-06-15 22:14:13 - INFO - Epoch 10: LR adjusted to 1.53e-05 (base: 2.00e-04)
2026-06-15 22:14:29 - INFO - Epoch: [10][80/1132]	Iter 22799  lr 1.5250000000000001e-05  Loss 14.8247 (12.5361)	Batch-Time 0.18 (0.19)	Data 0.009 (0.016)	
2026-06-15 22:14:47 - INFO - Epoch: [10][180/1132]	Iter 22999  lr 1.5250000000000001e-05  Loss 15.8557 (12.7899)	Batch-Time 0.18 (0.19)	Data 0.008 (0.012)	
2026-06-15 22:15:07 - INFO - Epoch: [10][280/1132]	Iter 23199  lr 1.5250000000000001e-05  Loss 15.1138 (12.8603)	Batch-Time 0.36 (0.19)	Data 0.020 (0.011)	
2026-06-15 22:15:44 - INFO - Epoch: [10][380/1132]	Iter 23399  lr 1.5250000000000001e-05  Loss 16.7587 (12.8417)	Batch-Time 0.36 (0.24)	Data 0.021 (0.013)	
2026-06-15 22:16:21 - INFO - Epoch: [10][480/1132]	Iter 23599  lr 1.5250000000000001e-05  Loss 15.4023 (12.8745)	Batch-Time 0.36 (0.26)	Data 0.022 (0.015)	
2026-06-15 22:16:57 - INFO - Epoch: [10][580/1132]	Iter 23799  lr 1.5250000000000001e-05  Loss 14.4804 (12.9432)	Batch-Time 0.37 (0.28)	Data 0.022 (0.016)	
2026-06-15 22:17:33 - INFO - Epoch: [10][680/1132]	Iter 23999  lr 1.5250000000000001e-05  Loss 14.3005 (13.0194)	Batch-Time 0.36 (0.29)	Data 0.022 (0.016)	
2026-06-15 22:18:11 - INFO - Epoch: [10][780/1132]	Iter 24199  lr 1.5250000000000001e-05  Loss 12.8414 (13.0513)	Batch-Time 0.38 (0.30)	Data 0.022 (0.017)	
2026-06-15 22:18:48 - INFO - Epoch: [10][880/1132]	Iter 24399  lr 1.5250000000000001e-05  Loss 13.1358 (13.0550)	Batch-Time 0.35 (0.31)	Data 0.020 (0.017)	
2026-06-15 22:19:25 - INFO - Epoch: [10][980/1132]	Iter 24599  lr 1.5250000000000001e-05  Loss 12.1440 (13.0220)	Batch-Time 0.38 (0.32)	Data 0.021 (0.018)	
2026-06-15 22:20:02 - INFO - Epoch: [10][1080/1132]	Iter 24799  lr 1.5250000000000001e-05  Loss 17.8688 (13.0017)	Batch-Time 0.35 (0.32)	Data 0.022 (0.018)	
2026-06-15 22:20:23 - INFO - Test: [0/40]		Batch-Time 1.286 (1.286)	
2026-06-15 22:20:31 - INFO - calculate similarity time: 0.597
2026-06-15 22:20:31 - INFO - Image to text (R@1, R@5, R@10): 78.3, 95.1, 97.3
2026-06-15 22:20:31 - INFO - Text to image (R@1, R@5, R@10): 64.5, 88.8, 93.6
2026-06-15 22:20:31 - INFO - Current rsum is 517.6
2026-06-15 22:20:31 - INFO - Epoch: [10], Best rsum: 517.6 

2026-06-15 22:20:33 - INFO - Epoch 11: LR adjusted to 1.44e-05 (base: 2.00e-04)
2026-06-15 22:20:52 - INFO - Epoch: [11][48/1132]	Iter 24999  lr 1.4363998109220106e-05  Loss 11.5246 (11.6960)	Batch-Time 0.38 (0.39)	Data 0.022 (0.040)	
2026-06-15 22:21:29 - INFO - Epoch: [11][148/1132]	Iter 25199  lr 1.4363998109220106e-05  Loss 13.3341 (11.8327)	Batch-Time 0.35 (0.38)	Data 0.022 (0.027)	
2026-06-15 22:22:06 - INFO - Epoch: [11][248/1132]	Iter 25399  lr 1.4363998109220106e-05  Loss 15.9426 (11.7957)	Batch-Time 0.37 (0.38)	Data 0.022 (0.024)	
2026-06-15 22:22:43 - INFO - Epoch: [11][348/1132]	Iter 25599  lr 1.4363998109220106e-05  Loss 8.4009 (11.8521)	Batch-Time 0.37 (0.38)	Data 0.023 (0.023)	
2026-06-15 22:23:08 - INFO - Epoch: [11][448/1132]	Iter 25799  lr 1.4363998109220106e-05  Loss 5.4906 (11.9152)	Batch-Time 0.18 (0.35)	Data 0.009 (0.021)	
2026-06-15 22:23:26 - INFO - Epoch: [11][548/1132]	Iter 25999  lr 1.4363998109220106e-05  Loss 10.8836 (11.8825)	Batch-Time 0.18 (0.32)	Data 0.007 (0.018)	
2026-06-15 22:23:45 - INFO - Epoch: [11][648/1132]	Iter 26199  lr 1.4363998109220106e-05  Loss 14.5085 (11.8784)	Batch-Time 0.19 (0.30)	Data 0.008 (0.017)	
2026-06-15 22:24:03 - INFO - Epoch: [11][748/1132]	Iter 26399  lr 1.4363998109220106e-05  Loss 14.9515 (11.8897)	Batch-Time 0.18 (0.28)	Data 0.008 (0.016)	
2026-06-15 22:24:21 - INFO - Epoch: [11][848/1132]	Iter 26599  lr 1.4363998109220106e-05  Loss 11.7838 (11.8946)	Batch-Time 0.19 (0.27)	Data 0.008 (0.015)	
2026-06-15 22:24:39 - INFO - Epoch: [11][948/1132]	Iter 26799  lr 1.4363998109220106e-05  Loss 11.0135 (11.9192)	Batch-Time 0.18 (0.26)	Data 0.008 (0.014)	
2026-06-15 22:24:57 - INFO - Epoch: [11][1048/1132]	Iter 26999  lr 1.4363998109220106e-05  Loss 8.5480 (11.9403)	Batch-Time 0.19 (0.25)	Data 0.009 (0.014)	
2026-06-15 22:25:13 - INFO - Test: [0/40]		Batch-Time 0.872 (0.872)	
2026-06-15 22:25:18 - INFO - calculate similarity time: 0.062
2026-06-15 22:25:18 - INFO - Image to text (R@1, R@5, R@10): 77.8, 95.4, 97.9
2026-06-15 22:25:18 - INFO - Text to image (R@1, R@5, R@10): 65.6, 88.5, 93.7
2026-06-15 22:25:18 - INFO - Current rsum is 518.9
2026-06-15 22:25:18 - INFO - Epoch: [11], Best rsum: 518.9 

2026-06-15 22:25:19 - INFO - Epoch 12: LR adjusted to 1.34e-05 (base: 2.00e-04)
2026-06-15 22:25:22 - INFO - Epoch: [12][16/1132]	Iter 27199  lr 1.3435661446562001e-05  Loss 7.6530 (10.6456)	Batch-Time 0.18 (0.23)	Data 0.007 (0.054)	
2026-06-15 22:25:41 - INFO - Epoch: [12][116/1132]	Iter 27399  lr 1.3435661446562001e-05  Loss 13.3217 (11.0644)	Batch-Time 0.18 (0.19)	Data 0.008 (0.015)	
2026-06-15 22:25:59 - INFO - Epoch: [12][216/1132]	Iter 27599  lr 1.3435661446562001e-05  Loss 8.8425 (11.0644)	Batch-Time 0.18 (0.18)	Data 0.008 (0.012)	
2026-06-15 22:26:17 - INFO - Epoch: [12][316/1132]	Iter 27799  lr 1.3435661446562001e-05  Loss 9.1627 (11.3028)	Batch-Time 0.19 (0.18)	Data 0.008 (0.011)	
2026-06-15 22:26:35 - INFO - Epoch: [12][416/1132]	Iter 27999  lr 1.3435661446562001e-05  Loss 16.9189 (11.3156)	Batch-Time 0.18 (0.18)	Data 0.009 (0.010)	
2026-06-15 22:26:53 - INFO - Epoch: [12][516/1132]	Iter 28199  lr 1.3435661446562001e-05  Loss 17.3594 (11.3318)	Batch-Time 0.18 (0.18)	Data 0.009 (0.010)	
2026-06-15 22:27:11 - INFO - Epoch: [12][616/1132]	Iter 28399  lr 1.3435661446562001e-05  Loss 9.8537 (11.3328)	Batch-Time 0.18 (0.18)	Data 0.009 (0.010)	
2026-06-15 22:27:29 - INFO - Epoch: [12][716/1132]	Iter 28599  lr 1.3435661446562001e-05  Loss 14.2666 (11.3518)	Batch-Time 0.18 (0.18)	Data 0.009 (0.009)	
2026-06-15 22:27:47 - INFO - Epoch: [12][816/1132]	Iter 28799  lr 1.3435661446562001e-05  Loss 11.4187 (11.2649)	Batch-Time 0.18 (0.18)	Data 0.009 (0.009)	
2026-06-15 22:28:05 - INFO - Epoch: [12][916/1132]	Iter 28999  lr 1.3435661446562001e-05  Loss 11.1480 (11.2560)	Batch-Time 0.17 (0.18)	Data 0.009 (0.009)	
2026-06-15 22:28:23 - INFO - Epoch: [12][1016/1132]	Iter 29199  lr 1.3435661446562001e-05  Loss 7.9278 (11.2457)	Batch-Time 0.18 (0.18)	Data 0.009 (0.009)	
2026-06-15 22:28:41 - INFO - Epoch: [12][1116/1132]	Iter 29399  lr 1.3435661446562001e-05  Loss 16.7461 (11.2191)	Batch-Time 0.18 (0.18)	Data 0.009 (0.009)	
2026-06-15 22:28:45 - INFO - Test: [0/40]		Batch-Time 0.819 (0.819)	
2026-06-15 22:28:49 - INFO - calculate similarity time: 0.063
2026-06-15 22:28:49 - INFO - Image to text (R@1, R@5, R@10): 80.1, 95.5, 98.1
2026-06-15 22:28:49 - INFO - Text to image (R@1, R@5, R@10): 65.3, 89.3, 93.6
2026-06-15 22:28:49 - INFO - Current rsum is 521.9
2026-06-15 22:28:49 - INFO - Epoch: [12], Best rsum: 521.9 

2026-06-15 22:28:51 - INFO - Epoch 13: LR adjusted to 1.25e-05 (base: 2.00e-04)
2026-06-15 22:29:06 - INFO - Epoch: [13][84/1132]	Iter 29599  lr 1.2475161062768713e-05  Loss 7.1137 (10.4969)	Batch-Time 0.18 (0.19)	Data 0.009 (0.016)	
2026-06-15 22:29:24 - INFO - Epoch: [13][184/1132]	Iter 29799  lr 1.2475161062768713e-05  Loss 11.6708 (10.4788)	Batch-Time 0.18 (0.18)	Data 0.007 (0.012)	
2026-06-15 22:29:42 - INFO - Epoch: [13][284/1132]	Iter 29999  lr 1.2475161062768713e-05  Loss 11.9117 (10.5423)	Batch-Time 0.18 (0.18)	Data 0.009 (0.011)	
2026-06-15 22:30:00 - INFO - Epoch: [13][384/1132]	Iter 30199  lr 1.2475161062768713e-05  Loss 10.6126 (10.4572)	Batch-Time 0.20 (0.18)	Data 0.008 (0.010)	
2026-06-15 22:30:18 - INFO - Epoch: [13][484/1132]	Iter 30399  lr 1.2475161062768713e-05  Loss 8.1236 (10.5365)	Batch-Time 0.18 (0.18)	Data 0.008 (0.010)	
2026-06-15 22:30:37 - INFO - Epoch: [13][584/1132]	Iter 30599  lr 1.2475161062768713e-05  Loss 14.7928 (10.5244)	Batch-Time 0.18 (0.18)	Data 0.008 (0.009)	
2026-06-15 22:30:55 - INFO - Epoch: [13][684/1132]	Iter 30799  lr 1.2475161062768713e-05  Loss 11.0826 (10.5104)	Batch-Time 0.18 (0.18)	Data 0.008 (0.009)	
2026-06-15 22:31:13 - INFO - Epoch: [13][784/1132]	Iter 30999  lr 1.2475161062768713e-05  Loss 14.9076 (10.4899)	Batch-Time 0.18 (0.18)	Data 0.008 (0.009)	
2026-06-15 22:31:31 - INFO - Epoch: [13][884/1132]	Iter 31199  lr 1.2475161062768713e-05  Loss 8.1476 (10.4756)	Batch-Time 0.18 (0.18)	Data 0.008 (0.009)	
2026-06-15 22:31:49 - INFO - Epoch: [13][984/1132]	Iter 31399  lr 1.2475161062768713e-05  Loss 11.4936 (10.5336)	Batch-Time 0.18 (0.18)	Data 0.008 (0.009)	
2026-06-15 22:32:07 - INFO - Epoch: [13][1084/1132]	Iter 31599  lr 1.2475161062768713e-05  Loss 11.0664 (10.5377)	Batch-Time 0.18 (0.18)	Data 0.008 (0.009)	
2026-06-15 22:32:17 - INFO - Test: [0/40]		Batch-Time 0.878 (0.878)	
2026-06-15 22:32:22 - INFO - calculate similarity time: 0.062
2026-06-15 22:32:22 - INFO - Image to text (R@1, R@5, R@10): 79.2, 95.0, 97.7
2026-06-15 22:32:22 - INFO - Text to image (R@1, R@5, R@10): 65.2, 89.0, 93.4
2026-06-15 22:32:22 - INFO - Current rsum is 519.6
2026-06-15 22:32:22 - INFO - Epoch: [13], Best rsum: 521.9 

2026-06-15 22:32:22 - INFO - Epoch 14: LR adjusted to 1.15e-05 (base: 2.00e-04)
2026-06-15 22:32:32 - INFO - Epoch: [14][52/1132]	Iter 31799  lr 1.149302040104271e-05  Loss 9.6844 (10.0472)	Batch-Time 0.18 (0.19)	Data 0.009 (0.020)	
2026-06-15 22:32:50 - INFO - Epoch: [14][152/1132]	Iter 31999  lr 1.149302040104271e-05  Loss 9.7788 (10.1397)	Batch-Time 0.17 (0.19)	Data 0.008 (0.012)	
2026-06-15 22:33:08 - INFO - Epoch: [14][252/1132]	Iter 32199  lr 1.149302040104271e-05  Loss 10.1324 (10.3319)	Batch-Time 0.18 (0.18)	Data 0.009 (0.011)	
2026-06-15 22:33:26 - INFO - Epoch: [14][352/1132]	Iter 32399  lr 1.149302040104271e-05  Loss 11.1049 (10.2861)	Batch-Time 0.18 (0.18)	Data 0.009 (0.010)	
2026-06-15 22:33:44 - INFO - Epoch: [14][452/1132]	Iter 32599  lr 1.149302040104271e-05  Loss 9.8581 (10.1708)	Batch-Time 0.18 (0.18)	Data 0.008 (0.010)	
2026-06-15 22:34:02 - INFO - Epoch: [14][552/1132]	Iter 32799  lr 1.149302040104271e-05  Loss 11.3080 (10.0789)	Batch-Time 0.18 (0.18)	Data 0.008 (0.009)	
2026-06-15 22:34:20 - INFO - Epoch: [14][652/1132]	Iter 32999  lr 1.149302040104271e-05  Loss 4.8829 (10.0569)	Batch-Time 0.18 (0.18)	Data 0.008 (0.009)	
2026-06-15 22:34:38 - INFO - Epoch: [14][752/1132]	Iter 33199  lr 1.149302040104271e-05  Loss 11.9486 (10.0812)	Batch-Time 0.18 (0.18)	Data 0.008 (0.009)	
2026-06-15 22:34:56 - INFO - Epoch: [14][852/1132]	Iter 33399  lr 1.149302040104271e-05  Loss 10.1684 (10.0514)	Batch-Time 0.19 (0.18)	Data 0.009 (0.009)	
2026-06-15 22:35:14 - INFO - Epoch: [14][952/1132]	Iter 33599  lr 1.149302040104271e-05  Loss 4.9098 (10.0134)	Batch-Time 0.18 (0.18)	Data 0.007 (0.009)	
2026-06-15 22:35:32 - INFO - Epoch: [14][1052/1132]	Iter 33799  lr 1.149302040104271e-05  Loss 13.7916 (10.0220)	Batch-Time 0.19 (0.18)	Data 0.008 (0.009)	
2026-06-15 22:35:47 - INFO - Test: [0/40]		Batch-Time 0.826 (0.826)	
2026-06-15 22:35:52 - INFO - calculate similarity time: 0.071
2026-06-15 22:35:52 - INFO - Image to text (R@1, R@5, R@10): 79.9, 94.8, 97.8
2026-06-15 22:35:52 - INFO - Text to image (R@1, R@5, R@10): 65.3, 89.1, 93.9
2026-06-15 22:35:52 - INFO - Current rsum is 520.9
2026-06-15 22:35:52 - INFO - Epoch: [14], Best rsum: 521.9 

2026-06-15 22:35:52 - INFO - Epoch 15: LR adjusted to 1.05e-05 (base: 2.00e-04)
2026-06-15 22:35:57 - INFO - Epoch: [15][20/1132]	Iter 33999  lr 1.0500000000000001e-05  Loss 8.0859 (8.5265)	Batch-Time 0.18 (0.21)	Data 0.009 (0.037)	
2026-06-15 22:36:15 - INFO - Epoch: [15][120/1132]	Iter 34199  lr 1.0500000000000001e-05  Loss 12.0375 (9.3510)	Batch-Time 0.18 (0.19)	Data 0.007 (0.013)	
2026-06-15 22:36:33 - INFO - Epoch: [15][220/1132]	Iter 34399  lr 1.0500000000000001e-05  Loss 7.9197 (9.3900)	Batch-Time 0.18 (0.18)	Data 0.009 (0.011)	
2026-06-15 22:36:51 - INFO - Epoch: [15][320/1132]	Iter 34599  lr 1.0500000000000001e-05  Loss 10.6536 (9.5162)	Batch-Time 0.18 (0.18)	Data 0.009 (0.010)	
2026-06-15 22:37:09 - INFO - Epoch: [15][420/1132]	Iter 34799  lr 1.0500000000000001e-05  Loss 10.9548 (9.5251)	Batch-Time 0.17 (0.18)	Data 0.009 (0.010)	
2026-06-15 22:37:27 - INFO - Epoch: [15][520/1132]	Iter 34999  lr 1.0500000000000001e-05  Loss 6.0918 (9.4751)	Batch-Time 0.18 (0.18)	Data 0.009 (0.010)	
2026-06-15 22:37:45 - INFO - Epoch: [15][620/1132]	Iter 35199  lr 1.0500000000000001e-05  Loss 12.7002 (9.5094)	Batch-Time 0.17 (0.18)	Data 0.009 (0.009)	
2026-06-15 22:38:03 - INFO - Epoch: [15][720/1132]	Iter 35399  lr 1.0500000000000001e-05  Loss 12.0381 (9.5465)	Batch-Time 0.18 (0.18)	Data 0.008 (0.009)	
2026-06-15 22:38:21 - INFO - Epoch: [15][820/1132]	Iter 35599  lr 1.0500000000000001e-05  Loss 7.4489 (9.5702)	Batch-Time 0.18 (0.18)	Data 0.009 (0.009)	
2026-06-15 22:38:38 - INFO - Epoch: [15][920/1132]	Iter 35799  lr 1.0500000000000001e-05  Loss 7.6324 (9.5476)	Batch-Time 0.18 (0.18)	Data 0.009 (0.009)	
2026-06-15 22:38:56 - INFO - Epoch: [15][1020/1132]	Iter 35999  lr 1.0500000000000001e-05  Loss 9.7993 (9.5640)	Batch-Time 0.18 (0.18)	Data 0.009 (0.009)	
2026-06-15 22:39:14 - INFO - Epoch: [15][1120/1132]	Iter 36199  lr 1.0500000000000001e-05  Loss 8.5616 (9.5929)	Batch-Time 0.19 (0.18)	Data 0.009 (0.009)	
2026-06-15 22:39:17 - INFO - Test: [0/40]		Batch-Time 0.891 (0.891)	
2026-06-15 22:39:22 - INFO - calculate similarity time: 0.063
2026-06-15 22:39:22 - INFO - Image to text (R@1, R@5, R@10): 78.4, 94.5, 97.8
2026-06-15 22:39:22 - INFO - Text to image (R@1, R@5, R@10): 64.8, 88.9, 93.4
2026-06-15 22:39:22 - INFO - Current rsum is 517.7
2026-06-15 22:39:22 - INFO - Epoch: [15], Best rsum: 521.9 

2026-06-15 22:39:22 - INFO - Epoch 16: LR adjusted to 9.51e-06 (base: 2.00e-04)
2026-06-15 22:39:39 - INFO - Epoch: [16][88/1132]	Iter 36399  lr 9.506979598957295e-06  Loss 4.4215 (8.6245)	Batch-Time 0.18 (0.19)	Data 0.009 (0.016)	
2026-06-15 22:39:57 - INFO - Epoch: [16][188/1132]	Iter 36599  lr 9.506979598957295e-06  Loss 14.9486 (8.9282)	Batch-Time 0.18 (0.18)	Data 0.009 (0.012)	
2026-06-15 22:40:14 - INFO - Epoch: [16][288/1132]	Iter 36799  lr 9.506979598957295e-06  Loss 9.8150 (8.9621)	Batch-Time 0.18 (0.18)	Data 0.009 (0.011)	
2026-06-15 22:40:32 - INFO - Epoch: [16][388/1132]	Iter 36999  lr 9.506979598957295e-06  Loss 10.9498 (8.8882)	Batch-Time 0.19 (0.18)	Data 0.009 (0.010)	
2026-06-15 22:40:50 - INFO - Epoch: [16][488/1132]	Iter 37199  lr 9.506979598957295e-06  Loss 8.6352 (8.8550)	Batch-Time 0.17 (0.18)	Data 0.008 (0.010)	
2026-06-15 22:41:08 - INFO - Epoch: [16][588/1132]	Iter 37399  lr 9.506979598957295e-06  Loss 8.8688 (8.8752)	Batch-Time 0.19 (0.18)	Data 0.009 (0.010)	
2026-06-15 22:41:27 - INFO - Epoch: [16][688/1132]	Iter 37599  lr 9.506979598957295e-06  Loss 7.6082 (8.8958)	Batch-Time 0.18 (0.18)	Data 0.009 (0.009)	
2026-06-15 22:41:45 - INFO - Epoch: [16][788/1132]	Iter 37799  lr 9.506979598957295e-06  Loss 8.6885 (8.8948)	Batch-Time 0.18 (0.18)	Data 0.009 (0.009)	
2026-06-15 22:42:03 - INFO - Epoch: [16][888/1132]	Iter 37999  lr 9.506979598957295e-06  Loss 9.6342 (8.8951)	Batch-Time 0.18 (0.18)	Data 0.008 (0.009)	
2026-06-15 22:42:21 - INFO - Epoch: [16][988/1132]	Iter 38199  lr 9.506979598957295e-06  Loss 9.5242 (8.9004)	Batch-Time 0.19 (0.18)	Data 0.008 (0.009)	
2026-06-15 22:42:39 - INFO - Epoch: [16][1088/1132]	Iter 38399  lr 9.506979598957295e-06  Loss 11.1518 (8.9221)	Batch-Time 0.18 (0.18)	Data 0.009 (0.009)	
2026-06-15 22:42:47 - INFO - Test: [0/40]		Batch-Time 0.823 (0.823)	
2026-06-15 22:42:52 - INFO - calculate similarity time: 0.059
2026-06-15 22:42:52 - INFO - Image to text (R@1, R@5, R@10): 79.2, 93.9, 97.1
2026-06-15 22:42:52 - INFO - Text to image (R@1, R@5, R@10): 64.8, 88.6, 93.2
2026-06-15 22:42:52 - INFO - Current rsum is 516.7
2026-06-15 22:42:52 - INFO - Epoch: [16], Best rsum: 521.9 

2026-06-15 22:42:52 - INFO - Epoch 17: LR adjusted to 8.52e-06 (base: 2.00e-04)
2026-06-15 22:43:03 - INFO - Epoch: [17][56/1132]	Iter 38599  lr 8.524838937231288e-06  Loss 7.5681 (8.8512)	Batch-Time 0.18 (0.19)	Data 0.009 (0.021)	
2026-06-15 22:43:21 - INFO - Epoch: [17][156/1132]	Iter 38799  lr 8.524838937231288e-06  Loss 6.8767 (9.0386)	Batch-Time 0.18 (0.18)	Data 0.009 (0.013)	
2026-06-15 22:43:39 - INFO - Epoch: [17][256/1132]	Iter 38999  lr 8.524838937231288e-06  Loss 8.4742 (9.2140)	Batch-Time 0.18 (0.18)	Data 0.007 (0.011)	
2026-06-15 22:43:57 - INFO - Epoch: [17][356/1132]	Iter 39199  lr 8.524838937231288e-06  Loss 7.3942 (9.2566)	Batch-Time 0.17 (0.18)	Data 0.009 (0.010)	
2026-06-15 22:44:15 - INFO - Epoch: [17][456/1132]	Iter 39399  lr 8.524838937231288e-06  Loss 5.4206 (9.2918)	Batch-Time 0.18 (0.18)	Data 0.009 (0.010)	
2026-06-15 22:44:32 - INFO - Epoch: [17][556/1132]	Iter 39599  lr 8.524838937231288e-06  Loss 10.1554 (9.3134)	Batch-Time 0.18 (0.18)	Data 0.009 (0.010)	
2026-06-15 22:44:50 - INFO - Epoch: [17][656/1132]	Iter 39799  lr 8.524838937231288e-06  Loss 8.2427 (9.3199)	Batch-Time 0.18 (0.18)	Data 0.009 (0.010)	
2026-06-15 22:45:08 - INFO - Epoch: [17][756/1132]	Iter 39999  lr 8.524838937231288e-06  Loss 9.2778 (9.3096)	Batch-Time 0.18 (0.18)	Data 0.009 (0.009)	
2026-06-15 22:45:26 - INFO - Epoch: [17][856/1132]	Iter 40199  lr 8.524838937231288e-06  Loss 8.0462 (9.2858)	Batch-Time 0.18 (0.18)	Data 0.009 (0.009)	
2026-06-15 22:45:44 - INFO - Epoch: [17][956/1132]	Iter 40399  lr 8.524838937231288e-06  Loss 5.0345 (9.3240)	Batch-Time 0.18 (0.18)	Data 0.009 (0.009)	
2026-06-15 22:46:02 - INFO - Epoch: [17][1056/1132]	Iter 40599  lr 8.524838937231288e-06  Loss 3.5489 (9.3500)	Batch-Time 0.18 (0.18)	Data 0.007 (0.009)	
2026-06-15 22:46:16 - INFO - Test: [0/40]		Batch-Time 0.859 (0.859)	
2026-06-15 22:46:21 - INFO - calculate similarity time: 0.059
2026-06-15 22:46:21 - INFO - Image to text (R@1, R@5, R@10): 77.2, 94.4, 97.5
2026-06-15 22:46:21 - INFO - Text to image (R@1, R@5, R@10): 64.6, 88.5, 93.4
2026-06-15 22:46:21 - INFO - Current rsum is 515.6
2026-06-15 22:46:21 - INFO - Epoch: [17], Best rsum: 521.9 

2026-06-15 22:46:21 - INFO - Epoch 18: LR adjusted to 7.56e-06 (base: 2.00e-04)
2026-06-15 22:46:26 - INFO - Epoch: [18][24/1132]	Iter 40799  lr 7.564338553438e-06  Loss 8.8192 (8.5192)	Batch-Time 0.18 (0.21)	Data 0.009 (0.035)	
2026-06-15 22:46:44 - INFO - Epoch: [18][124/1132]	Iter 40999  lr 7.564338553438e-06  Loss 7.8051 (8.8008)	Batch-Time 0.17 (0.19)	Data 0.009 (0.014)	
2026-06-15 22:47:02 - INFO - Epoch: [18][224/1132]	Iter 41199  lr 7.564338553438e-06  Loss 7.2469 (8.8007)	Batch-Time 0.18 (0.18)	Data 0.008 (0.011)	
2026-06-15 22:47:20 - INFO - Epoch: [18][324/1132]	Iter 41399  lr 7.564338553438e-06  Loss 9.6804 (8.7760)	Batch-Time 0.18 (0.18)	Data 0.009 (0.010)	
2026-06-15 22:47:38 - INFO - Epoch: [18][424/1132]	Iter 41599  lr 7.564338553438e-06  Loss 8.1883 (8.8699)	Batch-Time 0.17 (0.18)	Data 0.009 (0.010)	
2026-06-15 22:47:56 - INFO - Epoch: [18][524/1132]	Iter 41799  lr 7.564338553438e-06  Loss 7.7956 (8.9065)	Batch-Time 0.18 (0.18)	Data 0.009 (0.010)	
2026-06-15 22:48:14 - INFO - Epoch: [18][624/1132]	Iter 41999  lr 7.564338553438e-06  Loss 11.1721 (8.8641)	Batch-Time 0.18 (0.18)	Data 0.009 (0.010)	
2026-06-15 22:48:32 - INFO - Epoch: [18][724/1132]	Iter 42199  lr 7.564338553438e-06  Loss 7.8576 (8.8989)	Batch-Time 0.18 (0.18)	Data 0.008 (0.009)	
2026-06-15 22:48:50 - INFO - Epoch: [18][824/1132]	Iter 42399  lr 7.564338553438e-06  Loss 10.0607 (8.8847)	Batch-Time 0.18 (0.18)	Data 0.007 (0.009)	
2026-06-15 22:49:08 - INFO - Epoch: [18][924/1132]	Iter 42599  lr 7.564338553438e-06  Loss 9.6176 (8.8594)	Batch-Time 0.19 (0.18)	Data 0.009 (0.009)	
2026-06-15 22:49:26 - INFO - Epoch: [18][1024/1132]	Iter 42799  lr 7.564338553438e-06  Loss 8.3048 (8.8524)	Batch-Time 0.19 (0.18)	Data 0.008 (0.009)	
2026-06-15 22:49:44 - INFO - Epoch: [18][1124/1132]	Iter 42999  lr 7.564338553438e-06  Loss 5.7658 (8.8297)	Batch-Time 0.18 (0.18)	Data 0.009 (0.009)	
2026-06-15 22:49:46 - INFO - Test: [0/40]		Batch-Time 0.818 (0.818)	
2026-06-15 22:49:51 - INFO - calculate similarity time: 0.058
2026-06-15 22:49:51 - INFO - Image to text (R@1, R@5, R@10): 79.9, 95.1, 97.3
2026-06-15 22:49:51 - INFO - Text to image (R@1, R@5, R@10): 65.4, 88.9, 93.4
2026-06-15 22:49:51 - INFO - Current rsum is 520.0
2026-06-15 22:49:51 - INFO - Epoch: [18], Best rsum: 521.9 

2026-06-15 22:49:51 - INFO - Epoch 19: LR adjusted to 6.64e-06 (base: 2.00e-04)
2026-06-15 22:50:08 - INFO - Epoch: [19][92/1132]	Iter 43199  lr 6.6360018907799e-06  Loss 5.9588 (8.1046)	Batch-Time 0.18 (0.19)	Data 0.009 (0.015)	
2026-06-15 22:50:26 - INFO - Epoch: [19][192/1132]	Iter 43399  lr 6.6360018907799e-06  Loss 11.1929 (8.2579)	Batch-Time 0.18 (0.18)	Data 0.009 (0.011)	
2026-06-15 22:50:44 - INFO - Epoch: [19][292/1132]	Iter 43599  lr 6.6360018907799e-06  Loss 7.8078 (8.2449)	Batch-Time 0.18 (0.18)	Data 0.009 (0.010)	
2026-06-15 22:51:02 - INFO - Epoch: [19][392/1132]	Iter 43799  lr 6.6360018907799e-06  Loss 8.0741 (8.1882)	Batch-Time 0.17 (0.18)	Data 0.008 (0.010)	
2026-06-15 22:51:20 - INFO - Epoch: [19][492/1132]	Iter 43999  lr 6.6360018907799e-06  Loss 7.7731 (8.2158)	Batch-Time 0.18 (0.18)	Data 0.009 (0.010)	
2026-06-15 22:51:38 - INFO - Epoch: [19][592/1132]	Iter 44199  lr 6.6360018907799e-06  Loss 7.5698 (8.1577)	Batch-Time 0.18 (0.18)	Data 0.008 (0.009)	
2026-06-15 22:51:56 - INFO - Epoch: [19][692/1132]	Iter 44399  lr 6.6360018907799e-06  Loss 6.6313 (8.1312)	Batch-Time 0.18 (0.18)	Data 0.009 (0.009)	
2026-06-15 22:52:14 - INFO - Epoch: [19][792/1132]	Iter 44599  lr 6.6360018907799e-06  Loss 7.3996 (8.1733)	Batch-Time 0.17 (0.18)	Data 0.009 (0.009)	
2026-06-15 22:52:32 - INFO - Epoch: [19][892/1132]	Iter 44799  lr 6.6360018907799e-06  Loss 9.7484 (8.1467)	Batch-Time 0.17 (0.18)	Data 0.009 (0.009)	
2026-06-15 22:52:50 - INFO - Epoch: [19][992/1132]	Iter 44999  lr 6.6360018907799e-06  Loss 8.2321 (8.1434)	Batch-Time 0.18 (0.18)	Data 0.009 (0.009)	
2026-06-15 22:53:08 - INFO - Epoch: [19][1092/1132]	Iter 45199  lr 6.6360018907799e-06  Loss 7.7461 (8.1478)	Batch-Time 0.19 (0.18)	Data 0.009 (0.009)	
2026-06-15 22:53:16 - INFO - Test: [0/40]		Batch-Time 0.823 (0.823)	
2026-06-15 22:53:21 - INFO - calculate similarity time: 0.067
2026-06-15 22:53:21 - INFO - Image to text (R@1, R@5, R@10): 80.1, 95.4, 97.5
2026-06-15 22:53:21 - INFO - Text to image (R@1, R@5, R@10): 65.5, 88.8, 93.7
2026-06-15 22:53:21 - INFO - Current rsum is 521.0
2026-06-15 22:53:21 - INFO - Epoch: [19], Best rsum: 521.9 

2026-06-15 22:53:21 - INFO - Epoch 20: LR adjusted to 5.75e-06 (base: 2.00e-04)
2026-06-15 22:53:32 - INFO - Epoch: [20][60/1132]	Iter 45399  lr 5.750000000000002e-06  Loss 6.9369 (8.1934)	Batch-Time 0.18 (0.19)	Data 0.009 (0.020)	
2026-06-15 22:53:50 - INFO - Epoch: [20][160/1132]	Iter 45599  lr 5.750000000000002e-06  Loss 4.0911 (7.8792)	Batch-Time 0.18 (0.18)	Data 0.008 (0.013)	
2026-06-15 22:54:08 - INFO - Epoch: [20][260/1132]	Iter 45799  lr 5.750000000000002e-06  Loss 7.9088 (8.0154)	Batch-Time 0.19 (0.18)	Data 0.008 (0.011)	
2026-06-15 22:54:26 - INFO - Epoch: [20][360/1132]	Iter 45999  lr 5.750000000000002e-06  Loss 8.3433 (7.8564)	Batch-Time 0.18 (0.18)	Data 0.009 (0.011)	
2026-06-15 22:54:44 - INFO - Epoch: [20][460/1132]	Iter 46199  lr 5.750000000000002e-06  Loss 8.6855 (7.9365)	Batch-Time 0.18 (0.18)	Data 0.009 (0.010)	
2026-06-15 22:55:02 - INFO - Epoch: [20][560/1132]	Iter 46399  lr 5.750000000000002e-06  Loss 13.4802 (7.9672)	Batch-Time 0.18 (0.18)	Data 0.009 (0.010)	
2026-06-15 22:55:20 - INFO - Epoch: [20][660/1132]	Iter 46599  lr 5.750000000000002e-06  Loss 7.5763 (7.9404)	Batch-Time 0.18 (0.18)	Data 0.009 (0.010)	
2026-06-15 22:55:38 - INFO - Epoch: [20][760/1132]	Iter 46799  lr 5.750000000000002e-06  Loss 7.6023 (7.9590)	Batch-Time 0.18 (0.18)	Data 0.009 (0.009)	
2026-06-15 22:55:56 - INFO - Epoch: [20][860/1132]	Iter 46999  lr 5.750000000000002e-06  Loss 6.9407 (8.0096)	Batch-Time 0.18 (0.18)	Data 0.009 (0.009)	
2026-06-15 22:56:14 - INFO - Epoch: [20][960/1132]	Iter 47199  lr 5.750000000000002e-06  Loss 4.8207 (8.0006)	Batch-Time 0.18 (0.18)	Data 0.009 (0.009)	
2026-06-15 22:56:32 - INFO - Epoch: [20][1060/1132]	Iter 47399  lr 5.750000000000002e-06  Loss 6.7448 (8.0029)	Batch-Time 0.18 (0.18)	Data 0.009 (0.009)	
2026-06-15 22:56:46 - INFO - Test: [0/40]		Batch-Time 0.772 (0.772)	
2026-06-15 22:56:51 - INFO - calculate similarity time: 0.063
2026-06-15 22:56:51 - INFO - Image to text (R@1, R@5, R@10): 80.7, 94.9, 97.3
2026-06-15 22:56:51 - INFO - Text to image (R@1, R@5, R@10): 66.2, 89.0, 93.6
2026-06-15 22:56:51 - INFO - Current rsum is 521.7
2026-06-15 22:56:51 - INFO - Epoch: [20], Best rsum: 521.9 

2026-06-15 22:56:51 - INFO - Epoch 21: LR adjusted to 4.92e-06 (base: 2.00e-04)
2026-06-15 22:56:56 - INFO - Epoch: [21][28/1132]	Iter 47599  lr 4.916040103221506e-06  Loss 7.9221 (8.3957)	Batch-Time 0.18 (0.20)	Data 0.009 (0.031)	
2026-06-15 22:57:15 - INFO - Epoch: [21][128/1132]	Iter 47799  lr 4.916040103221506e-06  Loss 6.9508 (7.5349)	Batch-Time 0.18 (0.19)	Data 0.009 (0.014)	
2026-06-15 22:57:33 - INFO - Epoch: [21][228/1132]	Iter 47999  lr 4.916040103221506e-06  Loss 12.3007 (7.8682)	Batch-Time 0.18 (0.18)	Data 0.008 (0.011)	
2026-06-15 22:57:50 - INFO - Epoch: [21][328/1132]	Iter 48199  lr 4.916040103221506e-06  Loss 7.3933 (7.8715)	Batch-Time 0.19 (0.18)	Data 0.009 (0.011)	
2026-06-15 22:58:08 - INFO - Epoch: [21][428/1132]	Iter 48399  lr 4.916040103221506e-06  Loss 10.2892 (7.8675)	Batch-Time 0.18 (0.18)	Data 0.009 (0.010)	
2026-06-15 22:58:26 - INFO - Epoch: [21][528/1132]	Iter 48599  lr 4.916040103221506e-06  Loss 8.8274 (7.7677)	Batch-Time 0.17 (0.18)	Data 0.008 (0.010)	
2026-06-15 22:58:44 - INFO - Epoch: [21][628/1132]	Iter 48799  lr 4.916040103221506e-06  Loss 13.7244 (7.7785)	Batch-Time 0.18 (0.18)	Data 0.009 (0.010)	
2026-06-15 22:59:02 - INFO - Epoch: [21][728/1132]	Iter 48999  lr 4.916040103221506e-06  Loss 11.1935 (7.7580)	Batch-Time 0.17 (0.18)	Data 0.009 (0.009)	
2026-06-15 22:59:20 - INFO - Epoch: [21][828/1132]	Iter 49199  lr 4.916040103221506e-06  Loss 11.8048 (7.7867)	Batch-Time 0.18 (0.18)	Data 0.009 (0.009)	
2026-06-15 22:59:38 - INFO - Epoch: [21][928/1132]	Iter 49399  lr 4.916040103221506e-06  Loss 4.0963 (7.8099)	Batch-Time 0.18 (0.18)	Data 0.009 (0.009)	
2026-06-15 22:59:56 - INFO - Epoch: [21][1028/1132]	Iter 49599  lr 4.916040103221506e-06  Loss 10.1207 (7.7884)	Batch-Time 0.18 (0.18)	Data 0.009 (0.009)	
2026-06-15 23:00:14 - INFO - Epoch: [21][1128/1132]	Iter 49799  lr 4.916040103221506e-06  Loss 6.4922 (7.7605)	Batch-Time 0.17 (0.18)	Data 0.009 (0.009)	
2026-06-15 23:00:15 - INFO - Test: [0/40]		Batch-Time 0.863 (0.863)	
2026-06-15 23:00:20 - INFO - calculate similarity time: 0.062
2026-06-15 23:00:20 - INFO - Image to text (R@1, R@5, R@10): 80.3, 94.8, 97.6
2026-06-15 23:00:20 - INFO - Text to image (R@1, R@5, R@10): 66.3, 88.9, 93.6
2026-06-15 23:00:20 - INFO - Current rsum is 521.5
2026-06-15 23:00:20 - INFO - Epoch: [21], Best rsum: 521.9 

2026-06-15 23:00:20 - INFO - Epoch 22: LR adjusted to 4.14e-06 (base: 2.00e-04)
2026-06-15 23:00:38 - INFO - Epoch: [22][96/1132]	Iter 49999  lr 4.14325923959085e-06  Loss 9.6506 (7.7413)	Batch-Time 0.18 (0.19)	Data 0.009 (0.015)	
2026-06-15 23:00:56 - INFO - Epoch: [22][196/1132]	Iter 50199  lr 4.14325923959085e-06  Loss 6.4502 (7.5807)	Batch-Time 0.18 (0.18)	Data 0.008 (0.012)	
2026-06-15 23:01:14 - INFO - Epoch: [22][296/1132]	Iter 50399  lr 4.14325923959085e-06  Loss 2.5644 (7.3957)	Batch-Time 0.18 (0.18)	Data 0.009 (0.011)	
2026-06-15 23:01:32 - INFO - Epoch: [22][396/1132]	Iter 50599  lr 4.14325923959085e-06  Loss 10.6568 (7.2525)	Batch-Time 0.18 (0.18)	Data 0.009 (0.010)	
2026-06-15 23:01:50 - INFO - Epoch: [22][496/1132]	Iter 50799  lr 4.14325923959085e-06  Loss 7.5017 (7.2031)	Batch-Time 0.18 (0.18)	Data 0.009 (0.010)	
2026-06-15 23:02:08 - INFO - Epoch: [22][596/1132]	Iter 50999  lr 4.14325923959085e-06  Loss 8.5372 (7.2822)	Batch-Time 0.19 (0.18)	Data 0.009 (0.010)	
2026-06-15 23:02:26 - INFO - Epoch: [22][696/1132]	Iter 51199  lr 4.14325923959085e-06  Loss 6.5283 (7.2813)	Batch-Time 0.18 (0.18)	Data 0.009 (0.009)	
2026-06-15 23:02:44 - INFO - Epoch: [22][796/1132]	Iter 51399  lr 4.14325923959085e-06  Loss 9.0223 (7.3000)	Batch-Time 0.18 (0.18)	Data 0.009 (0.009)	
2026-06-15 23:03:02 - INFO - Epoch: [22][896/1132]	Iter 51599  lr 4.14325923959085e-06  Loss 8.4420 (7.3075)	Batch-Time 0.18 (0.18)	Data 0.009 (0.009)	
2026-06-15 23:03:20 - INFO - Epoch: [22][996/1132]	Iter 51799  lr 4.14325923959085e-06  Loss 6.0825 (7.3094)	Batch-Time 0.18 (0.18)	Data 0.009 (0.009)	
2026-06-15 23:03:38 - INFO - Epoch: [22][1096/1132]	Iter 51999  lr 4.14325923959085e-06  Loss 7.3227 (7.2932)	Batch-Time 0.18 (0.18)	Data 0.008 (0.009)	
2026-06-15 23:03:45 - INFO - Test: [0/40]		Batch-Time 0.695 (0.695)	
2026-06-15 23:03:50 - INFO - calculate similarity time: 0.062
2026-06-15 23:03:50 - INFO - Image to text (R@1, R@5, R@10): 79.8, 95.3, 97.8
2026-06-15 23:03:50 - INFO - Text to image (R@1, R@5, R@10): 66.2, 88.9, 93.7
2026-06-15 23:03:50 - INFO - Current rsum is 521.7
2026-06-15 23:03:50 - INFO - Epoch: [22], Best rsum: 521.9 

2026-06-15 23:03:50 - INFO - Epoch 23: LR adjusted to 3.44e-06 (base: 2.00e-04)
2026-06-15 23:04:02 - INFO - Epoch: [23][64/1132]	Iter 52199  lr 3.4401241579647533e-06  Loss 9.4635 (7.0346)	Batch-Time 0.17 (0.19)	Data 0.009 (0.019)	
2026-06-15 23:04:20 - INFO - Epoch: [23][164/1132]	Iter 52399  lr 3.4401241579647533e-06  Loss 5.8143 (7.0070)	Batch-Time 0.18 (0.18)	Data 0.009 (0.013)	
2026-06-15 23:04:38 - INFO - Epoch: [23][264/1132]	Iter 52599  lr 3.4401241579647533e-06  Loss 5.8444 (7.0331)	Batch-Time 0.18 (0.18)	Data 0.009 (0.011)	
2026-06-15 23:04:56 - INFO - Epoch: [23][364/1132]	Iter 52799  lr 3.4401241579647533e-06  Loss 7.1071 (7.0410)	Batch-Time 0.18 (0.18)	Data 0.009 (0.010)	
2026-06-15 23:05:14 - INFO - Epoch: [23][464/1132]	Iter 52999  lr 3.4401241579647533e-06  Loss 9.4321 (7.0526)	Batch-Time 0.18 (0.18)	Data 0.009 (0.010)	
2026-06-15 23:05:32 - INFO - Epoch: [23][564/1132]	Iter 53199  lr 3.4401241579647533e-06  Loss 7.8972 (7.0677)	Batch-Time 0.18 (0.18)	Data 0.009 (0.010)	
2026-06-15 23:05:50 - INFO - Epoch: [23][664/1132]	Iter 53399  lr 3.4401241579647533e-06  Loss 6.0930 (7.1024)	Batch-Time 0.18 (0.18)	Data 0.008 (0.010)	
2026-06-15 23:06:08 - INFO - Epoch: [23][764/1132]	Iter 53599  lr 3.4401241579647533e-06  Loss 7.5453 (7.0972)	Batch-Time 0.18 (0.18)	Data 0.009 (0.009)	
2026-06-15 23:06:26 - INFO - Epoch: [23][864/1132]	Iter 53799  lr 3.4401241579647533e-06  Loss 6.1700 (7.0776)	Batch-Time 0.18 (0.18)	Data 0.009 (0.009)	
2026-06-15 23:06:44 - INFO - Epoch: [23][964/1132]	Iter 53999  lr 3.4401241579647533e-06  Loss 9.0115 (7.0565)	Batch-Time 0.18 (0.18)	Data 0.009 (0.009)	
2026-06-15 23:07:02 - INFO - Epoch: [23][1064/1132]	Iter 54199  lr 3.4401241579647533e-06  Loss 4.0190 (7.0554)	Batch-Time 0.18 (0.18)	Data 0.009 (0.009)	
2026-06-15 23:07:15 - INFO - Test: [0/40]		Batch-Time 0.903 (0.903)	
2026-06-15 23:07:20 - INFO - calculate similarity time: 0.058
2026-06-15 23:07:20 - INFO - Image to text (R@1, R@5, R@10): 81.0, 95.1, 98.0
2026-06-15 23:07:20 - INFO - Text to image (R@1, R@5, R@10): 66.6, 89.0, 93.7
2026-06-15 23:07:20 - INFO - Current rsum is 523.4
2026-06-15 23:07:20 - INFO - Epoch: [23], Best rsum: 523.4 

2026-06-15 23:07:21 - INFO - Epoch 24: LR adjusted to 2.81e-06 (base: 2.00e-04)
2026-06-15 23:07:27 - INFO - Epoch: [24][32/1132]	Iter 54399  lr 2.8143385534380006e-06  Loss 6.4780 (6.4562)	Batch-Time 0.18 (0.20)	Data 0.007 (0.026)	
2026-06-15 23:07:45 - INFO - Epoch: [24][132/1132]	Iter 54599  lr 2.8143385534380006e-06  Loss 7.7582 (6.6577)	Batch-Time 0.18 (0.18)	Data 0.009 (0.013)	
2026-06-15 23:08:03 - INFO - Epoch: [24][232/1132]	Iter 54799  lr 2.8143385534380006e-06  Loss 6.8978 (6.7539)	Batch-Time 0.19 (0.18)	Data 0.009 (0.011)	
2026-06-15 23:08:21 - INFO - Epoch: [24][332/1132]	Iter 54999  lr 2.8143385534380006e-06  Loss 10.4808 (6.7798)	Batch-Time 0.18 (0.18)	Data 0.009 (0.010)	
2026-06-15 23:08:39 - INFO - Epoch: [24][432/1132]	Iter 55199  lr 2.8143385534380006e-06  Loss 8.2201 (6.8282)	Batch-Time 0.18 (0.18)	Data 0.009 (0.010)	
2026-06-15 23:08:57 - INFO - Epoch: [24][532/1132]	Iter 55399  lr 2.8143385534380006e-06  Loss 4.8744 (6.8316)	Batch-Time 0.18 (0.18)	Data 0.009 (0.010)	
2026-06-15 23:09:15 - INFO - Epoch: [24][632/1132]	Iter 55599  lr 2.8143385534380006e-06  Loss 5.9564 (6.8450)	Batch-Time 0.18 (0.18)	Data 0.008 (0.009)	
2026-06-15 23:09:33 - INFO - Epoch: [24][732/1132]	Iter 55799  lr 2.8143385534380006e-06  Loss 5.0020 (6.8139)	Batch-Time 0.18 (0.18)	Data 0.009 (0.009)	
2026-06-15 23:09:51 - INFO - Epoch: [24][832/1132]	Iter 55999  lr 2.8143385534380006e-06  Loss 7.6054 (6.8623)	Batch-Time 0.18 (0.18)	Data 0.009 (0.009)	
2026-06-15 23:10:09 - INFO - Epoch: [24][932/1132]	Iter 56199  lr 2.8143385534380006e-06  Loss 6.8823 (6.8787)	Batch-Time 0.18 (0.18)	Data 0.009 (0.009)	
2026-06-15 23:10:26 - INFO - Epoch: [24][1032/1132]	Iter 56399  lr 2.8143385534380006e-06  Loss 6.8299 (6.9011)	Batch-Time 0.18 (0.18)	Data 0.009 (0.009)	
2026-06-15 23:10:44 - INFO - Epoch: [24][1132/1132]	Iter 56599  lr 2.8143385534380006e-06  Loss 12.8382 (6.8895)	Batch-Time 0.18 (0.18)	Data 0.009 (0.009)	
2026-06-15 23:10:45 - INFO - Test: [0/40]		Batch-Time 0.856 (0.856)	
2026-06-15 23:10:50 - INFO - calculate similarity time: 0.060
2026-06-15 23:10:50 - INFO - Image to text (R@1, R@5, R@10): 79.3, 95.5, 97.7
2026-06-15 23:10:50 - INFO - Text to image (R@1, R@5, R@10): 66.2, 89.1, 93.5
2026-06-15 23:10:50 - INFO - Current rsum is 521.3
2026-06-15 23:10:50 - INFO - Epoch: [24], Best rsum: 523.4 

2026-06-15 23:10:50 - INFO - Epoch 25: LR adjusted to 2.27e-06 (base: 2.00e-04)
2026-06-15 23:11:08 - INFO - Epoch: [25][100/1132]	Iter 56799  lr 2.2727586640478324e-06  Loss 5.7487 (6.6114)	Batch-Time 0.18 (0.18)	Data 0.009 (0.015)	
2026-06-15 23:11:26 - INFO - Epoch: [25][200/1132]	Iter 56999  lr 2.2727586640478324e-06  Loss 9.5008 (6.7824)	Batch-Time 0.18 (0.18)	Data 0.009 (0.012)	
2026-06-15 23:11:44 - INFO - Epoch: [25][300/1132]	Iter 57199  lr 2.2727586640478324e-06  Loss 7.2994 (6.8636)	Batch-Time 0.18 (0.18)	Data 0.008 (0.011)	
2026-06-15 23:12:02 - INFO - Epoch: [25][400/1132]	Iter 57399  lr 2.2727586640478324e-06  Loss 7.0937 (6.7967)	Batch-Time 0.18 (0.18)	Data 0.007 (0.010)	
2026-06-15 23:12:20 - INFO - Epoch: [25][500/1132]	Iter 57599  lr 2.2727586640478324e-06  Loss 7.0860 (6.7979)	Batch-Time 0.18 (0.18)	Data 0.009 (0.010)	
2026-06-15 23:12:38 - INFO - Epoch: [25][600/1132]	Iter 57799  lr 2.2727586640478324e-06  Loss 8.1409 (6.7762)	Batch-Time 0.18 (0.18)	Data 0.009 (0.010)	
2026-06-15 23:12:56 - INFO - Epoch: [25][700/1132]	Iter 57999  lr 2.2727586640478324e-06  Loss 4.7045 (6.7721)	Batch-Time 0.18 (0.18)	Data 0.007 (0.010)	
2026-06-15 23:13:14 - INFO - Epoch: [25][800/1132]	Iter 58199  lr 2.2727586640478324e-06  Loss 5.4062 (6.7589)	Batch-Time 0.18 (0.18)	Data 0.009 (0.009)	
2026-06-15 23:13:32 - INFO - Epoch: [25][900/1132]	Iter 58399  lr 2.2727586640478324e-06  Loss 7.7179 (6.7838)	Batch-Time 0.18 (0.18)	Data 0.009 (0.009)	
2026-06-15 23:13:50 - INFO - Epoch: [25][1000/1132]	Iter 58599  lr 2.2727586640478324e-06  Loss 7.5655 (6.7897)	Batch-Time 0.19 (0.18)	Data 0.009 (0.009)	
2026-06-15 23:14:08 - INFO - Epoch: [25][1100/1132]	Iter 58799  lr 2.2727586640478324e-06  Loss 10.7070 (6.7878)	Batch-Time 0.18 (0.18)	Data 0.009 (0.009)	
2026-06-15 23:14:15 - INFO - Test: [0/40]		Batch-Time 0.706 (0.706)	
2026-06-15 23:14:20 - INFO - calculate similarity time: 0.062
2026-06-15 23:14:20 - INFO - Image to text (R@1, R@5, R@10): 79.7, 95.1, 97.3
2026-06-15 23:14:20 - INFO - Text to image (R@1, R@5, R@10): 65.9, 89.1, 93.6
2026-06-15 23:14:20 - INFO - Current rsum is 520.7
2026-06-15 23:14:20 - INFO - Epoch: [25], Best rsum: 523.4 

2026-06-15 23:14:20 - INFO - Epoch 26: LR adjusted to 1.82e-06 (base: 2.00e-04)
2026-06-15 23:14:33 - INFO - Epoch: [26][68/1132]	Iter 58999  lr 1.8213181523952908e-06  Loss 10.7935 (6.6380)	Batch-Time 0.17 (0.19)	Data 0.009 (0.017)	
2026-06-15 23:14:51 - INFO - Epoch: [26][168/1132]	Iter 59199  lr 1.8213181523952908e-06  Loss 3.3889 (6.5520)	Batch-Time 0.18 (0.18)	Data 0.009 (0.012)	
2026-06-15 23:15:09 - INFO - Epoch: [26][268/1132]	Iter 59399  lr 1.8213181523952908e-06  Loss 6.1579 (6.6045)	Batch-Time 0.18 (0.18)	Data 0.009 (0.011)	
2026-06-15 23:15:27 - INFO - Epoch: [26][368/1132]	Iter 59599  lr 1.8213181523952908e-06  Loss 5.5087 (6.7104)	Batch-Time 0.18 (0.18)	Data 0.009 (0.010)	
2026-06-15 23:15:44 - INFO - Epoch: [26][468/1132]	Iter 59799  lr 1.8213181523952908e-06  Loss 9.9358 (6.6343)	Batch-Time 0.18 (0.18)	Data 0.009 (0.010)	
2026-06-15 23:16:02 - INFO - Epoch: [26][568/1132]	Iter 59999  lr 1.8213181523952908e-06  Loss 6.3801 (6.6099)	Batch-Time 0.18 (0.18)	Data 0.008 (0.010)	
2026-06-15 23:16:20 - INFO - Epoch: [26][668/1132]	Iter 60199  lr 1.8213181523952908e-06  Loss 4.1277 (6.5765)	Batch-Time 0.18 (0.18)	Data 0.009 (0.009)	
2026-06-15 23:16:38 - INFO - Epoch: [26][768/1132]	Iter 60399  lr 1.8213181523952908e-06  Loss 6.1318 (6.6084)	Batch-Time 0.18 (0.18)	Data 0.008 (0.009)	
2026-06-15 23:16:56 - INFO - Epoch: [26][868/1132]	Iter 60599  lr 1.8213181523952908e-06  Loss 8.2464 (6.6567)	Batch-Time 0.18 (0.18)	Data 0.009 (0.009)	
2026-06-15 23:17:14 - INFO - Epoch: [26][968/1132]	Iter 60799  lr 1.8213181523952908e-06  Loss 9.1186 (6.6474)	Batch-Time 0.18 (0.18)	Data 0.009 (0.009)	
2026-06-15 23:17:32 - INFO - Epoch: [26][1068/1132]	Iter 60999  lr 1.8213181523952908e-06  Loss 5.3585 (6.6458)	Batch-Time 0.17 (0.18)	Data 0.008 (0.009)	
2026-06-15 23:17:44 - INFO - Test: [0/40]		Batch-Time 0.780 (0.780)	
2026-06-15 23:17:49 - INFO - calculate similarity time: 0.060
2026-06-15 23:17:49 - INFO - Image to text (R@1, R@5, R@10): 81.1, 94.8, 97.5
2026-06-15 23:17:49 - INFO - Text to image (R@1, R@5, R@10): 66.3, 89.0, 93.6
2026-06-15 23:17:49 - INFO - Current rsum is 522.3
2026-06-15 23:17:49 - INFO - Epoch: [26], Best rsum: 523.4 

2026-06-15 23:17:49 - INFO - Epoch 27: LR adjusted to 1.46e-06 (base: 2.00e-04)
2026-06-15 23:17:56 - INFO - Epoch: [27][36/1132]	Iter 61199  lr 1.4649630951960416e-06  Loss 3.4238 (6.6635)	Batch-Time 0.17 (0.20)	Data 0.009 (0.025)	
2026-06-15 23:18:14 - INFO - Epoch: [27][136/1132]	Iter 61399  lr 1.4649630951960416e-06  Loss 5.1929 (6.6890)	Batch-Time 0.18 (0.18)	Data 0.009 (0.013)	
2026-06-15 23:18:32 - INFO - Epoch: [27][236/1132]	Iter 61599  lr 1.4649630951960416e-06  Loss 4.9584 (6.6639)	Batch-Time 0.18 (0.18)	Data 0.008 (0.011)	
2026-06-15 23:18:50 - INFO - Epoch: [27][336/1132]	Iter 61799  lr 1.4649630951960416e-06  Loss 8.7113 (6.6127)	Batch-Time 0.18 (0.18)	Data 0.009 (0.010)	
2026-06-15 23:19:08 - INFO - Epoch: [27][436/1132]	Iter 61999  lr 1.4649630951960416e-06  Loss 4.8042 (6.5902)	Batch-Time 0.18 (0.18)	Data 0.007 (0.010)	
2026-06-15 23:19:26 - INFO - Epoch: [27][536/1132]	Iter 62199  lr 1.4649630951960416e-06  Loss 4.8890 (6.5792)	Batch-Time 0.18 (0.18)	Data 0.009 (0.010)	
2026-06-15 23:19:44 - INFO - Epoch: [27][636/1132]	Iter 62399  lr 1.4649630951960416e-06  Loss 5.7287 (6.6451)	Batch-Time 0.18 (0.18)	Data 0.009 (0.009)	
2026-06-15 23:20:02 - INFO - Epoch: [27][736/1132]	Iter 62599  lr 1.4649630951960416e-06  Loss 5.9526 (6.6742)	Batch-Time 0.18 (0.18)	Data 0.009 (0.009)	
2026-06-15 23:20:20 - INFO - Epoch: [27][836/1132]	Iter 62799  lr 1.4649630951960416e-06  Loss 6.2286 (6.5990)	Batch-Time 0.18 (0.18)	Data 0.009 (0.009)	
2026-06-15 23:20:38 - INFO - Epoch: [27][936/1132]	Iter 62999  lr 1.4649630951960416e-06  Loss 7.3416 (6.5673)	Batch-Time 0.18 (0.18)	Data 0.007 (0.009)	
2026-06-15 23:20:56 - INFO - Epoch: [27][1036/1132]	Iter 63199  lr 1.4649630951960416e-06  Loss 2.5617 (6.5641)	Batch-Time 0.20 (0.18)	Data 0.009 (0.009)	
2026-06-15 23:21:14 - INFO - Test: [0/40]		Batch-Time 0.887 (0.886)	
2026-06-15 23:21:19 - INFO - calculate similarity time: 0.062
2026-06-15 23:21:19 - INFO - Image to text (R@1, R@5, R@10): 80.5, 95.3, 97.2
2026-06-15 23:21:19 - INFO - Text to image (R@1, R@5, R@10): 66.5, 89.1, 93.6
2026-06-15 23:21:19 - INFO - Current rsum is 522.2
2026-06-15 23:21:19 - INFO - Epoch: [27], Best rsum: 523.4 

2026-06-15 23:21:19 - INFO - Epoch 28: LR adjusted to 1.21e-06 (base: 2.00e-04)
2026-06-15 23:21:21 - INFO - Epoch: [28][4/1132]	Iter 63399  lr 1.207597793028846e-06  Loss 4.4584 (5.3529)	Batch-Time 0.20 (0.37)	Data 0.009 (0.188)	
2026-06-15 23:21:39 - INFO - Epoch: [28][104/1132]	Iter 63599  lr 1.207597793028846e-06  Loss 4.9060 (6.0850)	Batch-Time 0.18 (0.19)	Data 0.009 (0.015)	
2026-06-15 23:21:56 - INFO - Epoch: [28][204/1132]	Iter 63799  lr 1.207597793028846e-06  Loss 3.9881 (6.3438)	Batch-Time 0.18 (0.18)	Data 0.009 (0.012)	
2026-06-15 23:22:14 - INFO - Epoch: [28][304/1132]	Iter 63999  lr 1.207597793028846e-06  Loss 9.2276 (6.3592)	Batch-Time 0.18 (0.18)	Data 0.007 (0.011)	
2026-06-15 23:22:32 - INFO - Epoch: [28][404/1132]	Iter 64199  lr 1.207597793028846e-06  Loss 6.1886 (6.3869)	Batch-Time 0.18 (0.18)	Data 0.009 (0.010)	
2026-06-15 23:22:50 - INFO - Epoch: [28][504/1132]	Iter 64399  lr 1.207597793028846e-06  Loss 4.4259 (6.3567)	Batch-Time 0.19 (0.18)	Data 0.009 (0.010)	
2026-06-15 23:23:08 - INFO - Epoch: [28][604/1132]	Iter 64599  lr 1.207597793028846e-06  Loss 6.0029 (6.3130)	Batch-Time 0.18 (0.18)	Data 0.008 (0.010)	
2026-06-15 23:23:26 - INFO - Epoch: [28][704/1132]	Iter 64799  lr 1.207597793028846e-06  Loss 11.6938 (6.3007)	Batch-Time 0.17 (0.18)	Data 0.007 (0.009)	
2026-06-15 23:23:44 - INFO - Epoch: [28][804/1132]	Iter 64999  lr 1.207597793028846e-06  Loss 2.8550 (6.3279)	Batch-Time 0.18 (0.18)	Data 0.008 (0.009)	
2026-06-15 23:24:02 - INFO - Epoch: [28][904/1132]	Iter 65199  lr 1.207597793028846e-06  Loss 5.3640 (6.3622)	Batch-Time 0.18 (0.18)	Data 0.008 (0.009)	
2026-06-15 23:24:20 - INFO - Epoch: [28][1004/1132]	Iter 65399  lr 1.207597793028846e-06  Loss 6.2830 (6.3664)	Batch-Time 0.18 (0.18)	Data 0.009 (0.009)	
2026-06-15 23:24:38 - INFO - Epoch: [28][1104/1132]	Iter 65599  lr 1.207597793028846e-06  Loss 8.2551 (6.3769)	Batch-Time 0.18 (0.18)	Data 0.009 (0.009)	
2026-06-15 23:24:44 - INFO - Test: [0/40]		Batch-Time 0.853 (0.853)	
2026-06-15 23:24:49 - INFO - calculate similarity time: 0.069
2026-06-15 23:24:49 - INFO - Image to text (R@1, R@5, R@10): 80.4, 95.2, 97.4
2026-06-15 23:24:49 - INFO - Text to image (R@1, R@5, R@10): 66.7, 89.2, 93.7
2026-06-15 23:24:49 - INFO - Current rsum is 522.6
2026-06-15 23:24:49 - INFO - Epoch: [28], Best rsum: 523.4 

2026-06-15 23:24:49 - INFO - Epoch 29: LR adjusted to 1.05e-06 (base: 2.00e-04)
2026-06-15 23:25:03 - INFO - Epoch: [29][72/1132]	Iter 65799  lr 1.0520419940014037e-06  Loss 5.9026 (6.2757)	Batch-Time 0.18 (0.19)	Data 0.009 (0.017)	
2026-06-15 23:25:21 - INFO - Epoch: [29][172/1132]	Iter 65999  lr 1.0520419940014037e-06  Loss 8.9974 (6.4148)	Batch-Time 0.18 (0.18)	Data 0.009 (0.012)	
2026-06-15 23:25:39 - INFO - Epoch: [29][272/1132]	Iter 66199  lr 1.0520419940014037e-06  Loss 5.2229 (6.4465)	Batch-Time 0.17 (0.18)	Data 0.009 (0.011)	
2026-06-15 23:25:57 - INFO - Epoch: [29][372/1132]	Iter 66399  lr 1.0520419940014037e-06  Loss 6.8770 (6.3992)	Batch-Time 0.18 (0.18)	Data 0.009 (0.010)	
2026-06-15 23:26:15 - INFO - Epoch: [29][472/1132]	Iter 66599  lr 1.0520419940014037e-06  Loss 4.1457 (6.3698)	Batch-Time 0.19 (0.18)	Data 0.009 (0.010)	
2026-06-15 23:26:33 - INFO - Epoch: [29][572/1132]	Iter 66799  lr 1.0520419940014037e-06  Loss 4.9864 (6.3731)	Batch-Time 0.18 (0.18)	Data 0.008 (0.010)	
2026-06-15 23:26:50 - INFO - Epoch: [29][672/1132]	Iter 66999  lr 1.0520419940014037e-06  Loss 5.5755 (6.3460)	Batch-Time 0.18 (0.18)	Data 0.009 (0.009)	
2026-06-15 23:27:08 - INFO - Epoch: [29][772/1132]	Iter 67199  lr 1.0520419940014037e-06  Loss 8.7243 (6.3289)	Batch-Time 0.18 (0.18)	Data 0.009 (0.009)	
2026-06-15 23:27:26 - INFO - Epoch: [29][872/1132]	Iter 67399  lr 1.0520419940014037e-06  Loss 11.6515 (6.3384)	Batch-Time 0.18 (0.18)	Data 0.009 (0.009)	
2026-06-15 23:27:44 - INFO - Epoch: [29][972/1132]	Iter 67599  lr 1.0520419940014037e-06  Loss 7.0507 (6.3783)	Batch-Time 0.18 (0.18)	Data 0.009 (0.009)	
2026-06-15 23:28:02 - INFO - Epoch: [29][1072/1132]	Iter 67799  lr 1.0520419940014037e-06  Loss 6.0192 (6.3751)	Batch-Time 0.18 (0.18)	Data 0.009 (0.009)	
2026-06-15 23:28:14 - INFO - Test: [0/40]		Batch-Time 0.858 (0.858)	
2026-06-15 23:28:19 - INFO - calculate similarity time: 0.064
2026-06-15 23:28:19 - INFO - Image to text (R@1, R@5, R@10): 80.3, 95.2, 97.5
2026-06-15 23:28:19 - INFO - Text to image (R@1, R@5, R@10): 66.6, 89.2, 93.6
2026-06-15 23:28:19 - INFO - Current rsum is 522.4
2026-06-15 23:28:19 - INFO - Epoch: [29], Best rsum: 523.4 

