2026-06-17 08:36:47 - INFO - Namespace(dataset='f30k', embed_size=1536, img_res=384, change_lr=0.1, sim='i2t', lora_type='all', imageEncoder_type='swin', freeze_backbone=False, lora=False, cut_size=384, distill=False, text_mask_rate=0.15, max_word=100, batch_size=128, workers=4, learning_rate=0.0002, multi_gpu=0, gpu_id=0, seed=0, num_epochs=30, margin=0.3, gpo_size1=32, gpo_size2=32, loss_type='vse', grad_clip=2.0, max_violation=False, vse_mean_warmup_epochs=1, embedding_warmup_epochs=0, data_path='data', log_step=200, val_step=500, f30k_img_path='data/flickr30k_images', coco_img_path='data/coco_images', self_img_path='data/self_images', world_size=1, rank=0, local_rank=0, token_compress=False, dist_backend='nccl', dist_url='env://', size_augment=1, eval=1, save_results=1, evaluate_cxc=0, bert_path='../weights_models/bert-base-uncased', hugging_face=True, shard_size=256, model_name='log/20260617-083647', logger_name='log/20260617-083647')
2026-06-17 08:36:48 - INFO - HTTP Request: HEAD https://hf-mirror.com/bert-base-uncased/resolve/main/tokenizer_config.json "HTTP/1.1 200 OK"
2026-06-17 08:36:48 - INFO - HTTP Request: GET https://hf-mirror.com/api/models/bert-base-uncased/tree/main/additional_chat_templates?recursive=false&expand=false "HTTP/1.1 307 Temporary Redirect"
2026-06-17 08:36:48 - INFO - HTTP Request: GET https://hf-mirror.com/api/models/google-bert/bert-base-uncased/tree/main/additional_chat_templates?recursive=false&expand=false "HTTP/1.1 404 Not Found"
2026-06-17 08:36:48 - INFO - HTTP Request: GET https://hf-mirror.com/api/models/bert-base-uncased/tree/main?recursive=true&expand=false "HTTP/1.1 307 Temporary Redirect"
2026-06-17 08:36:48 - INFO - HTTP Request: GET https://hf-mirror.com/api/models/google-bert/bert-base-uncased/tree/main?recursive=true&expand=false "HTTP/1.1 200 OK"
2026-06-17 08:36:48 - INFO - HTTP Request: HEAD https://hf-mirror.com/microsoft/swin-base-patch4-window12-384-in22k/resolve/main/config.json "HTTP/1.1 307 Temporary Redirect"
2026-06-17 08:36:49 - INFO - HTTP Request: HEAD https://hf-mirror.com/api/resolve-cache/models/microsoft/swin-base-patch4-window12-384-in22k/c2c8cfc218cfcf3f43091c4476137ed4f2fed9a2/config.json "HTTP/1.1 200 OK"
2026-06-17 08:36:49 - INFO - HTTP Request: HEAD https://hf-mirror.com/microsoft/swin-base-patch4-window12-384-in22k/resolve/main/config.json "HTTP/1.1 307 Temporary Redirect"
2026-06-17 08:36:49 - INFO - HTTP Request: HEAD https://hf-mirror.com/api/resolve-cache/models/microsoft/swin-base-patch4-window12-384-in22k/c2c8cfc218cfcf3f43091c4476137ed4f2fed9a2/config.json "HTTP/1.1 200 OK"
2026-06-17 08:36:50 - INFO - HTTP Request: HEAD https://hf-mirror.com/microsoft/swin-base-patch4-window12-384-in22k/resolve/main/model.safetensors "HTTP/1.1 404 Not Found"
2026-06-17 08:36:50 - INFO - HTTP Request: HEAD https://hf-mirror.com/microsoft/swin-base-patch4-window12-384-in22k/resolve/main/model.safetensors.index.json "HTTP/1.1 404 Not Found"
2026-06-17 08:36:50 - INFO - HTTP Request: HEAD https://hf-mirror.com/microsoft/swin-base-patch4-window12-384-in22k/resolve/main/pytorch_model.bin "HTTP/1.1 302 Found"
2026-06-17 08:36:50 - INFO - HTTP Request: HEAD https://hf-mirror.com/microsoft/swin-base-patch4-window12-384-in22k/resolve/main/model.safetensors "HTTP/1.1 404 Not Found"
2026-06-17 08:36:51 - INFO - HTTP Request: HEAD https://hf-mirror.com/bert-base-uncased/resolve/main/config.json "HTTP/1.1 200 OK"
2026-06-17 08:36:51 - INFO - HTTP Request: HEAD https://hf-mirror.com/bert-base-uncased/resolve/main/config.json "HTTP/1.1 200 OK"
2026-06-17 08:36:51 - INFO - HTTP Request: GET https://hf-mirror.com/api/models/microsoft/swin-base-patch4-window12-384-in22k "HTTP/1.1 200 OK"
2026-06-17 08:36:52 - INFO - HTTP Request: HEAD https://hf-mirror.com/bert-base-uncased/resolve/main/model.safetensors "HTTP/1.1 302 Found"
2026-06-17 08:36:52 - INFO - HTTP Request: GET https://hf-mirror.com/api/models/microsoft/swin-base-patch4-window12-384-in22k/commits/main "HTTP/1.1 200 OK"
2026-06-17 08:36:53 - INFO - Log saving path: log/20260617-083647
2026-06-17 08:36:53 - INFO - Models saving path: log/20260617-083647
2026-06-17 08:36:53 - INFO - Epoch 0: LR adjusted to 2.00e-05 (base: 2.00e-04)
2026-06-17 08:36:53 - INFO - image encoder trainable parameters: 85.86999999999999M
2026-06-17 08:36:53 - INFO - txt encoder trainable parameters: 113.44M
2026-06-17 08:36:53 - INFO - HTTP Request: GET https://hf-mirror.com/api/models/microsoft/swin-base-patch4-window12-384-in22k/discussions?p=0 "HTTP/1.1 200 OK"
2026-06-17 08:36:54 - INFO - HTTP Request: GET https://hf-mirror.com/api/models/microsoft/swin-base-patch4-window12-384-in22k/commits/refs%2Fpr%2F1 "HTTP/1.1 200 OK"
2026-06-17 08:36:55 - INFO - HTTP Request: HEAD https://hf-mirror.com/microsoft/swin-base-patch4-window12-384-in22k/resolve/refs%2Fpr%2F1/model.safetensors.index.json "HTTP/1.1 404 Not Found"
2026-06-17 08:36:55 - INFO - HTTP Request: HEAD https://hf-mirror.com/microsoft/swin-base-patch4-window12-384-in22k/resolve/refs%2Fpr%2F1/model.safetensors "HTTP/1.1 302 Found"
2026-06-17 08:38:26 - INFO - The first epoch for training backbone, warmup alpha for loss is 0
2026-06-17 08:38:26 - INFO - Epoch: [0][100/1132]	Iter 199  lr 2e-05  Loss 668.7066 (3099.1274)	Batch-Time 0.89 (0.94)	Data 0.007 (0.024)	
2026-06-17 08:39:56 - INFO - The first epoch for training backbone, warmup alpha for loss is 0
2026-06-17 08:39:56 - INFO - Epoch: [0][200/1132]	Iter 399  lr 2e-05  Loss 284.1326 (1771.8134)	Batch-Time 0.91 (0.92)	Data 0.008 (0.015)	
2026-06-17 08:41:26 - INFO - The first epoch for training backbone, warmup alpha for loss is 0
2026-06-17 08:41:26 - INFO - Epoch: [0][300/1132]	Iter 599  lr 2e-05  Loss 238.3229 (1306.6735)	Batch-Time 0.88 (0.91)	Data 0.007 (0.012)	
2026-06-17 08:42:56 - INFO - The first epoch for training backbone, warmup alpha for loss is 0
2026-06-17 08:42:56 - INFO - Epoch: [0][400/1132]	Iter 799  lr 2e-05  Loss 338.6172 (1058.5044)	Batch-Time 0.90 (0.91)	Data 0.007 (0.011)	
2026-06-17 08:44:26 - INFO - The first epoch for training backbone, warmup alpha for loss is 0
2026-06-17 08:44:26 - INFO - Epoch: [0][500/1132]	Iter 999  lr 2e-05  Loss 151.8982 (907.7098)	Batch-Time 0.89 (0.91)	Data 0.007 (0.010)	
2026-06-17 08:45:56 - INFO - The first epoch for training backbone, warmup alpha for loss is 0
2026-06-17 08:45:56 - INFO - Epoch: [0][600/1132]	Iter 1199  lr 2e-05  Loss 303.6978 (799.5473)	Batch-Time 0.90 (0.91)	Data 0.007 (0.009)	
2026-06-17 08:47:26 - INFO - The first epoch for training backbone, warmup alpha for loss is 0
2026-06-17 08:47:26 - INFO - Epoch: [0][700/1132]	Iter 1399  lr 2e-05  Loss 341.0322 (722.7526)	Batch-Time 0.91 (0.91)	Data 0.007 (0.009)	
2026-06-17 08:48:56 - INFO - The first epoch for training backbone, warmup alpha for loss is 0
2026-06-17 08:48:56 - INFO - Epoch: [0][800/1132]	Iter 1599  lr 2e-05  Loss 256.0178 (664.3238)	Batch-Time 0.89 (0.90)	Data 0.007 (0.009)	
2026-06-17 08:50:26 - INFO - The first epoch for training backbone, warmup alpha for loss is 0
2026-06-17 08:50:26 - INFO - Epoch: [0][900/1132]	Iter 1799  lr 2e-05  Loss 164.7081 (617.1294)	Batch-Time 0.89 (0.90)	Data 0.007 (0.008)	
2026-06-17 08:51:56 - INFO - The first epoch for training backbone, warmup alpha for loss is 0
2026-06-17 08:51:56 - INFO - Epoch: [0][1000/1132]	Iter 1999  lr 2e-05  Loss 249.2833 (578.9541)	Batch-Time 0.90 (0.90)	Data 0.007 (0.008)	
2026-06-17 08:53:26 - INFO - The first epoch for training backbone, warmup alpha for loss is 0
2026-06-17 08:53:26 - INFO - Epoch: [0][1100/1132]	Iter 2199  lr 2e-05  Loss 289.2791 (545.4367)	Batch-Time 0.90 (0.90)	Data 0.006 (0.008)	
2026-06-17 08:53:57 - INFO - Test: [0/40]		Batch-Time 1.778 (1.777)	
2026-06-17 08:54:09 - INFO - calculate similarity time: 0.589
2026-06-17 08:54:09 - INFO - Image to text (R@1, R@5, R@10): 59.4, 88.5, 94.7
2026-06-17 08:54:09 - INFO - Text to image (R@1, R@5, R@10): 49.8, 82.0, 90.0
2026-06-17 08:54:09 - INFO - Current rsum is 464.4
2026-06-17 08:54:09 - INFO - Epoch: [0], Best rsum: 464.4 

2026-06-17 08:54:10 - INFO - Epoch 1: LR adjusted to 1.99e-05 (base: 2.00e-04)
2026-06-17 08:55:13 - INFO - Epoch: [1][68/1132]	Iter 2399  lr 1.9947958005998597e-05  Loss 51.6549 (43.4482)	Batch-Time 0.88 (0.92)	Data 0.007 (0.024)	
2026-06-17 08:56:43 - INFO - Epoch: [1][168/1132]	Iter 2599  lr 1.9947958005998597e-05  Loss 46.5532 (42.2470)	Batch-Time 0.89 (0.91)	Data 0.006 (0.014)	
2026-06-17 08:58:13 - INFO - Epoch: [1][268/1132]	Iter 2799  lr 1.9947958005998597e-05  Loss 40.1633 (41.0946)	Batch-Time 0.89 (0.90)	Data 0.006 (0.011)	
2026-06-17 08:59:42 - INFO - Epoch: [1][368/1132]	Iter 2999  lr 1.9947958005998597e-05  Loss 34.7791 (40.0323)	Batch-Time 0.90 (0.90)	Data 0.006 (0.010)	
2026-06-17 09:01:12 - INFO - Epoch: [1][468/1132]	Iter 3199  lr 1.9947958005998597e-05  Loss 25.4391 (38.9400)	Batch-Time 0.91 (0.90)	Data 0.006 (0.009)	
2026-06-17 09:02:42 - INFO - Epoch: [1][568/1132]	Iter 3399  lr 1.9947958005998597e-05  Loss 36.4473 (38.0873)	Batch-Time 0.90 (0.90)	Data 0.007 (0.009)	
2026-06-17 09:04:12 - INFO - Epoch: [1][668/1132]	Iter 3599  lr 1.9947958005998597e-05  Loss 30.3466 (37.3567)	Batch-Time 0.90 (0.90)	Data 0.006 (0.008)	
2026-06-17 09:05:42 - INFO - Epoch: [1][768/1132]	Iter 3799  lr 1.9947958005998597e-05  Loss 31.3063 (36.6430)	Batch-Time 0.90 (0.90)	Data 0.007 (0.008)	
2026-06-17 09:07:12 - INFO - Epoch: [1][868/1132]	Iter 3999  lr 1.9947958005998597e-05  Loss 33.3534 (36.0269)	Batch-Time 0.92 (0.90)	Data 0.007 (0.008)	
2026-06-17 09:08:42 - INFO - Epoch: [1][968/1132]	Iter 4199  lr 1.9947958005998597e-05  Loss 25.2547 (35.3182)	Batch-Time 0.90 (0.90)	Data 0.005 (0.008)	
2026-06-17 09:10:12 - INFO - Epoch: [1][1068/1132]	Iter 4399  lr 1.9947958005998597e-05  Loss 28.4361 (34.6392)	Batch-Time 0.89 (0.90)	Data 0.007 (0.008)	
2026-06-17 09:11:12 - INFO - Test: [0/40]		Batch-Time 1.783 (1.783)	
2026-06-17 09:11:24 - INFO - calculate similarity time: 0.492
2026-06-17 09:11:24 - INFO - Image to text (R@1, R@5, R@10): 79.7, 96.2, 99.6
2026-06-17 09:11:24 - INFO - Text to image (R@1, R@5, R@10): 67.2, 91.3, 95.5
2026-06-17 09:11:24 - INFO - Current rsum is 529.6
2026-06-17 09:11:24 - INFO - Epoch: [1], Best rsum: 529.6 

2026-06-17 09:11:27 - INFO - Epoch 2: LR adjusted to 1.98e-05 (base: 2.00e-04)
2026-06-17 09:12:00 - INFO - Epoch: [2][36/1132]	Iter 4599  lr 1.9792402206971155e-05  Loss 17.8542 (23.5427)	Batch-Time 0.91 (0.93)	Data 0.006 (0.044)	
2026-06-17 09:13:30 - INFO - Epoch: [2][136/1132]	Iter 4799  lr 1.9792402206971155e-05  Loss 28.5070 (23.5902)	Batch-Time 0.87 (0.91)	Data 0.007 (0.016)	
2026-06-17 09:15:00 - INFO - Epoch: [2][236/1132]	Iter 4999  lr 1.9792402206971155e-05  Loss 24.8583 (23.6608)	Batch-Time 0.91 (0.91)	Data 0.007 (0.012)	
2026-06-17 09:16:30 - INFO - Epoch: [2][336/1132]	Iter 5199  lr 1.9792402206971155e-05  Loss 18.2173 (23.4736)	Batch-Time 0.90 (0.90)	Data 0.007 (0.011)	
2026-06-17 09:18:00 - INFO - Epoch: [2][436/1132]	Iter 5399  lr 1.9792402206971155e-05  Loss 20.4408 (23.2923)	Batch-Time 0.90 (0.90)	Data 0.007 (0.010)	
2026-06-17 09:19:30 - INFO - Epoch: [2][536/1132]	Iter 5599  lr 1.9792402206971155e-05  Loss 21.6179 (23.1199)	Batch-Time 0.90 (0.90)	Data 0.007 (0.009)	
2026-06-17 09:21:00 - INFO - Epoch: [2][636/1132]	Iter 5799  lr 1.9792402206971155e-05  Loss 19.8397 (22.9728)	Batch-Time 0.92 (0.90)	Data 0.007 (0.009)	
2026-06-17 09:22:30 - INFO - Epoch: [2][736/1132]	Iter 5999  lr 1.9792402206971155e-05  Loss 14.9231 (22.8920)	Batch-Time 0.91 (0.90)	Data 0.007 (0.008)	
2026-06-17 09:24:00 - INFO - Epoch: [2][836/1132]	Iter 6199  lr 1.9792402206971155e-05  Loss 19.6091 (22.9354)	Batch-Time 0.90 (0.90)	Data 0.006 (0.008)	
2026-06-17 09:25:30 - INFO - Epoch: [2][936/1132]	Iter 6399  lr 1.9792402206971155e-05  Loss 20.8755 (22.9064)	Batch-Time 0.90 (0.90)	Data 0.006 (0.008)	
2026-06-17 09:27:00 - INFO - Epoch: [2][1036/1132]	Iter 6599  lr 1.9792402206971155e-05  Loss 16.9200 (22.8545)	Batch-Time 0.90 (0.90)	Data 0.007 (0.008)	
2026-06-17 09:28:28 - INFO - Test: [0/40]		Batch-Time 1.581 (1.581)	
2026-06-17 09:28:40 - INFO - calculate similarity time: 0.499
2026-06-17 09:28:40 - INFO - Image to text (R@1, R@5, R@10): 83.0, 97.4, 99.1
2026-06-17 09:28:41 - INFO - Text to image (R@1, R@5, R@10): 69.5, 92.4, 95.9
2026-06-17 09:28:41 - INFO - Current rsum is 537.3
2026-06-17 09:28:41 - INFO - Epoch: [2], Best rsum: 537.3 

2026-06-17 09:28:42 - INFO - Epoch 3: LR adjusted to 1.95e-05 (base: 2.00e-04)
2026-06-17 09:28:46 - INFO - Epoch: [3][4/1132]	Iter 6799  lr 1.9535036904803962e-05  Loss 23.3542 (18.2574)	Batch-Time 0.86 (1.15)	Data 0.007 (0.299)	
2026-06-17 09:30:16 - INFO - Epoch: [3][104/1132]	Iter 6999  lr 1.9535036904803962e-05  Loss 19.6275 (19.5500)	Batch-Time 0.89 (0.91)	Data 0.006 (0.018)	
2026-06-17 09:31:46 - INFO - Epoch: [3][204/1132]	Iter 7199  lr 1.9535036904803962e-05  Loss 18.7002 (19.4267)	Batch-Time 0.90 (0.90)	Data 0.006 (0.012)	
2026-06-17 09:33:16 - INFO - Epoch: [3][304/1132]	Iter 7399  lr 1.9535036904803962e-05  Loss 17.9740 (19.5321)	Batch-Time 0.88 (0.90)	Data 0.006 (0.010)	
2026-06-17 09:34:46 - INFO - Epoch: [3][404/1132]	Iter 7599  lr 1.9535036904803962e-05  Loss 20.4274 (19.5700)	Batch-Time 0.90 (0.90)	Data 0.007 (0.009)	
2026-06-17 09:36:16 - INFO - Epoch: [3][504/1132]	Iter 7799  lr 1.9535036904803962e-05  Loss 15.7641 (19.6099)	Batch-Time 0.91 (0.90)	Data 0.006 (0.009)	
2026-06-17 09:37:46 - INFO - Epoch: [3][604/1132]	Iter 7999  lr 1.9535036904803962e-05  Loss 22.7477 (19.5276)	Batch-Time 0.90 (0.90)	Data 0.006 (0.008)	
2026-06-17 09:39:16 - INFO - Epoch: [3][704/1132]	Iter 8199  lr 1.9535036904803962e-05  Loss 24.9068 (19.5982)	Batch-Time 0.89 (0.90)	Data 0.006 (0.008)	
2026-06-17 09:40:46 - INFO - Epoch: [3][804/1132]	Iter 8399  lr 1.9535036904803962e-05  Loss 18.0721 (19.5371)	Batch-Time 0.90 (0.90)	Data 0.007 (0.008)	
2026-06-17 09:42:16 - INFO - Epoch: [3][904/1132]	Iter 8599  lr 1.9535036904803962e-05  Loss 18.2569 (19.4471)	Batch-Time 0.90 (0.90)	Data 0.007 (0.008)	
2026-06-17 09:43:46 - INFO - Epoch: [3][1004/1132]	Iter 8799  lr 1.9535036904803962e-05  Loss 17.7132 (19.2787)	Batch-Time 0.90 (0.90)	Data 0.006 (0.008)	
2026-06-17 09:45:16 - INFO - Epoch: [3][1104/1132]	Iter 8999  lr 1.9535036904803962e-05  Loss 17.9489 (19.1764)	Batch-Time 0.90 (0.90)	Data 0.006 (0.008)	
2026-06-17 09:45:43 - INFO - Test: [0/40]		Batch-Time 1.683 (1.683)	
2026-06-17 09:45:55 - INFO - calculate similarity time: 0.494
2026-06-17 09:45:55 - INFO - Image to text (R@1, R@5, R@10): 85.0, 97.8, 99.4
2026-06-17 09:45:55 - INFO - Text to image (R@1, R@5, R@10): 71.1, 93.2, 96.5
2026-06-17 09:45:55 - INFO - Current rsum is 543.0
2026-06-17 09:45:55 - INFO - Epoch: [3], Best rsum: 543.0 

2026-06-17 09:45:56 - INFO - Epoch 4: LR adjusted to 1.92e-05 (base: 2.00e-04)
2026-06-17 09:47:02 - INFO - Epoch: [4][72/1132]	Iter 9199  lr 1.917868184760471e-05  Loss 15.5432 (16.3087)	Batch-Time 0.90 (0.92)	Data 0.006 (0.025)	
2026-06-17 09:48:32 - INFO - Epoch: [4][172/1132]	Iter 9399  lr 1.917868184760471e-05  Loss 13.4088 (15.9037)	Batch-Time 0.90 (0.91)	Data 0.006 (0.014)	
2026-06-17 09:50:02 - INFO - Epoch: [4][272/1132]	Iter 9599  lr 1.917868184760471e-05  Loss 16.7770 (16.1342)	Batch-Time 0.90 (0.90)	Data 0.006 (0.011)	
2026-06-17 09:51:32 - INFO - Epoch: [4][372/1132]	Iter 9799  lr 1.917868184760471e-05  Loss 12.3260 (16.3273)	Batch-Time 0.92 (0.90)	Data 0.006 (0.010)	
2026-06-17 09:53:02 - INFO - Epoch: [4][472/1132]	Iter 9999  lr 1.917868184760471e-05  Loss 15.2252 (16.2474)	Batch-Time 0.89 (0.90)	Data 0.006 (0.009)	
2026-06-17 09:54:32 - INFO - Epoch: [4][572/1132]	Iter 10199  lr 1.917868184760471e-05  Loss 16.3640 (16.2394)	Batch-Time 0.90 (0.90)	Data 0.007 (0.009)	
2026-06-17 09:56:02 - INFO - Epoch: [4][672/1132]	Iter 10399  lr 1.917868184760471e-05  Loss 14.5873 (16.1355)	Batch-Time 0.89 (0.90)	Data 0.007 (0.008)	
2026-06-17 09:57:32 - INFO - Epoch: [4][772/1132]	Iter 10599  lr 1.917868184760471e-05  Loss 11.4437 (16.1613)	Batch-Time 0.90 (0.90)	Data 0.007 (0.008)	
2026-06-17 09:59:02 - INFO - Epoch: [4][872/1132]	Iter 10799  lr 1.917868184760471e-05  Loss 16.4588 (16.1857)	Batch-Time 0.89 (0.90)	Data 0.007 (0.008)	
2026-06-17 10:00:32 - INFO - Epoch: [4][972/1132]	Iter 10999  lr 1.917868184760471e-05  Loss 12.5251 (16.2165)	Batch-Time 0.90 (0.90)	Data 0.007 (0.008)	
2026-06-17 10:02:02 - INFO - Epoch: [4][1072/1132]	Iter 11199  lr 1.917868184760471e-05  Loss 15.7118 (16.2711)	Batch-Time 0.91 (0.90)	Data 0.007 (0.008)	
2026-06-17 10:02:57 - INFO - Test: [0/40]		Batch-Time 1.873 (1.873)	
2026-06-17 10:03:10 - INFO - calculate similarity time: 0.501
2026-06-17 10:03:10 - INFO - Image to text (R@1, R@5, R@10): 86.0, 98.6, 99.4
2026-06-17 10:03:10 - INFO - Text to image (R@1, R@5, R@10): 73.0, 93.0, 96.2
2026-06-17 10:03:10 - INFO - Current rsum is 546.2
2026-06-17 10:03:10 - INFO - Epoch: [4], Best rsum: 546.2 

2026-06-17 10:03:14 - INFO - Epoch 5: LR adjusted to 1.87e-05 (base: 2.00e-04)
2026-06-17 10:03:51 - INFO - Epoch: [5][40/1132]	Iter 11399  lr 1.872724133595217e-05  Loss 14.5905 (13.8289)	Batch-Time 0.90 (0.93)	Data 0.006 (0.035)	
2026-06-17 10:05:21 - INFO - Epoch: [5][140/1132]	Iter 11599  lr 1.872724133595217e-05  Loss 11.5571 (14.2857)	Batch-Time 0.90 (0.91)	Data 0.006 (0.015)	
2026-06-17 10:06:51 - INFO - Epoch: [5][240/1132]	Iter 11799  lr 1.872724133595217e-05  Loss 11.5926 (14.3497)	Batch-Time 0.90 (0.90)	Data 0.006 (0.011)	
2026-06-17 10:08:21 - INFO - Epoch: [5][340/1132]	Iter 11999  lr 1.872724133595217e-05  Loss 14.7149 (14.7566)	Batch-Time 0.88 (0.90)	Data 0.007 (0.010)	
2026-06-17 10:09:51 - INFO - Epoch: [5][440/1132]	Iter 12199  lr 1.872724133595217e-05  Loss 10.3424 (14.8698)	Batch-Time 0.90 (0.90)	Data 0.007 (0.009)	
2026-06-17 10:11:21 - INFO - Epoch: [5][540/1132]	Iter 12399  lr 1.872724133595217e-05  Loss 15.8012 (14.8721)	Batch-Time 0.90 (0.90)	Data 0.006 (0.009)	
2026-06-17 10:12:50 - INFO - Epoch: [5][640/1132]	Iter 12599  lr 1.872724133595217e-05  Loss 11.1826 (14.7168)	Batch-Time 0.91 (0.90)	Data 0.006 (0.008)	
2026-06-17 10:14:20 - INFO - Epoch: [5][740/1132]	Iter 12799  lr 1.872724133595217e-05  Loss 7.4809 (14.6968)	Batch-Time 0.91 (0.90)	Data 0.006 (0.008)	
2026-06-17 10:15:50 - INFO - Epoch: [5][840/1132]	Iter 12999  lr 1.872724133595217e-05  Loss 12.3903 (14.6156)	Batch-Time 0.91 (0.90)	Data 0.006 (0.008)	
2026-06-17 10:17:20 - INFO - Epoch: [5][940/1132]	Iter 13199  lr 1.872724133595217e-05  Loss 20.5386 (14.5915)	Batch-Time 0.91 (0.90)	Data 0.006 (0.008)	
2026-06-17 10:18:50 - INFO - Epoch: [5][1040/1132]	Iter 13399  lr 1.872724133595217e-05  Loss 10.0297 (14.5330)	Batch-Time 0.91 (0.90)	Data 0.006 (0.008)	
2026-06-17 10:20:15 - INFO - Test: [0/40]		Batch-Time 1.894 (1.894)	
2026-06-17 10:20:29 - INFO - calculate similarity time: 0.899
2026-06-17 10:20:29 - INFO - Image to text (R@1, R@5, R@10): 86.7, 98.7, 99.7
2026-06-17 10:20:29 - INFO - Text to image (R@1, R@5, R@10): 73.5, 93.1, 96.3
2026-06-17 10:20:29 - INFO - Current rsum is 548.0
2026-06-17 10:20:29 - INFO - Epoch: [5], Best rsum: 548.0 

2026-06-17 10:20:31 - INFO - Epoch 6: LR adjusted to 1.82e-05 (base: 2.00e-04)
2026-06-17 10:20:40 - INFO - Epoch: [6][8/1132]	Iter 13599  lr 1.8185661446562e-05  Loss 15.4164 (11.6978)	Batch-Time 0.88 (1.07)	Data 0.006 (0.186)	
2026-06-17 10:22:10 - INFO - Epoch: [6][108/1132]	Iter 13799  lr 1.8185661446562e-05  Loss 13.4729 (12.7242)	Batch-Time 0.89 (0.91)	Data 0.005 (0.020)	
2026-06-17 10:23:40 - INFO - Epoch: [6][208/1132]	Iter 13999  lr 1.8185661446562e-05  Loss 7.5414 (12.8009)	Batch-Time 0.88 (0.91)	Data 0.007 (0.013)	
2026-06-17 10:25:10 - INFO - Epoch: [6][308/1132]	Iter 14199  lr 1.8185661446562e-05  Loss 15.1474 (12.7639)	Batch-Time 0.90 (0.90)	Data 0.006 (0.011)	
2026-06-17 10:26:40 - INFO - Epoch: [6][408/1132]	Iter 14399  lr 1.8185661446562e-05  Loss 17.5714 (12.7151)	Batch-Time 0.92 (0.90)	Data 0.006 (0.010)	
2026-06-17 10:28:10 - INFO - Epoch: [6][508/1132]	Iter 14599  lr 1.8185661446562e-05  Loss 13.4147 (12.7930)	Batch-Time 0.90 (0.90)	Data 0.006 (0.009)	
2026-06-17 10:29:40 - INFO - Epoch: [6][608/1132]	Iter 14799  lr 1.8185661446562e-05  Loss 14.1382 (12.7777)	Batch-Time 0.90 (0.90)	Data 0.006 (0.009)	
2026-06-17 10:31:10 - INFO - Epoch: [6][708/1132]	Iter 14999  lr 1.8185661446562e-05  Loss 14.3921 (12.9430)	Batch-Time 0.90 (0.90)	Data 0.007 (0.008)	
2026-06-17 10:32:40 - INFO - Epoch: [6][808/1132]	Iter 15199  lr 1.8185661446562e-05  Loss 13.4325 (12.9998)	Batch-Time 0.90 (0.90)	Data 0.006 (0.008)	
2026-06-17 10:34:10 - INFO - Epoch: [6][908/1132]	Iter 15399  lr 1.8185661446562e-05  Loss 12.6107 (13.0684)	Batch-Time 0.90 (0.90)	Data 0.006 (0.008)	
2026-06-17 10:35:40 - INFO - Epoch: [6][1008/1132]	Iter 15599  lr 1.8185661446562e-05  Loss 13.4808 (13.1356)	Batch-Time 0.92 (0.90)	Data 0.006 (0.008)	
2026-06-17 10:37:10 - INFO - Epoch: [6][1108/1132]	Iter 15799  lr 1.8185661446562e-05  Loss 12.3615 (13.1726)	Batch-Time 0.92 (0.90)	Data 0.007 (0.008)	
2026-06-17 10:37:33 - INFO - Test: [0/40]		Batch-Time 1.965 (1.965)	
2026-06-17 10:37:46 - INFO - calculate similarity time: 0.775
2026-06-17 10:37:46 - INFO - Image to text (R@1, R@5, R@10): 86.8, 98.0, 99.4
2026-06-17 10:37:46 - INFO - Text to image (R@1, R@5, R@10): 74.1, 93.1, 96.3
2026-06-17 10:37:46 - INFO - Current rsum is 547.6
2026-06-17 10:37:46 - INFO - Epoch: [6], Best rsum: 548.0 

2026-06-17 10:37:46 - INFO - Epoch 7: LR adjusted to 1.76e-05 (base: 2.00e-04)
2026-06-17 10:38:56 - INFO - Epoch: [7][76/1132]	Iter 15999  lr 1.7559875842035246e-05  Loss 11.3654 (12.4982)	Batch-Time 0.89 (0.92)	Data 0.006 (0.023)	
2026-06-17 10:40:26 - INFO - Epoch: [7][176/1132]	Iter 16199  lr 1.7559875842035246e-05  Loss 9.2692 (12.3703)	Batch-Time 0.92 (0.91)	Data 0.006 (0.014)	
2026-06-17 10:41:56 - INFO - Epoch: [7][276/1132]	Iter 16399  lr 1.7559875842035246e-05  Loss 10.9444 (12.0447)	Batch-Time 0.88 (0.91)	Data 0.007 (0.011)	
2026-06-17 10:43:26 - INFO - Epoch: [7][376/1132]	Iter 16599  lr 1.7559875842035246e-05  Loss 14.1663 (11.9510)	Batch-Time 0.89 (0.90)	Data 0.006 (0.010)	
2026-06-17 10:44:56 - INFO - Epoch: [7][476/1132]	Iter 16799  lr 1.7559875842035246e-05  Loss 12.3733 (11.7479)	Batch-Time 0.91 (0.90)	Data 0.006 (0.009)	
2026-06-17 10:46:26 - INFO - Epoch: [7][576/1132]	Iter 16999  lr 1.7559875842035246e-05  Loss 11.2669 (11.7055)	Batch-Time 0.91 (0.90)	Data 0.006 (0.008)	
2026-06-17 10:47:56 - INFO - Epoch: [7][676/1132]	Iter 17199  lr 1.7559875842035246e-05  Loss 13.1036 (11.6804)	Batch-Time 0.91 (0.90)	Data 0.006 (0.008)	
2026-06-17 10:49:26 - INFO - Epoch: [7][776/1132]	Iter 17399  lr 1.7559875842035246e-05  Loss 13.2376 (11.6816)	Batch-Time 0.89 (0.90)	Data 0.006 (0.008)	
2026-06-17 10:50:56 - INFO - Epoch: [7][876/1132]	Iter 17599  lr 1.7559875842035246e-05  Loss 8.2374 (11.6982)	Batch-Time 0.90 (0.90)	Data 0.006 (0.008)	
2026-06-17 10:52:26 - INFO - Epoch: [7][976/1132]	Iter 17799  lr 1.7559875842035246e-05  Loss 15.8379 (11.7278)	Batch-Time 0.90 (0.90)	Data 0.006 (0.008)	
2026-06-17 10:53:56 - INFO - Epoch: [7][1076/1132]	Iter 17999  lr 1.7559875842035246e-05  Loss 9.7171 (11.6718)	Batch-Time 0.89 (0.90)	Data 0.006 (0.007)	
2026-06-17 10:54:49 - INFO - Test: [0/40]		Batch-Time 1.893 (1.893)	
2026-06-17 10:55:02 - INFO - calculate similarity time: 0.691
2026-06-17 10:55:02 - INFO - Image to text (R@1, R@5, R@10): 87.4, 98.4, 99.5
2026-06-17 10:55:02 - INFO - Text to image (R@1, R@5, R@10): 74.3, 93.2, 96.3
2026-06-17 10:55:02 - INFO - Current rsum is 549.0
2026-06-17 10:55:02 - INFO - Epoch: [7], Best rsum: 549.0 

2026-06-17 10:55:03 - INFO - Epoch 8: LR adjusted to 1.69e-05 (base: 2.00e-04)
2026-06-17 10:55:44 - INFO - Epoch: [8][44/1132]	Iter 18199  lr 1.6856740760409155e-05  Loss 11.9322 (10.6810)	Batch-Time 0.90 (0.93)	Data 0.006 (0.036)	
2026-06-17 10:57:14 - INFO - Epoch: [8][144/1132]	Iter 18399  lr 1.6856740760409155e-05  Loss 10.3138 (10.7877)	Batch-Time 0.89 (0.91)	Data 0.006 (0.015)	
2026-06-17 10:58:44 - INFO - Epoch: [8][244/1132]	Iter 18599  lr 1.6856740760409155e-05  Loss 10.4108 (10.7235)	Batch-Time 0.91 (0.90)	Data 0.007 (0.012)	
2026-06-17 11:00:14 - INFO - Epoch: [8][344/1132]	Iter 18799  lr 1.6856740760409155e-05  Loss 12.7830 (10.7123)	Batch-Time 0.90 (0.90)	Data 0.006 (0.010)	
2026-06-17 11:01:44 - INFO - Epoch: [8][444/1132]	Iter 18999  lr 1.6856740760409155e-05  Loss 10.8643 (10.9051)	Batch-Time 0.88 (0.90)	Data 0.003 (0.009)	
2026-06-17 11:03:14 - INFO - Epoch: [8][544/1132]	Iter 19199  lr 1.6856740760409155e-05  Loss 12.7151 (10.9364)	Batch-Time 0.89 (0.90)	Data 0.006 (0.009)	
2026-06-17 11:04:44 - INFO - Epoch: [8][644/1132]	Iter 19399  lr 1.6856740760409155e-05  Loss 9.5758 (10.9333)	Batch-Time 0.90 (0.90)	Data 0.006 (0.008)	
2026-06-17 11:06:14 - INFO - Epoch: [8][744/1132]	Iter 19599  lr 1.6856740760409155e-05  Loss 11.2082 (10.9910)	Batch-Time 0.89 (0.90)	Data 0.007 (0.008)	
2026-06-17 11:07:44 - INFO - Epoch: [8][844/1132]	Iter 19799  lr 1.6856740760409155e-05  Loss 10.1158 (11.0687)	Batch-Time 0.90 (0.90)	Data 0.006 (0.008)	
2026-06-17 11:09:14 - INFO - Epoch: [8][944/1132]	Iter 19999  lr 1.6856740760409155e-05  Loss 10.0673 (11.1136)	Batch-Time 0.92 (0.90)	Data 0.007 (0.008)	
2026-06-17 11:10:44 - INFO - Epoch: [8][1044/1132]	Iter 20199  lr 1.6856740760409155e-05  Loss 10.6841 (11.1061)	Batch-Time 0.90 (0.90)	Data 0.006 (0.008)	
2026-06-17 11:12:05 - INFO - Test: [0/40]		Batch-Time 1.893 (1.893)	
2026-06-17 11:12:19 - INFO - calculate similarity time: 0.986
2026-06-17 11:12:19 - INFO - Image to text (R@1, R@5, R@10): 87.3, 98.5, 99.5
2026-06-17 11:12:19 - INFO - Text to image (R@1, R@5, R@10): 75.0, 93.4, 96.2
2026-06-17 11:12:19 - INFO - Current rsum is 549.9
2026-06-17 11:12:19 - INFO - Epoch: [8], Best rsum: 549.9 

2026-06-17 11:12:20 - INFO - Epoch 9: LR adjusted to 1.61e-05 (base: 2.00e-04)
2026-06-17 11:12:32 - INFO - Epoch: [9][12/1132]	Iter 20399  lr 1.6083959896778496e-05  Loss 11.2227 (9.5297)	Batch-Time 0.89 (1.00)	Data 0.006 (0.105)	
2026-06-17 11:14:02 - INFO - Epoch: [9][112/1132]	Iter 20599  lr 1.6083959896778496e-05  Loss 8.2457 (10.2077)	Batch-Time 0.90 (0.91)	Data 0.006 (0.017)	
2026-06-17 11:15:32 - INFO - Epoch: [9][212/1132]	Iter 20799  lr 1.6083959896778496e-05  Loss 11.8744 (10.0757)	Batch-Time 0.87 (0.90)	Data 0.006 (0.012)	
2026-06-17 11:17:02 - INFO - Epoch: [9][312/1132]	Iter 20999  lr 1.6083959896778496e-05  Loss 10.0416 (9.9544)	Batch-Time 0.91 (0.90)	Data 0.006 (0.010)	
2026-06-17 11:18:32 - INFO - Epoch: [9][412/1132]	Iter 21199  lr 1.6083959896778496e-05  Loss 6.4087 (9.8449)	Batch-Time 0.92 (0.90)	Data 0.006 (0.009)	
2026-06-17 11:20:02 - INFO - Epoch: [9][512/1132]	Iter 21399  lr 1.6083959896778496e-05  Loss 10.6577 (9.8302)	Batch-Time 0.90 (0.90)	Data 0.003 (0.009)	
2026-06-17 11:21:32 - INFO - Epoch: [9][612/1132]	Iter 21599  lr 1.6083959896778496e-05  Loss 14.7419 (9.8459)	Batch-Time 0.89 (0.90)	Data 0.006 (0.008)	
2026-06-17 11:23:02 - INFO - Epoch: [9][712/1132]	Iter 21799  lr 1.6083959896778496e-05  Loss 10.8271 (9.9998)	Batch-Time 0.88 (0.90)	Data 0.006 (0.008)	
2026-06-17 11:24:32 - INFO - Epoch: [9][812/1132]	Iter 21999  lr 1.6083959896778496e-05  Loss 15.8884 (10.3898)	Batch-Time 0.91 (0.90)	Data 0.006 (0.008)	
2026-06-17 11:26:02 - INFO - Epoch: [9][912/1132]	Iter 22199  lr 1.6083959896778496e-05  Loss 11.6820 (10.6293)	Batch-Time 0.91 (0.90)	Data 0.006 (0.008)	
2026-06-17 11:27:32 - INFO - Epoch: [9][1012/1132]	Iter 22399  lr 1.6083959896778496e-05  Loss 9.7378 (10.8836)	Batch-Time 0.91 (0.90)	Data 0.005 (0.007)	
2026-06-17 11:29:02 - INFO - Epoch: [9][1112/1132]	Iter 22599  lr 1.6083959896778496e-05  Loss 12.8610 (11.0533)	Batch-Time 0.91 (0.90)	Data 0.006 (0.007)	
2026-06-17 11:29:22 - INFO - Test: [0/40]		Batch-Time 1.885 (1.885)	
2026-06-17 11:29:35 - INFO - calculate similarity time: 0.790
2026-06-17 11:29:36 - INFO - Image to text (R@1, R@5, R@10): 85.7, 98.4, 99.6
2026-06-17 11:29:36 - INFO - Text to image (R@1, R@5, R@10): 72.3, 92.8, 96.0
2026-06-17 11:29:36 - INFO - Current rsum is 544.9
2026-06-17 11:29:36 - INFO - Epoch: [9], Best rsum: 549.9 

2026-06-17 11:29:36 - INFO - Epoch 10: LR adjusted to 1.53e-05 (base: 2.00e-04)
2026-06-17 11:30:49 - INFO - Epoch: [10][80/1132]	Iter 22799  lr 1.5250000000000001e-05  Loss 8.8750 (11.8197)	Batch-Time 0.88 (0.91)	Data 0.006 (0.022)	
2026-06-17 11:32:19 - INFO - Epoch: [10][180/1132]	Iter 22999  lr 1.5250000000000001e-05  Loss 9.7257 (11.7497)	Batch-Time 0.90 (0.91)	Data 0.006 (0.013)	
2026-06-17 11:33:49 - INFO - Epoch: [10][280/1132]	Iter 23199  lr 1.5250000000000001e-05  Loss 15.1193 (11.7428)	Batch-Time 0.90 (0.90)	Data 0.007 (0.011)	
2026-06-17 11:35:19 - INFO - Epoch: [10][380/1132]	Iter 23399  lr 1.5250000000000001e-05  Loss 13.2650 (11.7389)	Batch-Time 0.92 (0.90)	Data 0.007 (0.010)	
2026-06-17 11:36:49 - INFO - Epoch: [10][480/1132]	Iter 23599  lr 1.5250000000000001e-05  Loss 10.6076 (11.6232)	Batch-Time 0.91 (0.90)	Data 0.006 (0.009)	
2026-06-17 11:38:19 - INFO - Epoch: [10][580/1132]	Iter 23799  lr 1.5250000000000001e-05  Loss 11.7759 (11.6506)	Batch-Time 0.90 (0.90)	Data 0.006 (0.008)	
2026-06-17 11:39:49 - INFO - Epoch: [10][680/1132]	Iter 23999  lr 1.5250000000000001e-05  Loss 9.5808 (11.5760)	Batch-Time 0.90 (0.90)	Data 0.007 (0.008)	
2026-06-17 11:41:19 - INFO - Epoch: [10][780/1132]	Iter 24199  lr 1.5250000000000001e-05  Loss 13.2871 (11.6180)	Batch-Time 0.89 (0.90)	Data 0.007 (0.008)	
2026-06-17 11:42:49 - INFO - Epoch: [10][880/1132]	Iter 24399  lr 1.5250000000000001e-05  Loss 9.0701 (11.6121)	Batch-Time 0.90 (0.90)	Data 0.006 (0.008)	
2026-06-17 11:44:19 - INFO - Epoch: [10][980/1132]	Iter 24599  lr 1.5250000000000001e-05  Loss 11.6492 (11.5563)	Batch-Time 0.91 (0.90)	Data 0.006 (0.008)	
2026-06-17 11:45:49 - INFO - Epoch: [10][1080/1132]	Iter 24799  lr 1.5250000000000001e-05  Loss 14.8531 (11.5213)	Batch-Time 0.89 (0.90)	Data 0.007 (0.008)	
2026-06-17 11:46:37 - INFO - Test: [0/40]		Batch-Time 1.790 (1.790)	
2026-06-17 11:46:50 - INFO - calculate similarity time: 0.502
2026-06-17 11:46:50 - INFO - Image to text (R@1, R@5, R@10): 87.7, 98.7, 99.4
2026-06-17 11:46:50 - INFO - Text to image (R@1, R@5, R@10): 74.5, 93.6, 96.7
2026-06-17 11:46:50 - INFO - Current rsum is 550.5
2026-06-17 11:46:50 - INFO - Epoch: [10], Best rsum: 550.5 

2026-06-17 11:46:52 - INFO - Epoch 11: LR adjusted to 1.44e-05 (base: 2.00e-04)
2026-06-17 11:47:36 - INFO - Epoch: [11][48/1132]	Iter 24999  lr 1.4363998109220106e-05  Loss 10.0623 (9.9384)	Batch-Time 0.90 (0.92)	Data 0.007 (0.029)	
2026-06-17 11:49:06 - INFO - Epoch: [11][148/1132]	Iter 25199  lr 1.4363998109220106e-05  Loss 9.7635 (9.8287)	Batch-Time 0.91 (0.91)	Data 0.007 (0.014)	
2026-06-17 11:50:36 - INFO - Epoch: [11][248/1132]	Iter 25399  lr 1.4363998109220106e-05  Loss 12.4894 (9.7836)	Batch-Time 0.88 (0.90)	Data 0.006 (0.011)	
2026-06-17 11:52:06 - INFO - Epoch: [11][348/1132]	Iter 25599  lr 1.4363998109220106e-05  Loss 5.0353 (9.8199)	Batch-Time 0.91 (0.90)	Data 0.006 (0.010)	
2026-06-17 11:53:36 - INFO - Epoch: [11][448/1132]	Iter 25799  lr 1.4363998109220106e-05  Loss 15.5308 (9.9192)	Batch-Time 0.90 (0.90)	Data 0.007 (0.009)	
2026-06-17 11:55:06 - INFO - Epoch: [11][548/1132]	Iter 25999  lr 1.4363998109220106e-05  Loss 13.2176 (9.8927)	Batch-Time 0.90 (0.90)	Data 0.007 (0.008)	
2026-06-17 11:56:36 - INFO - Epoch: [11][648/1132]	Iter 26199  lr 1.4363998109220106e-05  Loss 9.0674 (9.8708)	Batch-Time 0.90 (0.90)	Data 0.007 (0.008)	
2026-06-17 11:58:06 - INFO - Epoch: [11][748/1132]	Iter 26399  lr 1.4363998109220106e-05  Loss 10.9115 (9.8353)	Batch-Time 0.90 (0.90)	Data 0.007 (0.008)	
2026-06-17 11:59:36 - INFO - Epoch: [11][848/1132]	Iter 26599  lr 1.4363998109220106e-05  Loss 11.5636 (9.7204)	Batch-Time 0.92 (0.90)	Data 0.006 (0.008)	
2026-06-17 12:01:06 - INFO - Epoch: [11][948/1132]	Iter 26799  lr 1.4363998109220106e-05  Loss 6.4685 (9.6700)	Batch-Time 0.91 (0.90)	Data 0.006 (0.008)	
2026-06-17 12:02:36 - INFO - Epoch: [11][1048/1132]	Iter 26999  lr 1.4363998109220106e-05  Loss 12.4493 (9.6300)	Batch-Time 0.92 (0.90)	Data 0.006 (0.007)	
2026-06-17 12:03:53 - INFO - Test: [0/40]		Batch-Time 1.787 (1.787)	
2026-06-17 12:04:06 - INFO - calculate similarity time: 0.587
2026-06-17 12:04:06 - INFO - Image to text (R@1, R@5, R@10): 88.1, 98.7, 99.6
2026-06-17 12:04:06 - INFO - Text to image (R@1, R@5, R@10): 75.3, 93.6, 96.6
2026-06-17 12:04:06 - INFO - Current rsum is 551.9
2026-06-17 12:04:06 - INFO - Epoch: [11], Best rsum: 551.9 

2026-06-17 12:04:08 - INFO - Epoch 12: LR adjusted to 1.34e-05 (base: 2.00e-04)
2026-06-17 12:04:23 - INFO - Epoch: [12][16/1132]	Iter 27199  lr 1.3435661446562001e-05  Loss 9.4193 (8.0076)	Batch-Time 0.90 (0.97)	Data 0.007 (0.087)	
2026-06-17 12:05:53 - INFO - Epoch: [12][116/1132]	Iter 27399  lr 1.3435661446562001e-05  Loss 8.2478 (7.8674)	Batch-Time 0.90 (0.91)	Data 0.006 (0.018)	
2026-06-17 12:07:23 - INFO - Epoch: [12][216/1132]	Iter 27599  lr 1.3435661446562001e-05  Loss 8.5177 (7.9769)	Batch-Time 0.91 (0.90)	Data 0.006 (0.012)	
2026-06-17 12:08:53 - INFO - Epoch: [12][316/1132]	Iter 27799  lr 1.3435661446562001e-05  Loss 8.4568 (8.0843)	Batch-Time 0.90 (0.90)	Data 0.006 (0.011)	
2026-06-17 12:10:23 - INFO - Epoch: [12][416/1132]	Iter 27999  lr 1.3435661446562001e-05  Loss 9.7685 (8.1260)	Batch-Time 0.90 (0.90)	Data 0.007 (0.010)	
2026-06-17 12:11:53 - INFO - Epoch: [12][516/1132]	Iter 28199  lr 1.3435661446562001e-05  Loss 10.5656 (8.1131)	Batch-Time 0.89 (0.90)	Data 0.007 (0.009)	
2026-06-17 12:13:23 - INFO - Epoch: [12][616/1132]	Iter 28399  lr 1.3435661446562001e-05  Loss 6.6812 (8.1724)	Batch-Time 0.90 (0.90)	Data 0.006 (0.009)	
2026-06-17 12:14:53 - INFO - Epoch: [12][716/1132]	Iter 28599  lr 1.3435661446562001e-05  Loss 6.8783 (8.2688)	Batch-Time 0.91 (0.90)	Data 0.006 (0.008)	
2026-06-17 12:16:23 - INFO - Epoch: [12][816/1132]	Iter 28799  lr 1.3435661446562001e-05  Loss 11.1824 (8.3359)	Batch-Time 0.91 (0.90)	Data 0.007 (0.008)	
2026-06-17 12:17:53 - INFO - Epoch: [12][916/1132]	Iter 28999  lr 1.3435661446562001e-05  Loss 5.0135 (8.3459)	Batch-Time 0.90 (0.90)	Data 0.007 (0.008)	
2026-06-17 12:19:23 - INFO - Epoch: [12][1016/1132]	Iter 29199  lr 1.3435661446562001e-05  Loss 6.9890 (8.3862)	Batch-Time 0.92 (0.90)	Data 0.006 (0.008)	
2026-06-17 12:20:53 - INFO - Epoch: [12][1116/1132]	Iter 29399  lr 1.3435661446562001e-05  Loss 8.6048 (8.3925)	Batch-Time 0.90 (0.90)	Data 0.006 (0.008)	
2026-06-17 12:21:09 - INFO - Test: [0/40]		Batch-Time 1.873 (1.873)	
2026-06-17 12:21:21 - INFO - calculate similarity time: 0.409
2026-06-17 12:21:22 - INFO - Image to text (R@1, R@5, R@10): 88.4, 98.4, 99.6
2026-06-17 12:21:22 - INFO - Text to image (R@1, R@5, R@10): 74.8, 93.6, 96.5
2026-06-17 12:21:22 - INFO - Current rsum is 551.3
2026-06-17 12:21:22 - INFO - Epoch: [12], Best rsum: 551.9 

2026-06-17 12:21:22 - INFO - Epoch 13: LR adjusted to 1.25e-05 (base: 2.00e-04)
2026-06-17 12:22:38 - INFO - Epoch: [13][84/1132]	Iter 29599  lr 1.2475161062768713e-05  Loss 8.0649 (7.7476)	Batch-Time 0.90 (0.91)	Data 0.007 (0.022)	
2026-06-17 12:24:08 - INFO - Epoch: [13][184/1132]	Iter 29799  lr 1.2475161062768713e-05  Loss 10.1614 (7.7667)	Batch-Time 0.90 (0.91)	Data 0.007 (0.013)	
2026-06-17 12:25:38 - INFO - Epoch: [13][284/1132]	Iter 29999  lr 1.2475161062768713e-05  Loss 4.5319 (7.8652)	Batch-Time 0.91 (0.90)	Data 0.007 (0.011)	
2026-06-17 12:27:08 - INFO - Epoch: [13][384/1132]	Iter 30199  lr 1.2475161062768713e-05  Loss 9.8223 (7.8499)	Batch-Time 0.88 (0.90)	Data 0.007 (0.010)	
2026-06-17 12:28:38 - INFO - Epoch: [13][484/1132]	Iter 30399  lr 1.2475161062768713e-05  Loss 6.5045 (7.8833)	Batch-Time 0.92 (0.90)	Data 0.007 (0.009)	
2026-06-17 12:30:08 - INFO - Epoch: [13][584/1132]	Iter 30599  lr 1.2475161062768713e-05  Loss 8.2761 (7.8619)	Batch-Time 0.91 (0.90)	Data 0.007 (0.009)	
2026-06-17 12:31:38 - INFO - Epoch: [13][684/1132]	Iter 30799  lr 1.2475161062768713e-05  Loss 9.0101 (7.8079)	Batch-Time 0.90 (0.90)	Data 0.006 (0.008)	
2026-06-17 12:33:08 - INFO - Epoch: [13][784/1132]	Iter 30999  lr 1.2475161062768713e-05  Loss 7.6356 (7.7971)	Batch-Time 0.91 (0.90)	Data 0.006 (0.008)	
2026-06-17 12:34:38 - INFO - Epoch: [13][884/1132]	Iter 31199  lr 1.2475161062768713e-05  Loss 6.5568 (7.7693)	Batch-Time 0.91 (0.90)	Data 0.007 (0.008)	
2026-06-17 12:36:08 - INFO - Epoch: [13][984/1132]	Iter 31399  lr 1.2475161062768713e-05  Loss 9.3708 (7.7703)	Batch-Time 0.90 (0.90)	Data 0.007 (0.008)	
2026-06-17 12:37:38 - INFO - Epoch: [13][1084/1132]	Iter 31599  lr 1.2475161062768713e-05  Loss 10.3846 (7.7680)	Batch-Time 0.91 (0.90)	Data 0.006 (0.008)	
2026-06-17 12:38:23 - INFO - Test: [0/40]		Batch-Time 1.678 (1.678)	
2026-06-17 12:38:36 - INFO - calculate similarity time: 0.485
2026-06-17 12:38:36 - INFO - Image to text (R@1, R@5, R@10): 88.4, 98.3, 99.4
2026-06-17 12:38:36 - INFO - Text to image (R@1, R@5, R@10): 75.5, 93.7, 96.7
2026-06-17 12:38:36 - INFO - Current rsum is 552.0
2026-06-17 12:38:36 - INFO - Epoch: [13], Best rsum: 552.0 

2026-06-17 12:38:38 - INFO - Epoch 14: LR adjusted to 1.15e-05 (base: 2.00e-04)
2026-06-17 12:39:26 - INFO - Epoch: [14][52/1132]	Iter 31799  lr 1.149302040104271e-05  Loss 7.4590 (6.9090)	Batch-Time 0.90 (0.92)	Data 0.007 (0.031)	
2026-06-17 12:40:56 - INFO - Epoch: [14][152/1132]	Iter 31999  lr 1.149302040104271e-05  Loss 5.9742 (7.1122)	Batch-Time 0.89 (0.91)	Data 0.007 (0.015)	
2026-06-17 12:42:26 - INFO - Epoch: [14][252/1132]	Iter 32199  lr 1.149302040104271e-05  Loss 5.2697 (7.2662)	Batch-Time 0.89 (0.90)	Data 0.006 (0.011)	
2026-06-17 12:43:56 - INFO - Epoch: [14][352/1132]	Iter 32399  lr 1.149302040104271e-05  Loss 10.5611 (7.2488)	Batch-Time 0.90 (0.90)	Data 0.006 (0.010)	
2026-06-17 12:45:26 - INFO - Epoch: [14][452/1132]	Iter 32599  lr 1.149302040104271e-05  Loss 7.3540 (7.1926)	Batch-Time 0.91 (0.90)	Data 0.006 (0.009)	
2026-06-17 12:46:56 - INFO - Epoch: [14][552/1132]	Iter 32799  lr 1.149302040104271e-05  Loss 4.3305 (7.1714)	Batch-Time 0.90 (0.90)	Data 0.006 (0.009)	
2026-06-17 12:48:26 - INFO - Epoch: [14][652/1132]	Iter 32999  lr 1.149302040104271e-05  Loss 9.3871 (7.1767)	Batch-Time 0.90 (0.90)	Data 0.006 (0.008)	
2026-06-17 12:49:56 - INFO - Epoch: [14][752/1132]	Iter 33199  lr 1.149302040104271e-05  Loss 8.2594 (7.1785)	Batch-Time 0.92 (0.90)	Data 0.006 (0.008)	
2026-06-17 12:51:26 - INFO - Epoch: [14][852/1132]	Iter 33399  lr 1.149302040104271e-05  Loss 6.2917 (7.2009)	Batch-Time 0.92 (0.90)	Data 0.006 (0.008)	
2026-06-17 12:52:56 - INFO - Epoch: [14][952/1132]	Iter 33599  lr 1.149302040104271e-05  Loss 7.7169 (7.2011)	Batch-Time 0.92 (0.90)	Data 0.006 (0.008)	
2026-06-17 12:54:26 - INFO - Epoch: [14][1052/1132]	Iter 33799  lr 1.149302040104271e-05  Loss 5.9258 (7.2278)	Batch-Time 0.88 (0.90)	Data 0.006 (0.007)	
2026-06-17 12:55:40 - INFO - Test: [0/40]		Batch-Time 1.778 (1.778)	
2026-06-17 12:55:52 - INFO - calculate similarity time: 0.684
2026-06-17 12:55:52 - INFO - Image to text (R@1, R@5, R@10): 88.4, 98.7, 99.7
2026-06-17 12:55:53 - INFO - Text to image (R@1, R@5, R@10): 76.0, 93.9, 96.6
2026-06-17 12:55:53 - INFO - Current rsum is 553.3
2026-06-17 12:55:53 - INFO - Epoch: [14], Best rsum: 553.3 

2026-06-17 12:55:54 - INFO - Epoch 15: LR adjusted to 1.05e-05 (base: 2.00e-04)
2026-06-17 12:56:14 - INFO - Epoch: [15][20/1132]	Iter 33999  lr 1.0500000000000001e-05  Loss 5.2643 (6.9327)	Batch-Time 0.89 (0.96)	Data 0.006 (0.064)	
2026-06-17 12:57:44 - INFO - Epoch: [15][120/1132]	Iter 34199  lr 1.0500000000000001e-05  Loss 6.2166 (6.7167)	Batch-Time 0.91 (0.91)	Data 0.006 (0.016)	
2026-06-17 12:59:14 - INFO - Epoch: [15][220/1132]	Iter 34399  lr 1.0500000000000001e-05  Loss 8.1618 (6.7045)	Batch-Time 0.91 (0.91)	Data 0.006 (0.011)	
2026-06-17 13:00:44 - INFO - Epoch: [15][320/1132]	Iter 34599  lr 1.0500000000000001e-05  Loss 8.1967 (6.8089)	Batch-Time 0.89 (0.90)	Data 0.006 (0.010)	
2026-06-17 13:02:14 - INFO - Epoch: [15][420/1132]	Iter 34799  lr 1.0500000000000001e-05  Loss 8.7469 (6.8846)	Batch-Time 0.90 (0.90)	Data 0.006 (0.009)	
2026-06-17 13:03:44 - INFO - Epoch: [15][520/1132]	Iter 34999  lr 1.0500000000000001e-05  Loss 6.2103 (6.8721)	Batch-Time 0.90 (0.90)	Data 0.006 (0.008)	
2026-06-17 13:05:14 - INFO - Epoch: [15][620/1132]	Iter 35199  lr 1.0500000000000001e-05  Loss 3.5279 (6.9101)	Batch-Time 0.88 (0.90)	Data 0.006 (0.008)	
2026-06-17 13:06:44 - INFO - Epoch: [15][720/1132]	Iter 35399  lr 1.0500000000000001e-05  Loss 8.6124 (7.0491)	Batch-Time 0.92 (0.90)	Data 0.006 (0.008)	
2026-06-17 13:08:13 - INFO - Epoch: [15][820/1132]	Iter 35599  lr 1.0500000000000001e-05  Loss 9.1549 (7.1327)	Batch-Time 0.89 (0.90)	Data 0.006 (0.007)	
2026-06-17 13:09:43 - INFO - Epoch: [15][920/1132]	Iter 35799  lr 1.0500000000000001e-05  Loss 5.9053 (7.2434)	Batch-Time 0.89 (0.90)	Data 0.006 (0.007)	
2026-06-17 13:11:13 - INFO - Epoch: [15][1020/1132]	Iter 35999  lr 1.0500000000000001e-05  Loss 5.7464 (7.2863)	Batch-Time 0.90 (0.90)	Data 0.006 (0.007)	
2026-06-17 13:12:43 - INFO - Epoch: [15][1120/1132]	Iter 36199  lr 1.0500000000000001e-05  Loss 6.6012 (7.3822)	Batch-Time 0.91 (0.90)	Data 0.006 (0.007)	
2026-06-17 13:12:56 - INFO - Test: [0/40]		Batch-Time 1.670 (1.670)	
2026-06-17 13:13:09 - INFO - calculate similarity time: 0.894
2026-06-17 13:13:09 - INFO - Image to text (R@1, R@5, R@10): 88.1, 98.4, 99.6
2026-06-17 13:13:09 - INFO - Text to image (R@1, R@5, R@10): 74.4, 93.7, 96.4
2026-06-17 13:13:09 - INFO - Current rsum is 550.6
2026-06-17 13:13:09 - INFO - Epoch: [15], Best rsum: 553.3 

2026-06-17 13:13:09 - INFO - Epoch 16: LR adjusted to 9.51e-06 (base: 2.00e-04)
2026-06-17 13:14:30 - INFO - Epoch: [16][88/1132]	Iter 36399  lr 9.506979598957295e-06  Loss 5.7806 (7.2450)	Batch-Time 0.87 (0.91)	Data 0.007 (0.021)	
2026-06-17 13:15:59 - INFO - Epoch: [16][188/1132]	Iter 36599  lr 9.506979598957295e-06  Loss 7.9361 (7.3020)	Batch-Time 0.89 (0.90)	Data 0.007 (0.013)	
2026-06-17 13:17:28 - INFO - Epoch: [16][288/1132]	Iter 36799  lr 9.506979598957295e-06  Loss 6.1729 (7.2388)	Batch-Time 0.90 (0.90)	Data 0.007 (0.011)	
2026-06-17 13:18:57 - INFO - Epoch: [16][388/1132]	Iter 36999  lr 9.506979598957295e-06  Loss 8.6349 (7.2890)	Batch-Time 0.90 (0.90)	Data 0.006 (0.010)	
2026-06-17 13:20:27 - INFO - Epoch: [16][488/1132]	Iter 37199  lr 9.506979598957295e-06  Loss 9.8105 (7.3053)	Batch-Time 0.88 (0.90)	Data 0.003 (0.009)	
2026-06-17 13:21:57 - INFO - Epoch: [16][588/1132]	Iter 37399  lr 9.506979598957295e-06  Loss 6.7040 (7.2978)	Batch-Time 0.90 (0.90)	Data 0.005 (0.008)	
2026-06-17 13:23:27 - INFO - Epoch: [16][688/1132]	Iter 37599  lr 9.506979598957295e-06  Loss 6.3686 (7.3066)	Batch-Time 0.93 (0.90)	Data 0.007 (0.008)	
2026-06-17 13:24:57 - INFO - Epoch: [16][788/1132]	Iter 37799  lr 9.506979598957295e-06  Loss 5.8530 (7.2798)	Batch-Time 0.91 (0.90)	Data 0.007 (0.008)	
2026-06-17 13:26:27 - INFO - Epoch: [16][888/1132]	Iter 37999  lr 9.506979598957295e-06  Loss 6.6200 (7.2826)	Batch-Time 0.90 (0.90)	Data 0.006 (0.008)	
2026-06-17 13:27:56 - INFO - Epoch: [16][988/1132]	Iter 38199  lr 9.506979598957295e-06  Loss 6.6876 (7.2869)	Batch-Time 0.90 (0.90)	Data 0.005 (0.007)	
2026-06-17 13:29:26 - INFO - Epoch: [16][1088/1132]	Iter 38399  lr 9.506979598957295e-06  Loss 6.0515 (7.2857)	Batch-Time 0.88 (0.90)	Data 0.007 (0.007)	
2026-06-17 13:30:08 - INFO - Test: [0/40]		Batch-Time 1.885 (1.885)	
2026-06-17 13:30:21 - INFO - calculate similarity time: 0.898
2026-06-17 13:30:21 - INFO - Image to text (R@1, R@5, R@10): 89.9, 99.0, 99.6
2026-06-17 13:30:21 - INFO - Text to image (R@1, R@5, R@10): 75.5, 93.5, 96.7
2026-06-17 13:30:21 - INFO - Current rsum is 554.3
2026-06-17 13:30:21 - INFO - Epoch: [16], Best rsum: 554.3 

2026-06-17 13:30:23 - INFO - Epoch 17: LR adjusted to 8.52e-06 (base: 2.00e-04)
2026-06-17 13:31:14 - INFO - Epoch: [17][56/1132]	Iter 38599  lr 8.524838937231288e-06  Loss 9.5489 (6.8926)	Batch-Time 0.90 (0.92)	Data 0.006 (0.030)	
2026-06-17 13:32:44 - INFO - Epoch: [17][156/1132]	Iter 38799  lr 8.524838937231288e-06  Loss 5.2578 (6.8209)	Batch-Time 0.94 (0.91)	Data 0.006 (0.015)	
2026-06-17 13:34:14 - INFO - Epoch: [17][256/1132]	Iter 38999  lr 8.524838937231288e-06  Loss 5.7291 (6.6727)	Batch-Time 0.89 (0.90)	Data 0.007 (0.011)	
2026-06-17 13:35:43 - INFO - Epoch: [17][356/1132]	Iter 39199  lr 8.524838937231288e-06  Loss 8.3257 (6.7242)	Batch-Time 0.92 (0.90)	Data 0.006 (0.010)	
2026-06-17 13:37:13 - INFO - Epoch: [17][456/1132]	Iter 39399  lr 8.524838937231288e-06  Loss 4.4076 (6.7744)	Batch-Time 0.91 (0.90)	Data 0.007 (0.009)	
2026-06-17 13:38:42 - INFO - Epoch: [17][556/1132]	Iter 39599  lr 8.524838937231288e-06  Loss 2.4285 (6.7142)	Batch-Time 0.89 (0.90)	Data 0.007 (0.009)	
2026-06-17 13:40:11 - INFO - Epoch: [17][656/1132]	Iter 39799  lr 8.524838937231288e-06  Loss 5.1319 (6.6470)	Batch-Time 0.86 (0.90)	Data 0.007 (0.008)	
2026-06-17 13:41:40 - INFO - Epoch: [17][756/1132]	Iter 39999  lr 8.524838937231288e-06  Loss 4.9157 (6.6394)	Batch-Time 0.89 (0.90)	Data 0.006 (0.008)	
2026-06-17 13:43:10 - INFO - Epoch: [17][856/1132]	Iter 40199  lr 8.524838937231288e-06  Loss 5.6032 (6.6205)	Batch-Time 0.90 (0.90)	Data 0.007 (0.008)	
2026-06-17 13:44:39 - INFO - Epoch: [17][956/1132]	Iter 40399  lr 8.524838937231288e-06  Loss 9.4661 (6.6059)	Batch-Time 0.91 (0.90)	Data 0.007 (0.008)	
2026-06-17 13:46:09 - INFO - Epoch: [17][1056/1132]	Iter 40599  lr 8.524838937231288e-06  Loss 5.3362 (6.5674)	Batch-Time 0.90 (0.90)	Data 0.006 (0.008)	
2026-06-17 13:47:19 - INFO - Test: [0/40]		Batch-Time 1.786 (1.785)	
2026-06-17 13:47:32 - INFO - calculate similarity time: 0.600
2026-06-17 13:47:32 - INFO - Image to text (R@1, R@5, R@10): 88.7, 99.3, 99.7
2026-06-17 13:47:32 - INFO - Text to image (R@1, R@5, R@10): 75.4, 94.0, 96.7
2026-06-17 13:47:32 - INFO - Current rsum is 553.9
2026-06-17 13:47:32 - INFO - Epoch: [17], Best rsum: 554.3 

2026-06-17 13:47:32 - INFO - Epoch 18: LR adjusted to 7.56e-06 (base: 2.00e-04)
2026-06-17 13:47:54 - INFO - Epoch: [18][24/1132]	Iter 40799  lr 7.564338553438e-06  Loss 7.0095 (6.2478)	Batch-Time 0.89 (0.94)	Data 0.007 (0.060)	
2026-06-17 13:49:24 - INFO - Epoch: [18][124/1132]	Iter 40999  lr 7.564338553438e-06  Loss 4.8594 (5.7610)	Batch-Time 0.91 (0.90)	Data 0.006 (0.017)	
2026-06-17 13:50:53 - INFO - Epoch: [18][224/1132]	Iter 41199  lr 7.564338553438e-06  Loss 7.1441 (5.8142)	Batch-Time 0.91 (0.90)	Data 0.006 (0.012)	
2026-06-17 13:52:22 - INFO - Epoch: [18][324/1132]	Iter 41399  lr 7.564338553438e-06  Loss 6.4526 (5.8239)	Batch-Time 0.89 (0.90)	Data 0.007 (0.010)	
2026-06-17 13:53:51 - INFO - Epoch: [18][424/1132]	Iter 41599  lr 7.564338553438e-06  Loss 7.0971 (5.7991)	Batch-Time 0.90 (0.89)	Data 0.004 (0.009)	
2026-06-17 13:55:20 - INFO - Epoch: [18][524/1132]	Iter 41799  lr 7.564338553438e-06  Loss 6.3673 (5.8625)	Batch-Time 0.92 (0.89)	Data 0.007 (0.009)	
2026-06-17 13:56:49 - INFO - Epoch: [18][624/1132]	Iter 41999  lr 7.564338553438e-06  Loss 5.6289 (5.8662)	Batch-Time 0.87 (0.89)	Data 0.006 (0.008)	
2026-06-17 13:58:18 - INFO - Epoch: [18][724/1132]	Iter 42199  lr 7.564338553438e-06  Loss 9.2944 (5.9179)	Batch-Time 0.85 (0.89)	Data 0.006 (0.008)	
2026-06-17 13:59:48 - INFO - Epoch: [18][824/1132]	Iter 42399  lr 7.564338553438e-06  Loss 2.6124 (5.9161)	Batch-Time 0.89 (0.89)	Data 0.006 (0.008)	
2026-06-17 14:01:17 - INFO - Epoch: [18][924/1132]	Iter 42599  lr 7.564338553438e-06  Loss 3.2139 (5.9430)	Batch-Time 0.91 (0.89)	Data 0.007 (0.008)	
2026-06-17 14:02:46 - INFO - Epoch: [18][1024/1132]	Iter 42799  lr 7.564338553438e-06  Loss 6.3306 (5.9660)	Batch-Time 0.92 (0.89)	Data 0.007 (0.008)	
2026-06-17 14:04:15 - INFO - Epoch: [18][1124/1132]	Iter 42999  lr 7.564338553438e-06  Loss 6.1390 (5.9777)	Batch-Time 0.85 (0.89)	Data 0.007 (0.007)	
2026-06-17 14:04:24 - INFO - Test: [0/40]		Batch-Time 1.830 (1.830)	
2026-06-17 14:04:37 - INFO - calculate similarity time: 0.600
2026-06-17 14:04:37 - INFO - Image to text (R@1, R@5, R@10): 89.3, 99.3, 99.8
2026-06-17 14:04:37 - INFO - Text to image (R@1, R@5, R@10): 75.8, 93.9, 97.0
2026-06-17 14:04:37 - INFO - Current rsum is 555.1
2026-06-17 14:04:37 - INFO - Epoch: [18], Best rsum: 555.1 

2026-06-17 14:04:39 - INFO - Epoch 19: LR adjusted to 6.64e-06 (base: 2.00e-04)
2026-06-17 14:06:02 - INFO - Epoch: [19][92/1132]	Iter 43199  lr 6.6360018907799e-06  Loss 2.5849 (5.7099)	Batch-Time 0.90 (0.91)	Data 0.007 (0.019)	
2026-06-17 14:07:31 - INFO - Epoch: [19][192/1132]	Iter 43399  lr 6.6360018907799e-06  Loss 3.4409 (5.7375)	Batch-Time 0.90 (0.90)	Data 0.007 (0.012)	
2026-06-17 14:09:00 - INFO - Epoch: [19][292/1132]	Iter 43599  lr 6.6360018907799e-06  Loss 3.7081 (5.7506)	Batch-Time 0.86 (0.90)	Data 0.007 (0.010)	
2026-06-17 14:10:30 - INFO - Epoch: [19][392/1132]	Iter 43799  lr 6.6360018907799e-06  Loss 6.0494 (5.7443)	Batch-Time 0.91 (0.90)	Data 0.006 (0.009)	
2026-06-17 14:12:00 - INFO - Epoch: [19][492/1132]	Iter 43999  lr 6.6360018907799e-06  Loss 5.2558 (5.6713)	Batch-Time 0.88 (0.90)	Data 0.006 (0.009)	
2026-06-17 14:13:29 - INFO - Epoch: [19][592/1132]	Iter 44199  lr 6.6360018907799e-06  Loss 7.2737 (5.6503)	Batch-Time 0.91 (0.90)	Data 0.007 (0.008)	
2026-06-17 14:14:59 - INFO - Epoch: [19][692/1132]	Iter 44399  lr 6.6360018907799e-06  Loss 3.9052 (5.6163)	Batch-Time 0.91 (0.90)	Data 0.007 (0.008)	
2026-06-17 14:16:28 - INFO - Epoch: [19][792/1132]	Iter 44599  lr 6.6360018907799e-06  Loss 3.3671 (5.6241)	Batch-Time 0.90 (0.90)	Data 0.007 (0.008)	
2026-06-17 14:17:57 - INFO - Epoch: [19][892/1132]	Iter 44799  lr 6.6360018907799e-06  Loss 4.2878 (5.6399)	Batch-Time 0.89 (0.90)	Data 0.006 (0.008)	
2026-06-17 14:19:26 - INFO - Epoch: [19][992/1132]	Iter 44999  lr 6.6360018907799e-06  Loss 10.6224 (5.6859)	Batch-Time 0.90 (0.89)	Data 0.007 (0.007)	
2026-06-17 14:20:56 - INFO - Epoch: [19][1092/1132]	Iter 45199  lr 6.6360018907799e-06  Loss 5.1784 (5.7017)	Batch-Time 0.88 (0.89)	Data 0.006 (0.007)	
2026-06-17 14:21:33 - INFO - Test: [0/40]		Batch-Time 1.898 (1.898)	
2026-06-17 14:21:46 - INFO - calculate similarity time: 0.687
2026-06-17 14:21:47 - INFO - Image to text (R@1, R@5, R@10): 89.3, 99.1, 99.8
2026-06-17 14:21:47 - INFO - Text to image (R@1, R@5, R@10): 76.4, 93.7, 97.0
2026-06-17 14:21:47 - INFO - Current rsum is 555.3
2026-06-17 14:21:47 - INFO - Epoch: [19], Best rsum: 555.3 

2026-06-17 14:21:48 - INFO - Epoch 20: LR adjusted to 5.75e-06 (base: 2.00e-04)
2026-06-17 14:22:43 - INFO - Epoch: [20][60/1132]	Iter 45399  lr 5.750000000000002e-06  Loss 5.0686 (5.2274)	Batch-Time 0.87 (0.92)	Data 0.005 (0.026)	
2026-06-17 14:24:12 - INFO - Epoch: [20][160/1132]	Iter 45599  lr 5.750000000000002e-06  Loss 7.9660 (5.4653)	Batch-Time 0.90 (0.90)	Data 0.006 (0.014)	
2026-06-17 14:25:42 - INFO - Epoch: [20][260/1132]	Iter 45799  lr 5.750000000000002e-06  Loss 3.5535 (5.4980)	Batch-Time 0.92 (0.90)	Data 0.006 (0.011)	
2026-06-17 14:27:11 - INFO - Epoch: [20][360/1132]	Iter 45999  lr 5.750000000000002e-06  Loss 5.3196 (5.4335)	Batch-Time 0.89 (0.90)	Data 0.005 (0.009)	
2026-06-17 14:28:41 - INFO - Epoch: [20][460/1132]	Iter 46199  lr 5.750000000000002e-06  Loss 4.7696 (5.4383)	Batch-Time 0.89 (0.90)	Data 0.006 (0.009)	
2026-06-17 14:30:10 - INFO - Epoch: [20][560/1132]	Iter 46399  lr 5.750000000000002e-06  Loss 3.7652 (5.4307)	Batch-Time 0.88 (0.90)	Data 0.007 (0.008)	
2026-06-17 14:31:39 - INFO - Epoch: [20][660/1132]	Iter 46599  lr 5.750000000000002e-06  Loss 5.8683 (5.4103)	Batch-Time 0.89 (0.90)	Data 0.006 (0.008)	
2026-06-17 14:33:08 - INFO - Epoch: [20][760/1132]	Iter 46799  lr 5.750000000000002e-06  Loss 3.7609 (5.4749)	Batch-Time 0.90 (0.89)	Data 0.005 (0.008)	
2026-06-17 14:34:37 - INFO - Epoch: [20][860/1132]	Iter 46999  lr 5.750000000000002e-06  Loss 4.5065 (5.4712)	Batch-Time 0.88 (0.89)	Data 0.007 (0.008)	
2026-06-17 14:36:07 - INFO - Epoch: [20][960/1132]	Iter 47199  lr 5.750000000000002e-06  Loss 4.4517 (5.4960)	Batch-Time 0.89 (0.89)	Data 0.006 (0.007)	
2026-06-17 14:37:36 - INFO - Epoch: [20][1060/1132]	Iter 47399  lr 5.750000000000002e-06  Loss 7.5487 (5.4833)	Batch-Time 0.93 (0.89)	Data 0.007 (0.007)	
2026-06-17 14:38:41 - INFO - Test: [0/40]		Batch-Time 1.769 (1.769)	
2026-06-17 14:38:54 - INFO - calculate similarity time: 0.596
2026-06-17 14:38:54 - INFO - Image to text (R@1, R@5, R@10): 88.8, 99.3, 99.7
2026-06-17 14:38:55 - INFO - Text to image (R@1, R@5, R@10): 76.1, 93.9, 96.8
2026-06-17 14:38:55 - INFO - Current rsum is 554.6
2026-06-17 14:38:55 - INFO - Epoch: [20], Best rsum: 555.3 

2026-06-17 14:38:55 - INFO - Epoch 21: LR adjusted to 4.92e-06 (base: 2.00e-04)
2026-06-17 14:39:21 - INFO - Epoch: [21][28/1132]	Iter 47599  lr 4.916040103221506e-06  Loss 5.4141 (5.3749)	Batch-Time 0.85 (0.93)	Data 0.007 (0.053)	
2026-06-17 14:40:50 - INFO - Epoch: [21][128/1132]	Iter 47799  lr 4.916040103221506e-06  Loss 4.7636 (5.1391)	Batch-Time 0.92 (0.90)	Data 0.007 (0.017)	
2026-06-17 14:42:19 - INFO - Epoch: [21][228/1132]	Iter 47999  lr 4.916040103221506e-06  Loss 5.7411 (5.1192)	Batch-Time 0.85 (0.90)	Data 0.007 (0.012)	
2026-06-17 14:43:48 - INFO - Epoch: [21][328/1132]	Iter 48199  lr 4.916040103221506e-06  Loss 4.9697 (5.2575)	Batch-Time 0.90 (0.90)	Data 0.007 (0.010)	
2026-06-17 14:45:18 - INFO - Epoch: [21][428/1132]	Iter 48399  lr 4.916040103221506e-06  Loss 4.1378 (5.2420)	Batch-Time 0.90 (0.90)	Data 0.006 (0.009)	
2026-06-17 14:46:47 - INFO - Epoch: [21][528/1132]	Iter 48599  lr 4.916040103221506e-06  Loss 7.8484 (5.2675)	Batch-Time 0.91 (0.90)	Data 0.006 (0.009)	
2026-06-17 14:48:17 - INFO - Epoch: [21][628/1132]	Iter 48799  lr 4.916040103221506e-06  Loss 4.7102 (5.2920)	Batch-Time 0.91 (0.90)	Data 0.006 (0.008)	
2026-06-17 14:49:46 - INFO - Epoch: [21][728/1132]	Iter 48999  lr 4.916040103221506e-06  Loss 4.5291 (5.2833)	Batch-Time 0.86 (0.89)	Data 0.007 (0.008)	
2026-06-17 14:51:15 - INFO - Epoch: [21][828/1132]	Iter 49199  lr 4.916040103221506e-06  Loss 4.7220 (5.2709)	Batch-Time 0.86 (0.89)	Data 0.006 (0.008)	
2026-06-17 14:52:45 - INFO - Epoch: [21][928/1132]	Iter 49399  lr 4.916040103221506e-06  Loss 3.0873 (5.2641)	Batch-Time 0.88 (0.89)	Data 0.007 (0.008)	
2026-06-17 14:54:14 - INFO - Epoch: [21][1028/1132]	Iter 49599  lr 4.916040103221506e-06  Loss 5.0963 (5.2796)	Batch-Time 0.91 (0.89)	Data 0.007 (0.008)	
2026-06-17 14:55:43 - INFO - Epoch: [21][1128/1132]	Iter 49799  lr 4.916040103221506e-06  Loss 9.6299 (5.2906)	Batch-Time 0.85 (0.89)	Data 0.006 (0.007)	
2026-06-17 14:55:49 - INFO - Test: [0/40]		Batch-Time 1.690 (1.690)	
2026-06-17 14:56:02 - INFO - calculate similarity time: 0.990
2026-06-17 14:56:02 - INFO - Image to text (R@1, R@5, R@10): 89.5, 99.5, 99.8
2026-06-17 14:56:02 - INFO - Text to image (R@1, R@5, R@10): 76.6, 94.2, 97.0
2026-06-17 14:56:02 - INFO - Current rsum is 556.6
2026-06-17 14:56:02 - INFO - Epoch: [21], Best rsum: 556.6 

2026-06-17 14:56:04 - INFO - Epoch 22: LR adjusted to 4.14e-06 (base: 2.00e-04)
2026-06-17 14:57:31 - INFO - Epoch: [22][96/1132]	Iter 49999  lr 4.14325923959085e-06  Loss 3.2583 (5.1446)	Batch-Time 0.89 (0.91)	Data 0.006 (0.021)	
2026-06-17 14:59:00 - INFO - Epoch: [22][196/1132]	Iter 50199  lr 4.14325923959085e-06  Loss 5.9046 (5.1573)	Batch-Time 0.85 (0.90)	Data 0.007 (0.013)	
2026-06-17 15:00:30 - INFO - Epoch: [22][296/1132]	Iter 50399  lr 4.14325923959085e-06  Loss 1.4644 (5.0492)	Batch-Time 0.93 (0.90)	Data 0.006 (0.011)	
2026-06-17 15:01:59 - INFO - Epoch: [22][396/1132]	Iter 50599  lr 4.14325923959085e-06  Loss 6.9066 (5.0730)	Batch-Time 0.89 (0.90)	Data 0.006 (0.010)	
2026-06-17 15:03:28 - INFO - Epoch: [22][496/1132]	Iter 50799  lr 4.14325923959085e-06  Loss 7.0398 (5.0532)	Batch-Time 0.90 (0.90)	Data 0.007 (0.009)	
2026-06-17 15:04:57 - INFO - Epoch: [22][596/1132]	Iter 50999  lr 4.14325923959085e-06  Loss 5.6910 (5.0059)	Batch-Time 0.89 (0.89)	Data 0.007 (0.009)	
2026-06-17 15:06:27 - INFO - Epoch: [22][696/1132]	Iter 51199  lr 4.14325923959085e-06  Loss 5.4221 (4.9932)	Batch-Time 0.90 (0.89)	Data 0.007 (0.008)	
2026-06-17 15:07:56 - INFO - Epoch: [22][796/1132]	Iter 51399  lr 4.14325923959085e-06  Loss 2.8286 (5.0302)	Batch-Time 0.91 (0.90)	Data 0.007 (0.008)	
2026-06-17 15:09:26 - INFO - Epoch: [22][896/1132]	Iter 51599  lr 4.14325923959085e-06  Loss 4.5750 (5.0449)	Batch-Time 0.91 (0.90)	Data 0.007 (0.008)	
2026-06-17 15:10:56 - INFO - Epoch: [22][996/1132]	Iter 51799  lr 4.14325923959085e-06  Loss 4.8578 (5.0615)	Batch-Time 0.91 (0.90)	Data 0.007 (0.008)	
2026-06-17 15:12:25 - INFO - Epoch: [22][1096/1132]	Iter 51999  lr 4.14325923959085e-06  Loss 3.8998 (5.0545)	Batch-Time 0.85 (0.90)	Data 0.007 (0.008)	
2026-06-17 15:12:59 - INFO - Test: [0/40]		Batch-Time 1.673 (1.673)	
2026-06-17 15:13:12 - INFO - calculate similarity time: 0.490
2026-06-17 15:13:12 - INFO - Image to text (R@1, R@5, R@10): 89.5, 99.0, 99.7
2026-06-17 15:13:12 - INFO - Text to image (R@1, R@5, R@10): 75.9, 93.9, 97.0
2026-06-17 15:13:12 - INFO - Current rsum is 555.1
2026-06-17 15:13:12 - INFO - Epoch: [22], Best rsum: 556.6 

2026-06-17 15:13:12 - INFO - Epoch 23: LR adjusted to 3.44e-06 (base: 2.00e-04)
2026-06-17 15:14:10 - INFO - Epoch: [23][64/1132]	Iter 52199  lr 3.4401241579647533e-06  Loss 4.9297 (4.8264)	Batch-Time 0.87 (0.92)	Data 0.007 (0.027)	
2026-06-17 15:15:40 - INFO - Epoch: [23][164/1132]	Iter 52399  lr 3.4401241579647533e-06  Loss 3.5003 (4.9675)	Batch-Time 0.89 (0.91)	Data 0.007 (0.015)	
2026-06-17 15:17:10 - INFO - Epoch: [23][264/1132]	Iter 52599  lr 3.4401241579647533e-06  Loss 1.7409 (4.8795)	Batch-Time 0.91 (0.90)	Data 0.007 (0.012)	
2026-06-17 15:18:39 - INFO - Epoch: [23][364/1132]	Iter 52799  lr 3.4401241579647533e-06  Loss 2.3886 (4.9124)	Batch-Time 0.87 (0.90)	Data 0.006 (0.010)	
2026-06-17 15:20:08 - INFO - Epoch: [23][464/1132]	Iter 52999  lr 3.4401241579647533e-06  Loss 4.0334 (4.9822)	Batch-Time 0.85 (0.90)	Data 0.006 (0.009)	
2026-06-17 15:21:37 - INFO - Epoch: [23][564/1132]	Iter 53199  lr 3.4401241579647533e-06  Loss 2.2493 (4.9662)	Batch-Time 0.92 (0.90)	Data 0.007 (0.009)	
2026-06-17 15:23:06 - INFO - Epoch: [23][664/1132]	Iter 53399  lr 3.4401241579647533e-06  Loss 3.0962 (4.9966)	Batch-Time 0.92 (0.89)	Data 0.005 (0.008)	
2026-06-17 15:24:35 - INFO - Epoch: [23][764/1132]	Iter 53599  lr 3.4401241579647533e-06  Loss 4.9364 (5.0211)	Batch-Time 0.92 (0.89)	Data 0.007 (0.008)	
2026-06-17 15:26:04 - INFO - Epoch: [23][864/1132]	Iter 53799  lr 3.4401241579647533e-06  Loss 5.1115 (4.9986)	Batch-Time 0.88 (0.89)	Data 0.006 (0.008)	
2026-06-17 15:27:33 - INFO - Epoch: [23][964/1132]	Iter 53999  lr 3.4401241579647533e-06  Loss 3.3031 (4.9826)	Batch-Time 0.90 (0.89)	Data 0.007 (0.008)	
2026-06-17 15:29:02 - INFO - Epoch: [23][1064/1132]	Iter 54199  lr 3.4401241579647533e-06  Loss 7.6679 (4.9722)	Batch-Time 0.91 (0.89)	Data 0.007 (0.008)	
2026-06-17 15:30:05 - INFO - Test: [0/40]		Batch-Time 1.892 (1.892)	
2026-06-17 15:30:18 - INFO - calculate similarity time: 0.789
2026-06-17 15:30:18 - INFO - Image to text (R@1, R@5, R@10): 88.8, 99.3, 99.8
2026-06-17 15:30:18 - INFO - Text to image (R@1, R@5, R@10): 76.3, 94.1, 96.9
2026-06-17 15:30:18 - INFO - Current rsum is 555.1
2026-06-17 15:30:18 - INFO - Epoch: [23], Best rsum: 556.6 

2026-06-17 15:30:18 - INFO - Epoch 24: LR adjusted to 2.81e-06 (base: 2.00e-04)
2026-06-17 15:30:48 - INFO - Epoch: [24][32/1132]	Iter 54399  lr 2.8143385534380006e-06  Loss 4.5458 (4.8068)	Batch-Time 0.93 (0.94)	Data 0.007 (0.047)	
2026-06-17 15:32:17 - INFO - Epoch: [24][132/1132]	Iter 54599  lr 2.8143385534380006e-06  Loss 6.8322 (4.7952)	Batch-Time 0.89 (0.90)	Data 0.005 (0.016)	
2026-06-17 15:33:46 - INFO - Epoch: [24][232/1132]	Iter 54799  lr 2.8143385534380006e-06  Loss 5.6385 (4.8460)	Batch-Time 0.90 (0.90)	Data 0.002 (0.012)	
2026-06-17 15:35:16 - INFO - Epoch: [24][332/1132]	Iter 54999  lr 2.8143385534380006e-06  Loss 3.1196 (4.7784)	Batch-Time 0.88 (0.90)	Data 0.007 (0.010)	
2026-06-17 15:36:45 - INFO - Epoch: [24][432/1132]	Iter 55199  lr 2.8143385534380006e-06  Loss 8.3144 (4.7331)	Batch-Time 0.89 (0.90)	Data 0.007 (0.009)	
2026-06-17 15:38:15 - INFO - Epoch: [24][532/1132]	Iter 55399  lr 2.8143385534380006e-06  Loss 2.9619 (4.7760)	Batch-Time 0.90 (0.90)	Data 0.007 (0.009)	
2026-06-17 15:39:45 - INFO - Epoch: [24][632/1132]	Iter 55599  lr 2.8143385534380006e-06  Loss 2.8203 (4.7811)	Batch-Time 0.90 (0.90)	Data 0.007 (0.009)	
2026-06-17 15:41:15 - INFO - Epoch: [24][732/1132]	Iter 55799  lr 2.8143385534380006e-06  Loss 3.1879 (4.7991)	Batch-Time 0.90 (0.90)	Data 0.006 (0.008)	
2026-06-17 15:42:44 - INFO - Epoch: [24][832/1132]	Iter 55999  lr 2.8143385534380006e-06  Loss 6.2283 (4.7753)	Batch-Time 0.88 (0.90)	Data 0.004 (0.008)	
2026-06-17 15:44:13 - INFO - Epoch: [24][932/1132]	Iter 56199  lr 2.8143385534380006e-06  Loss 3.7136 (4.7517)	Batch-Time 0.93 (0.90)	Data 0.007 (0.008)	
2026-06-17 15:45:42 - INFO - Epoch: [24][1032/1132]	Iter 56399  lr 2.8143385534380006e-06  Loss 3.9645 (4.7274)	Batch-Time 0.88 (0.90)	Data 0.003 (0.008)	
2026-06-17 15:47:12 - INFO - Epoch: [24][1132/1132]	Iter 56599  lr 2.8143385534380006e-06  Loss 8.3984 (4.7228)	Batch-Time 0.88 (0.90)	Data 0.006 (0.008)	
2026-06-17 15:47:14 - INFO - Test: [0/40]		Batch-Time 1.793 (1.793)	
2026-06-17 15:47:27 - INFO - calculate similarity time: 0.791
2026-06-17 15:47:27 - INFO - Image to text (R@1, R@5, R@10): 89.0, 99.3, 99.8
2026-06-17 15:47:27 - INFO - Text to image (R@1, R@5, R@10): 76.5, 94.1, 96.9
2026-06-17 15:47:27 - INFO - Current rsum is 555.7
2026-06-17 15:47:27 - INFO - Epoch: [24], Best rsum: 556.6 

2026-06-17 15:47:27 - INFO - Epoch 25: LR adjusted to 2.27e-06 (base: 2.00e-04)
2026-06-17 15:48:57 - INFO - Epoch: [25][100/1132]	Iter 56799  lr 2.2727586640478324e-06  Loss 3.7251 (4.5749)	Batch-Time 0.86 (0.90)	Data 0.007 (0.020)	
2026-06-17 15:50:26 - INFO - Epoch: [25][200/1132]	Iter 56999  lr 2.2727586640478324e-06  Loss 5.4069 (4.5894)	Batch-Time 0.86 (0.90)	Data 0.006 (0.013)	
2026-06-17 15:51:55 - INFO - Epoch: [25][300/1132]	Iter 57199  lr 2.2727586640478324e-06  Loss 8.4298 (4.6287)	Batch-Time 0.86 (0.89)	Data 0.007 (0.011)	
2026-06-17 15:53:24 - INFO - Epoch: [25][400/1132]	Iter 57399  lr 2.2727586640478324e-06  Loss 3.6790 (4.5809)	Batch-Time 0.86 (0.89)	Data 0.007 (0.010)	
2026-06-17 15:54:54 - INFO - Epoch: [25][500/1132]	Iter 57599  lr 2.2727586640478324e-06  Loss 4.1838 (4.5800)	Batch-Time 0.87 (0.89)	Data 0.006 (0.009)	
2026-06-17 15:56:23 - INFO - Epoch: [25][600/1132]	Iter 57799  lr 2.2727586640478324e-06  Loss 3.9547 (4.5504)	Batch-Time 0.92 (0.89)	Data 0.007 (0.009)	
2026-06-17 15:57:52 - INFO - Epoch: [25][700/1132]	Iter 57999  lr 2.2727586640478324e-06  Loss 5.8400 (4.5894)	Batch-Time 0.91 (0.89)	Data 0.007 (0.008)	
2026-06-17 15:59:21 - INFO - Epoch: [25][800/1132]	Iter 58199  lr 2.2727586640478324e-06  Loss 4.5953 (4.5695)	Batch-Time 0.91 (0.89)	Data 0.007 (0.008)	
2026-06-17 16:00:51 - INFO - Epoch: [25][900/1132]	Iter 58399  lr 2.2727586640478324e-06  Loss 5.4939 (4.5515)	Batch-Time 0.85 (0.89)	Data 0.007 (0.008)	
2026-06-17 16:02:20 - INFO - Epoch: [25][1000/1132]	Iter 58599  lr 2.2727586640478324e-06  Loss 4.4864 (4.5563)	Batch-Time 0.90 (0.89)	Data 0.004 (0.008)	
2026-06-17 16:03:50 - INFO - Epoch: [25][1100/1132]	Iter 58799  lr 2.2727586640478324e-06  Loss 2.2131 (4.5662)	Batch-Time 0.86 (0.89)	Data 0.007 (0.008)	
2026-06-17 16:04:21 - INFO - Test: [0/40]		Batch-Time 1.785 (1.785)	
2026-06-17 16:04:34 - INFO - calculate similarity time: 0.700
2026-06-17 16:04:34 - INFO - Image to text (R@1, R@5, R@10): 89.1, 99.1, 99.7
2026-06-17 16:04:34 - INFO - Text to image (R@1, R@5, R@10): 76.5, 94.2, 97.1
2026-06-17 16:04:34 - INFO - Current rsum is 555.6
2026-06-17 16:04:34 - INFO - Epoch: [25], Best rsum: 556.6 

2026-06-17 16:04:34 - INFO - Epoch 26: LR adjusted to 1.82e-06 (base: 2.00e-04)
2026-06-17 16:05:36 - INFO - Epoch: [26][68/1132]	Iter 58999  lr 1.8213181523952908e-06  Loss 5.9538 (4.5764)	Batch-Time 0.89 (0.91)	Data 0.006 (0.027)	
2026-06-17 16:07:06 - INFO - Epoch: [26][168/1132]	Iter 59199  lr 1.8213181523952908e-06  Loss 6.9821 (4.5418)	Batch-Time 0.89 (0.90)	Data 0.007 (0.015)	
2026-06-17 16:08:35 - INFO - Epoch: [26][268/1132]	Iter 59399  lr 1.8213181523952908e-06  Loss 4.9948 (4.6227)	Batch-Time 0.92 (0.90)	Data 0.007 (0.011)	
2026-06-17 16:10:04 - INFO - Epoch: [26][368/1132]	Iter 59599  lr 1.8213181523952908e-06  Loss 3.5894 (4.5959)	Batch-Time 0.86 (0.90)	Data 0.007 (0.010)	
2026-06-17 16:11:34 - INFO - Epoch: [26][468/1132]	Iter 59799  lr 1.8213181523952908e-06  Loss 5.5771 (4.5876)	Batch-Time 0.91 (0.90)	Data 0.006 (0.009)	
2026-06-17 16:13:04 - INFO - Epoch: [26][568/1132]	Iter 59999  lr 1.8213181523952908e-06  Loss 4.5822 (4.6064)	Batch-Time 0.91 (0.90)	Data 0.007 (0.009)	
2026-06-17 16:14:33 - INFO - Epoch: [26][668/1132]	Iter 60199  lr 1.8213181523952908e-06  Loss 4.3732 (4.5846)	Batch-Time 0.88 (0.90)	Data 0.006 (0.008)	
2026-06-17 16:16:02 - INFO - Epoch: [26][768/1132]	Iter 60399  lr 1.8213181523952908e-06  Loss 1.5042 (4.5716)	Batch-Time 0.90 (0.90)	Data 0.007 (0.008)	
2026-06-17 16:17:32 - INFO - Epoch: [26][868/1132]	Iter 60599  lr 1.8213181523952908e-06  Loss 3.0924 (4.5522)	Batch-Time 0.89 (0.90)	Data 0.006 (0.008)	
2026-06-17 16:19:02 - INFO - Epoch: [26][968/1132]	Iter 60799  lr 1.8213181523952908e-06  Loss 2.5065 (4.5372)	Batch-Time 0.91 (0.90)	Data 0.006 (0.008)	
2026-06-17 16:20:31 - INFO - Epoch: [26][1068/1132]	Iter 60999  lr 1.8213181523952908e-06  Loss 4.0196 (4.5206)	Batch-Time 0.90 (0.90)	Data 0.007 (0.008)	
2026-06-17 16:21:30 - INFO - Test: [0/40]		Batch-Time 1.686 (1.686)	
2026-06-17 16:21:43 - INFO - calculate similarity time: 0.717
2026-06-17 16:21:43 - INFO - Image to text (R@1, R@5, R@10): 89.5, 99.2, 99.7
2026-06-17 16:21:43 - INFO - Text to image (R@1, R@5, R@10): 76.9, 94.2, 97.0
2026-06-17 16:21:43 - INFO - Current rsum is 556.4
2026-06-17 16:21:43 - INFO - Epoch: [26], Best rsum: 556.6 

2026-06-17 16:21:43 - INFO - Epoch 27: LR adjusted to 1.46e-06 (base: 2.00e-04)
2026-06-17 16:22:16 - INFO - Epoch: [27][36/1132]	Iter 61199  lr 1.4649630951960416e-06  Loss 4.2088 (4.2330)	Batch-Time 0.90 (0.93)	Data 0.007 (0.044)	
2026-06-17 16:23:45 - INFO - Epoch: [27][136/1132]	Iter 61399  lr 1.4649630951960416e-06  Loss 5.1679 (4.5847)	Batch-Time 0.92 (0.90)	Data 0.006 (0.016)	
2026-06-17 16:25:14 - INFO - Epoch: [27][236/1132]	Iter 61599  lr 1.4649630951960416e-06  Loss 5.0037 (4.5667)	Batch-Time 0.89 (0.90)	Data 0.007 (0.012)	
2026-06-17 16:26:43 - INFO - Epoch: [27][336/1132]	Iter 61799  lr 1.4649630951960416e-06  Loss 5.6737 (4.5942)	Batch-Time 0.94 (0.89)	Data 0.006 (0.010)	
2026-06-17 16:28:13 - INFO - Epoch: [27][436/1132]	Iter 61999  lr 1.4649630951960416e-06  Loss 5.8924 (4.5592)	Batch-Time 0.89 (0.90)	Data 0.007 (0.009)	
2026-06-17 16:29:43 - INFO - Epoch: [27][536/1132]	Iter 62199  lr 1.4649630951960416e-06  Loss 4.5043 (4.4995)	Batch-Time 0.91 (0.90)	Data 0.007 (0.009)	
2026-06-17 16:31:12 - INFO - Epoch: [27][636/1132]	Iter 62399  lr 1.4649630951960416e-06  Loss 4.8708 (4.4733)	Batch-Time 0.92 (0.90)	Data 0.006 (0.008)	
2026-06-17 16:32:42 - INFO - Epoch: [27][736/1132]	Iter 62599  lr 1.4649630951960416e-06  Loss 4.3219 (4.4733)	Batch-Time 0.91 (0.90)	Data 0.007 (0.008)	
2026-06-17 16:34:11 - INFO - Epoch: [27][836/1132]	Iter 62799  lr 1.4649630951960416e-06  Loss 5.7119 (4.4746)	Batch-Time 0.90 (0.90)	Data 0.007 (0.008)	
2026-06-17 16:35:41 - INFO - Epoch: [27][936/1132]	Iter 62999  lr 1.4649630951960416e-06  Loss 4.5181 (4.4904)	Batch-Time 0.91 (0.90)	Data 0.007 (0.008)	
2026-06-17 16:37:11 - INFO - Epoch: [27][1036/1132]	Iter 63199  lr 1.4649630951960416e-06  Loss 5.8663 (4.4585)	Batch-Time 0.90 (0.90)	Data 0.007 (0.008)	
2026-06-17 16:38:38 - INFO - Test: [0/40]		Batch-Time 1.677 (1.677)	
2026-06-17 16:38:51 - INFO - calculate similarity time: 0.480
2026-06-17 16:38:51 - INFO - Image to text (R@1, R@5, R@10): 89.8, 99.1, 99.7
2026-06-17 16:38:51 - INFO - Text to image (R@1, R@5, R@10): 76.9, 94.0, 96.9
2026-06-17 16:38:51 - INFO - Current rsum is 556.4
2026-06-17 16:38:51 - INFO - Epoch: [27], Best rsum: 556.6 

2026-06-17 16:38:51 - INFO - Epoch 28: LR adjusted to 1.21e-06 (base: 2.00e-04)
2026-06-17 16:38:56 - INFO - Epoch: [28][4/1132]	Iter 63399  lr 1.207597793028846e-06  Loss 1.9035 (4.0216)	Batch-Time 0.87 (1.17)	Data 0.001 (0.319)	
2026-06-17 16:40:25 - INFO - Epoch: [28][104/1132]	Iter 63599  lr 1.207597793028846e-06  Loss 2.2647 (4.2886)	Batch-Time 0.89 (0.91)	Data 0.007 (0.019)	
2026-06-17 16:41:55 - INFO - Epoch: [28][204/1132]	Iter 63799  lr 1.207597793028846e-06  Loss 7.4684 (4.4461)	Batch-Time 0.91 (0.90)	Data 0.007 (0.013)	
2026-06-17 16:43:25 - INFO - Epoch: [28][304/1132]	Iter 63999  lr 1.207597793028846e-06  Loss 3.8660 (4.3271)	Batch-Time 0.90 (0.90)	Data 0.007 (0.011)	
2026-06-17 16:44:55 - INFO - Epoch: [28][404/1132]	Iter 64199  lr 1.207597793028846e-06  Loss 5.0912 (4.3409)	Batch-Time 0.89 (0.90)	Data 0.007 (0.010)	
2026-06-17 16:46:25 - INFO - Epoch: [28][504/1132]	Iter 64399  lr 1.207597793028846e-06  Loss 2.9815 (4.3617)	Batch-Time 0.90 (0.90)	Data 0.007 (0.009)	
2026-06-17 16:47:54 - INFO - Epoch: [28][604/1132]	Iter 64599  lr 1.207597793028846e-06  Loss 5.2382 (4.3685)	Batch-Time 0.90 (0.90)	Data 0.007 (0.009)	
2026-06-17 16:49:24 - INFO - Epoch: [28][704/1132]	Iter 64799  lr 1.207597793028846e-06  Loss 1.8145 (4.4292)	Batch-Time 0.88 (0.90)	Data 0.007 (0.008)	
2026-06-17 16:50:54 - INFO - Epoch: [28][804/1132]	Iter 64999  lr 1.207597793028846e-06  Loss 3.9997 (4.4153)	Batch-Time 0.89 (0.90)	Data 0.007 (0.008)	
2026-06-17 16:52:24 - INFO - Epoch: [28][904/1132]	Iter 65199  lr 1.207597793028846e-06  Loss 3.8744 (4.4116)	Batch-Time 0.90 (0.90)	Data 0.007 (0.008)	
2026-06-17 16:53:54 - INFO - Epoch: [28][1004/1132]	Iter 65399  lr 1.207597793028846e-06  Loss 4.3912 (4.4079)	Batch-Time 0.89 (0.90)	Data 0.007 (0.008)	
2026-06-17 16:55:23 - INFO - Epoch: [28][1104/1132]	Iter 65599  lr 1.207597793028846e-06  Loss 1.8889 (4.3796)	Batch-Time 0.88 (0.90)	Data 0.007 (0.008)	
2026-06-17 16:55:50 - INFO - Test: [0/40]		Batch-Time 1.708 (1.708)	
2026-06-17 16:56:03 - INFO - calculate similarity time: 0.498
2026-06-17 16:56:03 - INFO - Image to text (R@1, R@5, R@10): 89.3, 99.1, 99.7
2026-06-17 16:56:03 - INFO - Text to image (R@1, R@5, R@10): 76.9, 94.1, 97.0
2026-06-17 16:56:03 - INFO - Current rsum is 556.1
2026-06-17 16:56:03 - INFO - Epoch: [28], Best rsum: 556.6 

2026-06-17 16:56:03 - INFO - Epoch 29: LR adjusted to 1.05e-06 (base: 2.00e-04)
2026-06-17 16:57:09 - INFO - Epoch: [29][72/1132]	Iter 65799  lr 1.0520419940014037e-06  Loss 6.2929 (4.3514)	Batch-Time 0.90 (0.92)	Data 0.007 (0.026)	
2026-06-17 16:58:39 - INFO - Epoch: [29][172/1132]	Iter 65999  lr 1.0520419940014037e-06  Loss 2.9892 (4.2463)	Batch-Time 0.91 (0.91)	Data 0.007 (0.015)	
2026-06-17 17:00:09 - INFO - Epoch: [29][272/1132]	Iter 66199  lr 1.0520419940014037e-06  Loss 5.8690 (4.3199)	Batch-Time 0.91 (0.90)	Data 0.007 (0.012)	
2026-06-17 17:01:38 - INFO - Epoch: [29][372/1132]	Iter 66399  lr 1.0520419940014037e-06  Loss 6.6749 (4.2901)	Batch-Time 0.90 (0.90)	Data 0.007 (0.010)	
2026-06-17 17:03:08 - INFO - Epoch: [29][472/1132]	Iter 66599  lr 1.0520419940014037e-06  Loss 3.4336 (4.2699)	Batch-Time 0.90 (0.90)	Data 0.007 (0.010)	
2026-06-17 17:04:38 - INFO - Epoch: [29][572/1132]	Iter 66799  lr 1.0520419940014037e-06  Loss 6.5186 (4.2699)	Batch-Time 0.88 (0.90)	Data 0.007 (0.009)	
2026-06-17 17:06:07 - INFO - Epoch: [29][672/1132]	Iter 66999  lr 1.0520419940014037e-06  Loss 6.9917 (4.3404)	Batch-Time 0.86 (0.90)	Data 0.007 (0.009)	
2026-06-17 17:07:35 - INFO - Epoch: [29][772/1132]	Iter 67199  lr 1.0520419940014037e-06  Loss 5.6790 (4.3261)	Batch-Time 0.90 (0.90)	Data 0.007 (0.008)	
2026-06-17 17:09:05 - INFO - Epoch: [29][872/1132]	Iter 67399  lr 1.0520419940014037e-06  Loss 6.6403 (4.3291)	Batch-Time 0.90 (0.90)	Data 0.007 (0.008)	
2026-06-17 17:10:35 - INFO - Epoch: [29][972/1132]	Iter 67599  lr 1.0520419940014037e-06  Loss 3.2749 (4.3314)	Batch-Time 0.90 (0.90)	Data 0.006 (0.008)	
2026-06-17 17:12:05 - INFO - Epoch: [29][1072/1132]	Iter 67799  lr 1.0520419940014037e-06  Loss 6.9506 (4.3285)	Batch-Time 0.88 (0.90)	Data 0.007 (0.008)	
2026-06-17 17:13:01 - INFO - Test: [0/40]		Batch-Time 1.893 (1.893)	
2026-06-17 17:13:13 - INFO - calculate similarity time: 0.494
2026-06-17 17:13:13 - INFO - Image to text (R@1, R@5, R@10): 89.9, 99.2, 99.7
2026-06-17 17:13:13 - INFO - Text to image (R@1, R@5, R@10): 77.0, 94.1, 96.9
2026-06-17 17:13:13 - INFO - Current rsum is 556.8
2026-06-17 17:13:13 - INFO - Epoch: [29], Best rsum: 556.8 

